1688446214.840538 2023-07-03 23:50:14 MainProcess-77890 MainThread-4583593472 parsl.dataflow.dflow:87 __init__ DEBUG: Starting DataFlowKernel with config
Config(
    app_cache=True, 
    checkpoint_files=None, 
    checkpoint_mode=None, 
    checkpoint_period=None, 
    executors=[ThreadPoolExecutor(
        label='threads', 
        managed=True, 
        max_threads=8, 
        storage_access=None, 
        thread_name_prefix='', 
        working_dir=None
    )], 
    garbage_collect=True, 
    initialize_logging=True, 
    internal_tasks_max_threads=10, 
    max_idletime=120.0, 
    monitoring=None, 
    retries=0, 
    retry_handler=None, 
    run_dir='runinfo', 
    strategy='simple', 
    usage_tracking=False
)
1688446214.840874 2023-07-03 23:50:14 MainProcess-77890 MainThread-4583593472 parsl.dataflow.dflow:89 __init__ INFO: Parsl version: 1.3.0dev1
1688446214.841020 2023-07-03 23:50:14 MainProcess-77890 MainThread-4583593472 parsl.dataflow.usage_tracking.usage:129 __init__ DEBUG: Tracking status: False
1688446214.841234 2023-07-03 23:50:14 MainProcess-77890 MainThread-4583593472 parsl.dataflow.dflow:115 __init__ INFO: Run id is: 7e68cf90-78de-4867-bf6e-9589a5e4a556
1688446214.964104 2023-07-03 23:50:14 MainProcess-77890 MainThread-4583593472 parsl.dataflow.dflow:122 __init__ DEBUG: Considering candidate for workflow name: /Library/Frameworks/Python.framework/Versions/3.9/lib/python3.9/site-packages/parsl/dataflow/dflow.py
1688446214.964217 2023-07-03 23:50:14 MainProcess-77890 MainThread-4583593472 parsl.dataflow.dflow:122 __init__ DEBUG: Considering candidate for workflow name: /Library/Frameworks/Python.framework/Versions/3.9/lib/python3.9/site-packages/parsl/dataflow/dflow.py
1688446214.964272 2023-07-03 23:50:14 MainProcess-77890 MainThread-4583593472 parsl.dataflow.dflow:122 __init__ DEBUG: Considering candidate for workflow name: /Library/Frameworks/Python.framework/Versions/3.9/lib/python3.9/site-packages/typeguard/__init__.py
1688446214.964319 2023-07-03 23:50:14 MainProcess-77890 MainThread-4583593472 parsl.dataflow.dflow:122 __init__ DEBUG: Considering candidate for workflow name: /Users/vedkommalapati/Desktop/funcXVisualize/main.py
1688446214.964365 2023-07-03 23:50:14 MainProcess-77890 MainThread-4583593472 parsl.dataflow.dflow:128 __init__ DEBUG: Using main.py as workflow name
1688446214.964564 2023-07-03 23:50:14 MainProcess-77890 MainThread-4583593472 parsl.dataflow.memoization:174 __init__ INFO: App caching initialized
1688446214.964638 2023-07-03 23:50:14 MainProcess-77890 MainThread-4583593472 parsl.dataflow.strategy:127 __init__ DEBUG: Scaling strategy: simple
1688446215.970051 2023-07-03 23:50:15 MainProcess-77890 FlowControl-Thread-123145551908864 parsl.dataflow.strategy:166 _general_strategy DEBUG: general strategy starting with strategy_type simple for 0 executors
1688446215.970887 2023-07-03 23:50:15 MainProcess-77890 FlowControl-Thread-123145551908864 parsl.process_loggers:28 wrapped DEBUG: Normal ending for _general_strategy on thread FlowControl-Thread
1688446218.528074 2023-07-03 23:50:18 MainProcess-77890 Thread-1-123145568698368 parsl.dataflow.dflow:850 submit DEBUG: Task 0 will be sent to executor threads
1688446218.528284 2023-07-03 23:50:18 MainProcess-77890 Thread-1-123145568698368 parsl.dataflow.dflow:676 _add_output_deps DEBUG: Adding output dependencies
1688446218.528372 2023-07-03 23:50:18 MainProcess-77890 Thread-1-123145568698368 parsl.dataflow.dflow:930 submit INFO: Task 0 submitted for App execute_query, not waiting on any dependency
1688446218.528452 2023-07-03 23:50:18 MainProcess-77890 Thread-1-123145568698368 parsl.dataflow.dflow:938 submit DEBUG: Task 0 set to pending state with AppFuture: <AppFuture at 0x7fb5bdf999a0 state=pending>
1688446218.528539 2023-07-03 23:50:18 MainProcess-77890 Thread-1-123145568698368 parsl.dataflow.memoization:237 check_memo DEBUG: Task 0 will not be memoized
1688446218.535667 2023-07-03 23:50:18 MainProcess-77890 Thread-1-123145568698368 parsl.dataflow.dflow:639 launch_task INFO: Parsl task 0 try 0 launched on executor threads
1688446218.535853 2023-07-03 23:50:18 MainProcess-77890 Thread-1-123145568698368 parsl.dataflow.dflow:850 submit DEBUG: Task 1 will be sent to executor threads
1688446218.535999 2023-07-03 23:50:18 MainProcess-77890 Thread-1-123145568698368 parsl.dataflow.dflow:676 _add_output_deps DEBUG: Adding output dependencies
1688446218.536075 2023-07-03 23:50:18 MainProcess-77890 Thread-1-123145568698368 parsl.dataflow.dflow:930 submit INFO: Task 1 submitted for App execute_query, not waiting on any dependency
1688446218.536150 2023-07-03 23:50:18 MainProcess-77890 Thread-1-123145568698368 parsl.dataflow.dflow:938 submit DEBUG: Task 1 set to pending state with AppFuture: <AppFuture at 0x7fb5bdfae700 state=pending>
1688446218.536223 2023-07-03 23:50:18 MainProcess-77890 Thread-1-123145568698368 parsl.dataflow.memoization:237 check_memo DEBUG: Task 1 will not be memoized
1688446218.539820 2023-07-03 23:50:18 MainProcess-77890 Thread-1-123145568698368 parsl.dataflow.dflow:639 launch_task INFO: Parsl task 1 try 0 launched on executor threads
1688446218.539984 2023-07-03 23:50:18 MainProcess-77890 Thread-1-123145568698368 parsl.dataflow.dflow:462 _complete_task INFO: Task 1 completed (launched -> exec_done)
1688446218.540437 2023-07-03 23:50:18 MainProcess-77890 Thread-1-123145568698368 parsl.dataflow.dflow:850 submit DEBUG: Task 2 will be sent to executor threads
1688446218.540577 2023-07-03 23:50:18 MainProcess-77890 Thread-1-123145568698368 parsl.dataflow.dflow:676 _add_output_deps DEBUG: Adding output dependencies
1688446218.540651 2023-07-03 23:50:18 MainProcess-77890 Thread-1-123145568698368 parsl.dataflow.dflow:930 submit INFO: Task 2 submitted for App execute_query, not waiting on any dependency
1688446218.540723 2023-07-03 23:50:18 MainProcess-77890 Thread-1-123145568698368 parsl.dataflow.dflow:938 submit DEBUG: Task 2 set to pending state with AppFuture: <AppFuture at 0x7fb5bdfaed90 state=pending>
1688446218.540790 2023-07-03 23:50:18 MainProcess-77890 Thread-1-123145568698368 parsl.dataflow.memoization:237 check_memo DEBUG: Task 2 will not be memoized
1688446218.540873 2023-07-03 23:50:18 MainProcess-77890 Thread-1-123145568698368 parsl.dataflow.dflow:639 launch_task INFO: Parsl task 2 try 0 launched on executor threads
1688446218.540949 2023-07-03 23:50:18 MainProcess-77890 Thread-1-123145568698368 parsl.dataflow.dflow:850 submit DEBUG: Task 3 will be sent to executor threads
1688446218.541030 2023-07-03 23:50:18 MainProcess-77890 Thread-1-123145568698368 parsl.dataflow.dflow:676 _add_output_deps DEBUG: Adding output dependencies
1688446218.541095 2023-07-03 23:50:18 MainProcess-77890 Thread-1-123145568698368 parsl.dataflow.dflow:930 submit INFO: Task 3 submitted for App execute_query, not waiting on any dependency
1688446218.542256 2023-07-03 23:50:18 MainProcess-77890 Thread-1-123145568698368 parsl.dataflow.dflow:938 submit DEBUG: Task 3 set to pending state with AppFuture: <AppFuture at 0x7fb5bdfaefa0 state=pending>
1688446218.542708 2023-07-03 23:50:18 MainProcess-77890 Thread-1-123145568698368 parsl.dataflow.memoization:237 check_memo DEBUG: Task 3 will not be memoized
1688446218.544112 2023-07-03 23:50:18 MainProcess-77890 Thread-1-123145568698368 parsl.dataflow.dflow:639 launch_task INFO: Parsl task 3 try 0 launched on executor threads
1688446218.544259 2023-07-03 23:50:18 MainProcess-77890 Thread-1-123145568698368 parsl.dataflow.dflow:850 submit DEBUG: Task 4 will be sent to executor threads
1688446218.544356 2023-07-03 23:50:18 MainProcess-77890 Thread-1-123145568698368 parsl.dataflow.dflow:676 _add_output_deps DEBUG: Adding output dependencies
1688446218.544425 2023-07-03 23:50:18 MainProcess-77890 Thread-1-123145568698368 parsl.dataflow.dflow:930 submit INFO: Task 4 submitted for App execute_query, not waiting on any dependency
1688446218.544495 2023-07-03 23:50:18 MainProcess-77890 Thread-1-123145568698368 parsl.dataflow.dflow:938 submit DEBUG: Task 4 set to pending state with AppFuture: <AppFuture at 0x7fb5bdfbb5e0 state=pending>
1688446218.544562 2023-07-03 23:50:18 MainProcess-77890 Thread-1-123145568698368 parsl.dataflow.memoization:237 check_memo DEBUG: Task 4 will not be memoized
1688446218.553326 2023-07-03 23:50:18 MainProcess-77890 Thread-1-123145568698368 parsl.dataflow.dflow:639 launch_task INFO: Parsl task 4 try 0 launched on executor threads
1688446218.553486 2023-07-03 23:50:18 MainProcess-77890 Thread-1-123145568698368 parsl.dataflow.dflow:850 submit DEBUG: Task 5 will be sent to executor threads
1688446218.553582 2023-07-03 23:50:18 MainProcess-77890 Thread-1-123145568698368 parsl.dataflow.dflow:676 _add_output_deps DEBUG: Adding output dependencies
1688446218.553651 2023-07-03 23:50:18 MainProcess-77890 Thread-1-123145568698368 parsl.dataflow.dflow:930 submit INFO: Task 5 submitted for App execute_query, not waiting on any dependency
1688446218.553725 2023-07-03 23:50:18 MainProcess-77890 Thread-1-123145568698368 parsl.dataflow.dflow:938 submit DEBUG: Task 5 set to pending state with AppFuture: <AppFuture at 0x7fb5bdfbbc40 state=pending>
1688446218.553793 2023-07-03 23:50:18 MainProcess-77890 Thread-1-123145568698368 parsl.dataflow.memoization:237 check_memo DEBUG: Task 5 will not be memoized
1688446218.562664 2023-07-03 23:50:18 MainProcess-77890 Thread-1-123145568698368 parsl.dataflow.dflow:639 launch_task INFO: Parsl task 5 try 0 launched on executor threads
1688446218.562837 2023-07-03 23:50:18 MainProcess-77890 Thread-1-123145568698368 parsl.dataflow.dflow:850 submit DEBUG: Task 6 will be sent to executor threads
1688446218.562933 2023-07-03 23:50:18 MainProcess-77890 Thread-1-123145568698368 parsl.dataflow.dflow:676 _add_output_deps DEBUG: Adding output dependencies
1688446218.563003 2023-07-03 23:50:18 MainProcess-77890 Thread-1-123145568698368 parsl.dataflow.dflow:930 submit INFO: Task 6 submitted for App execute_query, not waiting on any dependency
1688446218.563074 2023-07-03 23:50:18 MainProcess-77890 Thread-1-123145568698368 parsl.dataflow.dflow:938 submit DEBUG: Task 6 set to pending state with AppFuture: <AppFuture at 0x7fb5bf039280 state=pending>
1688446218.563142 2023-07-03 23:50:18 MainProcess-77890 Thread-1-123145568698368 parsl.dataflow.memoization:237 check_memo DEBUG: Task 6 will not be memoized
1688446218.574233 2023-07-03 23:50:18 MainProcess-77890 Thread-1-123145568698368 parsl.dataflow.dflow:639 launch_task INFO: Parsl task 6 try 0 launched on executor threads
1688446218.574407 2023-07-03 23:50:18 MainProcess-77890 Thread-1-123145568698368 parsl.dataflow.dflow:850 submit DEBUG: Task 7 will be sent to executor threads
1688446218.574505 2023-07-03 23:50:18 MainProcess-77890 Thread-1-123145568698368 parsl.dataflow.dflow:676 _add_output_deps DEBUG: Adding output dependencies
1688446218.574574 2023-07-03 23:50:18 MainProcess-77890 Thread-1-123145568698368 parsl.dataflow.dflow:930 submit INFO: Task 7 submitted for App execute_query, not waiting on any dependency
1688446218.574676 2023-07-03 23:50:18 MainProcess-77890 Thread-1-123145568698368 parsl.dataflow.dflow:938 submit DEBUG: Task 7 set to pending state with AppFuture: <AppFuture at 0x7fb5bf039880 state=pending>
1688446218.574746 2023-07-03 23:50:18 MainProcess-77890 Thread-1-123145568698368 parsl.dataflow.memoization:237 check_memo DEBUG: Task 7 will not be memoized
1688446218.586241 2023-07-03 23:50:18 MainProcess-77890 Thread-1-123145568698368 parsl.dataflow.dflow:639 launch_task INFO: Parsl task 7 try 0 launched on executor threads
1688446218.586415 2023-07-03 23:50:18 MainProcess-77890 Thread-1-123145568698368 parsl.dataflow.dflow:850 submit DEBUG: Task 8 will be sent to executor threads
1688446218.586518 2023-07-03 23:50:18 MainProcess-77890 Thread-1-123145568698368 parsl.dataflow.dflow:676 _add_output_deps DEBUG: Adding output dependencies
1688446218.586589 2023-07-03 23:50:18 MainProcess-77890 Thread-1-123145568698368 parsl.dataflow.dflow:930 submit INFO: Task 8 submitted for App execute_query, not waiting on any dependency
1688446218.586659 2023-07-03 23:50:18 MainProcess-77890 Thread-1-123145568698368 parsl.dataflow.dflow:938 submit DEBUG: Task 8 set to pending state with AppFuture: <AppFuture at 0x7fb5bf039e80 state=pending>
1688446218.586728 2023-07-03 23:50:18 MainProcess-77890 Thread-1-123145568698368 parsl.dataflow.memoization:237 check_memo DEBUG: Task 8 will not be memoized
1688446218.693676 2023-07-03 23:50:18 MainProcess-77890 Thread-1-123145568698368 parsl.dataflow.dflow:639 launch_task INFO: Parsl task 8 try 0 launched on executor threads
1688446218.693933 2023-07-03 23:50:18 MainProcess-77890 Thread-1-123145568698368 parsl.dataflow.dflow:850 submit DEBUG: Task 9 will be sent to executor threads
1688446218.694051 2023-07-03 23:50:18 MainProcess-77890 Thread-1-123145568698368 parsl.dataflow.dflow:676 _add_output_deps DEBUG: Adding output dependencies
1688446218.694132 2023-07-03 23:50:18 MainProcess-77890 Thread-1-123145568698368 parsl.dataflow.dflow:930 submit INFO: Task 9 submitted for App execute_query, not waiting on any dependency
1688446218.694215 2023-07-03 23:50:18 MainProcess-77890 Thread-1-123145568698368 parsl.dataflow.dflow:938 submit DEBUG: Task 9 set to pending state with AppFuture: <AppFuture at 0x7fb5bf041430 state=pending>
1688446218.694314 2023-07-03 23:50:18 MainProcess-77890 Thread-1-123145568698368 parsl.dataflow.memoization:237 check_memo DEBUG: Task 9 will not be memoized
1688446218.694443 2023-07-03 23:50:18 MainProcess-77890 Thread-1-123145568698368 parsl.dataflow.dflow:639 launch_task INFO: Parsl task 9 try 0 launched on executor threads
1688446218.694545 2023-07-03 23:50:18 MainProcess-77890 Thread-1-123145568698368 parsl.dataflow.dflow:850 submit DEBUG: Task 10 will be sent to executor threads
1688446218.694650 2023-07-03 23:50:18 MainProcess-77890 Thread-1-123145568698368 parsl.dataflow.dflow:676 _add_output_deps DEBUG: Adding output dependencies
1688446218.694730 2023-07-03 23:50:18 MainProcess-77890 Thread-1-123145568698368 parsl.dataflow.dflow:930 submit INFO: Task 10 submitted for App execute_query, not waiting on any dependency
1688446218.695996 2023-07-03 23:50:18 MainProcess-77890 Thread-1-123145568698368 parsl.dataflow.dflow:938 submit DEBUG: Task 10 set to pending state with AppFuture: <AppFuture at 0x7fb5bf041790 state=pending>
1688446218.696164 2023-07-03 23:50:18 MainProcess-77890 Thread-1-123145568698368 parsl.dataflow.memoization:237 check_memo DEBUG: Task 10 will not be memoized
1688446218.696285 2023-07-03 23:50:18 MainProcess-77890 Thread-1-123145568698368 parsl.dataflow.dflow:639 launch_task INFO: Parsl task 10 try 0 launched on executor threads
1688446218.696389 2023-07-03 23:50:18 MainProcess-77890 Thread-1-123145568698368 parsl.dataflow.dflow:850 submit DEBUG: Task 11 will be sent to executor threads
1688446218.696499 2023-07-03 23:50:18 MainProcess-77890 Thread-1-123145568698368 parsl.dataflow.dflow:676 _add_output_deps DEBUG: Adding output dependencies
1688446218.696576 2023-07-03 23:50:18 MainProcess-77890 Thread-1-123145568698368 parsl.dataflow.dflow:930 submit INFO: Task 11 submitted for App execute_query, not waiting on any dependency
1688446218.696650 2023-07-03 23:50:18 MainProcess-77890 Thread-1-123145568698368 parsl.dataflow.dflow:938 submit DEBUG: Task 11 set to pending state with AppFuture: <AppFuture at 0x7fb5bf041a60 state=pending>
1688446218.696717 2023-07-03 23:50:18 MainProcess-77890 Thread-1-123145568698368 parsl.dataflow.memoization:237 check_memo DEBUG: Task 11 will not be memoized
1688446218.696798 2023-07-03 23:50:18 MainProcess-77890 Thread-1-123145568698368 parsl.dataflow.dflow:639 launch_task INFO: Parsl task 11 try 0 launched on executor threads
1688446220.853866 2023-07-03 23:50:20 MainProcess-77890 ThreadPoolExecutor-0_5-123145686224896 parsl.dataflow.dflow:462 _complete_task INFO: Task 6 completed (launched -> exec_done)
1688446220.973130 2023-07-03 23:50:20 MainProcess-77890 FlowControl-Thread-123145551908864 parsl.dataflow.strategy:166 _general_strategy DEBUG: general strategy starting with strategy_type simple for 0 executors
1688446220.982627 2023-07-03 23:50:20 MainProcess-77890 FlowControl-Thread-123145551908864 parsl.process_loggers:28 wrapped DEBUG: Normal ending for _general_strategy on thread FlowControl-Thread
1688446221.453600 2023-07-03 23:50:21 MainProcess-77890 ThreadPoolExecutor-0_1-123145619066880 parsl.dataflow.dflow:462 _complete_task INFO: Task 2 completed (launched -> exec_done)
1688446221.520157 2023-07-03 23:50:21 MainProcess-77890 ThreadPoolExecutor-0_2-123145635856384 parsl.dataflow.dflow:462 _complete_task INFO: Task 3 completed (launched -> exec_done)
1688446221.634704 2023-07-03 23:50:21 MainProcess-77890 ThreadPoolExecutor-0_3-123145652645888 parsl.dataflow.dflow:462 _complete_task INFO: Task 4 completed (launched -> exec_done)
1688446221.782903 2023-07-03 23:50:21 MainProcess-77890 ThreadPoolExecutor-0_0-123145602277376 parsl.dataflow.dflow:462 _complete_task INFO: Task 0 completed (launched -> exec_done)
1688446223.328463 2023-07-03 23:50:23 MainProcess-77890 ThreadPoolExecutor-0_6-123145703014400 parsl.dataflow.dflow:462 _complete_task INFO: Task 7 completed (launched -> exec_done)
1688446223.859158 2023-07-03 23:50:23 MainProcess-77890 ThreadPoolExecutor-0_1-123145619066880 parsl.dataflow.dflow:462 _complete_task INFO: Task 10 completed (launched -> exec_done)
1688446224.031854 2023-07-03 23:50:24 MainProcess-77890 ThreadPoolExecutor-0_5-123145686224896 parsl.dataflow.dflow:462 _complete_task INFO: Task 9 completed (launched -> exec_done)
1688446224.169219 2023-07-03 23:50:24 MainProcess-77890 ThreadPoolExecutor-0_2-123145635856384 parsl.dataflow.dflow:462 _complete_task INFO: Task 11 completed (launched -> exec_done)
1688446225.778474 2023-07-03 23:50:25 MainProcess-77890 ThreadPoolExecutor-0_7-123145719803904 parsl.dataflow.dflow:462 _complete_task INFO: Task 8 completed (launched -> exec_done)
1688446225.973171 2023-07-03 23:50:25 MainProcess-77890 FlowControl-Thread-123145551908864 parsl.dataflow.strategy:166 _general_strategy DEBUG: general strategy starting with strategy_type simple for 0 executors
1688446225.973341 2023-07-03 23:50:25 MainProcess-77890 FlowControl-Thread-123145551908864 parsl.process_loggers:28 wrapped DEBUG: Normal ending for _general_strategy on thread FlowControl-Thread
1688446228.555588 2023-07-03 23:50:28 MainProcess-77890 ThreadPoolExecutor-0_4-123145669435392 parsl.dataflow.dflow:462 _complete_task INFO: Task 5 completed (launched -> exec_done)
1688446228.556160 2023-07-03 23:50:28 MainProcess-77890 Thread-1-123145568698368 parsl.dataflow.dflow:850 submit DEBUG: Task 12 will be sent to executor threads
1688446228.556296 2023-07-03 23:50:28 MainProcess-77890 Thread-1-123145568698368 parsl.dataflow.dflow:676 _add_output_deps DEBUG: Adding output dependencies
1688446228.556377 2023-07-03 23:50:28 MainProcess-77890 Thread-1-123145568698368 parsl.dataflow.dflow:930 submit INFO: Task 12 submitted for App process_start_data, not waiting on any dependency
1688446228.556455 2023-07-03 23:50:28 MainProcess-77890 Thread-1-123145568698368 parsl.dataflow.dflow:938 submit DEBUG: Task 12 set to pending state with AppFuture: <AppFuture at 0x7fb5bdf99ac0 state=pending>
1688446228.556529 2023-07-03 23:50:28 MainProcess-77890 Thread-1-123145568698368 parsl.dataflow.memoization:237 check_memo DEBUG: Task 12 will not be memoized
1688446228.556619 2023-07-03 23:50:28 MainProcess-77890 Thread-1-123145568698368 parsl.dataflow.dflow:639 launch_task INFO: Parsl task 12 try 0 launched on executor threads
1688446228.556713 2023-07-03 23:50:28 MainProcess-77890 Thread-1-123145568698368 parsl.dataflow.dflow:850 submit DEBUG: Task 13 will be sent to executor threads
1688446228.556801 2023-07-03 23:50:28 MainProcess-77890 Thread-1-123145568698368 parsl.dataflow.dflow:676 _add_output_deps DEBUG: Adding output dependencies
1688446228.556874 2023-07-03 23:50:28 MainProcess-77890 Thread-1-123145568698368 parsl.dataflow.dflow:930 submit INFO: Task 13 submitted for App process_end_data, not waiting on any dependency
1688446228.556946 2023-07-03 23:50:28 MainProcess-77890 Thread-1-123145568698368 parsl.dataflow.dflow:938 submit DEBUG: Task 13 set to pending state with AppFuture: <AppFuture at 0x7fb58f065fd0 state=pending>
1688446228.570196 2023-07-03 23:50:28 MainProcess-77890 Thread-1-123145568698368 parsl.dataflow.memoization:237 check_memo DEBUG: Task 13 will not be memoized
1688446228.570394 2023-07-03 23:50:28 MainProcess-77890 Thread-1-123145568698368 parsl.dataflow.dflow:639 launch_task INFO: Parsl task 13 try 0 launched on executor threads
1688446228.570494 2023-07-03 23:50:28 MainProcess-77890 Thread-1-123145568698368 parsl.dataflow.dflow:850 submit DEBUG: Task 14 will be sent to executor threads
1688446228.570581 2023-07-03 23:50:28 MainProcess-77890 Thread-1-123145568698368 parsl.dataflow.dflow:676 _add_output_deps DEBUG: Adding output dependencies
1688446228.570648 2023-07-03 23:50:28 MainProcess-77890 Thread-1-123145568698368 parsl.dataflow.dflow:930 submit INFO: Task 14 submitted for App process_queued_data, not waiting on any dependency
1688446228.570717 2023-07-03 23:50:28 MainProcess-77890 Thread-1-123145568698368 parsl.dataflow.dflow:938 submit DEBUG: Task 14 set to pending state with AppFuture: <AppFuture at 0x7fb5768f3340 state=pending>
1688446228.570782 2023-07-03 23:50:28 MainProcess-77890 Thread-1-123145568698368 parsl.dataflow.memoization:237 check_memo DEBUG: Task 14 will not be memoized
1688446228.570863 2023-07-03 23:50:28 MainProcess-77890 Thread-1-123145568698368 parsl.dataflow.dflow:639 launch_task INFO: Parsl task 14 try 0 launched on executor threads
1688446228.571089 2023-07-03 23:50:28 MainProcess-77890 Thread-1-123145568698368 parsl.dataflow.dflow:850 submit DEBUG: Task 15 will be sent to executor threads
1688446228.571179 2023-07-03 23:50:28 MainProcess-77890 Thread-1-123145568698368 parsl.dataflow.dflow:676 _add_output_deps DEBUG: Adding output dependencies
1688446228.571252 2023-07-03 23:50:28 MainProcess-77890 Thread-1-123145568698368 parsl.dataflow.dflow:930 submit INFO: Task 15 submitted for App calculate_runtimes, waiting on task 12, task 13, task 14
1688446228.602758 2023-07-03 23:50:28 MainProcess-77890 Thread-1-123145568698368 parsl.dataflow.dflow:938 submit DEBUG: Task 15 set to pending state with AppFuture: <AppFuture at 0x7fb5768f3670 state=pending>
1688446228.602943 2023-07-03 23:50:28 MainProcess-77890 Thread-1-123145568698368 parsl.dataflow.dflow:525 launch_if_ready DEBUG: Task 15 has outstanding dependencies, so launch_if_ready skipping
1688446228.648256 2023-07-03 23:50:28 MainProcess-77890 ThreadPoolExecutor-0_1-123145619066880 parsl.dataflow.dflow:462 _complete_task INFO: Task 14 completed (launched -> exec_done)
1688446228.655234 2023-07-03 23:50:28 MainProcess-77890 ThreadPoolExecutor-0_1-123145619066880 parsl.dataflow.dflow:525 launch_if_ready DEBUG: Task 15 has outstanding dependencies, so launch_if_ready skipping
1688446228.651319 2023-07-03 23:50:28 MainProcess-77890 ThreadPoolExecutor-0_3-123145652645888 parsl.dataflow.dflow:462 _complete_task INFO: Task 12 completed (launched -> exec_done)
1688446228.655463 2023-07-03 23:50:28 MainProcess-77890 ThreadPoolExecutor-0_3-123145652645888 parsl.dataflow.dflow:525 launch_if_ready DEBUG: Task 15 has outstanding dependencies, so launch_if_ready skipping
1688446228.655073 2023-07-03 23:50:28 MainProcess-77890 ThreadPoolExecutor-0_6-123145703014400 parsl.dataflow.dflow:462 _complete_task INFO: Task 13 completed (launched -> exec_done)
1688446228.655676 2023-07-03 23:50:28 MainProcess-77890 ThreadPoolExecutor-0_6-123145703014400 parsl.dataflow.memoization:237 check_memo DEBUG: Task 15 will not be memoized
1688446228.655783 2023-07-03 23:50:28 MainProcess-77890 ThreadPoolExecutor-0_6-123145703014400 parsl.dataflow.dflow:639 launch_task INFO: Parsl task 15 try 0 launched on executor threads
1688446230.979212 2023-07-03 23:50:30 MainProcess-77890 FlowControl-Thread-123145551908864 parsl.dataflow.strategy:166 _general_strategy DEBUG: general strategy starting with strategy_type simple for 0 executors
1688446230.979628 2023-07-03 23:50:30 MainProcess-77890 FlowControl-Thread-123145551908864 parsl.process_loggers:28 wrapped DEBUG: Normal ending for _general_strategy on thread FlowControl-Thread
1688446232.971342 2023-07-03 23:50:32 MainProcess-77890 ThreadPoolExecutor-0_6-123145703014400 parsl.dataflow.dflow:462 _complete_task INFO: Task 15 completed (launched -> exec_done)
1688446232.972012 2023-07-03 23:50:32 MainProcess-77890 Thread-1-123145568698368 parsl.dataflow.dflow:850 submit DEBUG: Task 16 will be sent to executor threads
1688446232.972199 2023-07-03 23:50:32 MainProcess-77890 Thread-1-123145568698368 parsl.dataflow.dflow:676 _add_output_deps DEBUG: Adding output dependencies
1688446232.972286 2023-07-03 23:50:32 MainProcess-77890 Thread-1-123145568698368 parsl.dataflow.dflow:930 submit INFO: Task 16 submitted for App create_runtime_scatterplot, not waiting on any dependency
1688446232.972364 2023-07-03 23:50:32 MainProcess-77890 Thread-1-123145568698368 parsl.dataflow.dflow:938 submit DEBUG: Task 16 set to pending state with AppFuture: <AppFuture at 0x7fb5bb3a5220 state=pending>
1688446232.972436 2023-07-03 23:50:32 MainProcess-77890 Thread-1-123145568698368 parsl.dataflow.memoization:237 check_memo DEBUG: Task 16 will not be memoized
1688446232.972528 2023-07-03 23:50:32 MainProcess-77890 Thread-1-123145568698368 parsl.dataflow.dflow:639 launch_task INFO: Parsl task 16 try 0 launched on executor threads
1688446235.988445 2023-07-03 23:50:35 MainProcess-77890 FlowControl-Thread-123145551908864 parsl.dataflow.strategy:166 _general_strategy DEBUG: general strategy starting with strategy_type simple for 0 executors
1688446235.988609 2023-07-03 23:50:35 MainProcess-77890 FlowControl-Thread-123145551908864 parsl.process_loggers:28 wrapped DEBUG: Normal ending for _general_strategy on thread FlowControl-Thread
1688446240.995276 2023-07-03 23:50:40 MainProcess-77890 FlowControl-Thread-123145551908864 parsl.dataflow.strategy:166 _general_strategy DEBUG: general strategy starting with strategy_type simple for 0 executors
1688446240.995428 2023-07-03 23:50:40 MainProcess-77890 FlowControl-Thread-123145551908864 parsl.process_loggers:28 wrapped DEBUG: Normal ending for _general_strategy on thread FlowControl-Thread
1688446246.004705 2023-07-03 23:50:46 MainProcess-77890 FlowControl-Thread-123145551908864 parsl.dataflow.strategy:166 _general_strategy DEBUG: general strategy starting with strategy_type simple for 0 executors
1688446246.004869 2023-07-03 23:50:46 MainProcess-77890 FlowControl-Thread-123145551908864 parsl.process_loggers:28 wrapped DEBUG: Normal ending for _general_strategy on thread FlowControl-Thread
1688446251.012727 2023-07-03 23:50:51 MainProcess-77890 FlowControl-Thread-123145551908864 parsl.dataflow.strategy:166 _general_strategy DEBUG: general strategy starting with strategy_type simple for 0 executors
1688446251.026211 2023-07-03 23:50:51 MainProcess-77890 FlowControl-Thread-123145551908864 parsl.process_loggers:28 wrapped DEBUG: Normal ending for _general_strategy on thread FlowControl-Thread
1688446256.134449 2023-07-03 23:50:56 MainProcess-77890 FlowControl-Thread-123145551908864 parsl.dataflow.strategy:166 _general_strategy DEBUG: general strategy starting with strategy_type simple for 0 executors
1688446256.134617 2023-07-03 23:50:56 MainProcess-77890 FlowControl-Thread-123145551908864 parsl.process_loggers:28 wrapped DEBUG: Normal ending for _general_strategy on thread FlowControl-Thread
1688446261.156570 2023-07-03 23:51:01 MainProcess-77890 FlowControl-Thread-123145551908864 parsl.dataflow.strategy:166 _general_strategy DEBUG: general strategy starting with strategy_type simple for 0 executors
1688446261.156750 2023-07-03 23:51:01 MainProcess-77890 FlowControl-Thread-123145551908864 parsl.process_loggers:28 wrapped DEBUG: Normal ending for _general_strategy on thread FlowControl-Thread
1688446266.524239 2023-07-03 23:51:06 MainProcess-77890 FlowControl-Thread-123145551908864 parsl.dataflow.strategy:166 _general_strategy DEBUG: general strategy starting with strategy_type simple for 0 executors
1688446266.524395 2023-07-03 23:51:06 MainProcess-77890 FlowControl-Thread-123145551908864 parsl.process_loggers:28 wrapped DEBUG: Normal ending for _general_strategy on thread FlowControl-Thread
1688446271.537328 2023-07-03 23:51:11 MainProcess-77890 FlowControl-Thread-123145551908864 parsl.dataflow.strategy:166 _general_strategy DEBUG: general strategy starting with strategy_type simple for 0 executors
1688446271.537555 2023-07-03 23:51:11 MainProcess-77890 FlowControl-Thread-123145551908864 parsl.process_loggers:28 wrapped DEBUG: Normal ending for _general_strategy on thread FlowControl-Thread
1688446276.619195 2023-07-03 23:51:16 MainProcess-77890 FlowControl-Thread-123145551908864 parsl.dataflow.strategy:166 _general_strategy DEBUG: general strategy starting with strategy_type simple for 0 executors
1688446276.619347 2023-07-03 23:51:16 MainProcess-77890 FlowControl-Thread-123145551908864 parsl.process_loggers:28 wrapped DEBUG: Normal ending for _general_strategy on thread FlowControl-Thread
1688446281.620781 2023-07-03 23:51:21 MainProcess-77890 FlowControl-Thread-123145551908864 parsl.dataflow.strategy:166 _general_strategy DEBUG: general strategy starting with strategy_type simple for 0 executors
1688446281.620937 2023-07-03 23:51:21 MainProcess-77890 FlowControl-Thread-123145551908864 parsl.process_loggers:28 wrapped DEBUG: Normal ending for _general_strategy on thread FlowControl-Thread
1688446286.624613 2023-07-03 23:51:26 MainProcess-77890 FlowControl-Thread-123145551908864 parsl.dataflow.strategy:166 _general_strategy DEBUG: general strategy starting with strategy_type simple for 0 executors
1688446286.624781 2023-07-03 23:51:26 MainProcess-77890 FlowControl-Thread-123145551908864 parsl.process_loggers:28 wrapped DEBUG: Normal ending for _general_strategy on thread FlowControl-Thread
1688446292.122533 2023-07-03 23:51:32 MainProcess-77890 FlowControl-Thread-123145551908864 parsl.dataflow.strategy:166 _general_strategy DEBUG: general strategy starting with strategy_type simple for 0 executors
1688446292.122692 2023-07-03 23:51:32 MainProcess-77890 FlowControl-Thread-123145551908864 parsl.process_loggers:28 wrapped DEBUG: Normal ending for _general_strategy on thread FlowControl-Thread
1688446297.150995 2023-07-03 23:51:37 MainProcess-77890 FlowControl-Thread-123145551908864 parsl.dataflow.strategy:166 _general_strategy DEBUG: general strategy starting with strategy_type simple for 0 executors
1688446297.151156 2023-07-03 23:51:37 MainProcess-77890 FlowControl-Thread-123145551908864 parsl.process_loggers:28 wrapped DEBUG: Normal ending for _general_strategy on thread FlowControl-Thread
1688446302.154625 2023-07-03 23:51:42 MainProcess-77890 FlowControl-Thread-123145551908864 parsl.dataflow.strategy:166 _general_strategy DEBUG: general strategy starting with strategy_type simple for 0 executors
1688446302.155470 2023-07-03 23:51:42 MainProcess-77890 FlowControl-Thread-123145551908864 parsl.process_loggers:28 wrapped DEBUG: Normal ending for _general_strategy on thread FlowControl-Thread
1688446307.217928 2023-07-03 23:51:47 MainProcess-77890 FlowControl-Thread-123145551908864 parsl.dataflow.strategy:166 _general_strategy DEBUG: general strategy starting with strategy_type simple for 0 executors
1688446307.218345 2023-07-03 23:51:47 MainProcess-77890 FlowControl-Thread-123145551908864 parsl.process_loggers:28 wrapped DEBUG: Normal ending for _general_strategy on thread FlowControl-Thread
1688446313.504277 2023-07-03 23:51:53 MainProcess-77890 FlowControl-Thread-123145551908864 parsl.dataflow.strategy:166 _general_strategy DEBUG: general strategy starting with strategy_type simple for 0 executors
1688446313.504445 2023-07-03 23:51:53 MainProcess-77890 FlowControl-Thread-123145551908864 parsl.process_loggers:28 wrapped DEBUG: Normal ending for _general_strategy on thread FlowControl-Thread
1688446318.508785 2023-07-03 23:51:58 MainProcess-77890 FlowControl-Thread-123145551908864 parsl.dataflow.strategy:166 _general_strategy DEBUG: general strategy starting with strategy_type simple for 0 executors
1688446318.512905 2023-07-03 23:51:58 MainProcess-77890 FlowControl-Thread-123145551908864 parsl.process_loggers:28 wrapped DEBUG: Normal ending for _general_strategy on thread FlowControl-Thread
1688446323.718207 2023-07-03 23:52:03 MainProcess-77890 FlowControl-Thread-123145551908864 parsl.dataflow.strategy:166 _general_strategy DEBUG: general strategy starting with strategy_type simple for 0 executors
1688446323.718388 2023-07-03 23:52:03 MainProcess-77890 FlowControl-Thread-123145551908864 parsl.process_loggers:28 wrapped DEBUG: Normal ending for _general_strategy on thread FlowControl-Thread
1688446328.758021 2023-07-03 23:52:08 MainProcess-77890 FlowControl-Thread-123145551908864 parsl.dataflow.strategy:166 _general_strategy DEBUG: general strategy starting with strategy_type simple for 0 executors
1688446328.769797 2023-07-03 23:52:08 MainProcess-77890 FlowControl-Thread-123145551908864 parsl.process_loggers:28 wrapped DEBUG: Normal ending for _general_strategy on thread FlowControl-Thread
1688446333.823505 2023-07-03 23:52:13 MainProcess-77890 FlowControl-Thread-123145551908864 parsl.dataflow.strategy:166 _general_strategy DEBUG: general strategy starting with strategy_type simple for 0 executors
1688446333.903227 2023-07-03 23:52:13 MainProcess-77890 FlowControl-Thread-123145551908864 parsl.process_loggers:28 wrapped DEBUG: Normal ending for _general_strategy on thread FlowControl-Thread
1688446338.853931 2023-07-03 23:52:18 MainProcess-77890 FlowControl-Thread-123145551908864 parsl.dataflow.strategy:166 _general_strategy DEBUG: general strategy starting with strategy_type simple for 0 executors
1688446338.924499 2023-07-03 23:52:18 MainProcess-77890 FlowControl-Thread-123145551908864 parsl.process_loggers:28 wrapped DEBUG: Normal ending for _general_strategy on thread FlowControl-Thread
1688446343.964045 2023-07-03 23:52:23 MainProcess-77890 FlowControl-Thread-123145551908864 parsl.dataflow.strategy:166 _general_strategy DEBUG: general strategy starting with strategy_type simple for 0 executors
1688446343.964206 2023-07-03 23:52:23 MainProcess-77890 FlowControl-Thread-123145551908864 parsl.process_loggers:28 wrapped DEBUG: Normal ending for _general_strategy on thread FlowControl-Thread
1688446349.264027 2023-07-03 23:52:29 MainProcess-77890 FlowControl-Thread-123145551908864 parsl.dataflow.strategy:166 _general_strategy DEBUG: general strategy starting with strategy_type simple for 0 executors
1688446349.265246 2023-07-03 23:52:29 MainProcess-77890 FlowControl-Thread-123145551908864 parsl.process_loggers:28 wrapped DEBUG: Normal ending for _general_strategy on thread FlowControl-Thread
1688446354.654194 2023-07-03 23:52:34 MainProcess-77890 FlowControl-Thread-123145551908864 parsl.dataflow.strategy:166 _general_strategy DEBUG: general strategy starting with strategy_type simple for 0 executors
1688446354.656133 2023-07-03 23:52:34 MainProcess-77890 FlowControl-Thread-123145551908864 parsl.process_loggers:28 wrapped DEBUG: Normal ending for _general_strategy on thread FlowControl-Thread
1688446359.690490 2023-07-03 23:52:39 MainProcess-77890 FlowControl-Thread-123145551908864 parsl.dataflow.strategy:166 _general_strategy DEBUG: general strategy starting with strategy_type simple for 0 executors
1688446359.690678 2023-07-03 23:52:39 MainProcess-77890 FlowControl-Thread-123145551908864 parsl.process_loggers:28 wrapped DEBUG: Normal ending for _general_strategy on thread FlowControl-Thread
1688446365.018886 2023-07-03 23:52:45 MainProcess-77890 FlowControl-Thread-123145551908864 parsl.dataflow.strategy:166 _general_strategy DEBUG: general strategy starting with strategy_type simple for 0 executors
1688446365.106127 2023-07-03 23:52:45 MainProcess-77890 FlowControl-Thread-123145551908864 parsl.process_loggers:28 wrapped DEBUG: Normal ending for _general_strategy on thread FlowControl-Thread
1688446371.167850 2023-07-03 23:52:51 MainProcess-77890 FlowControl-Thread-123145551908864 parsl.dataflow.strategy:166 _general_strategy DEBUG: general strategy starting with strategy_type simple for 0 executors
1688446371.428206 2023-07-03 23:52:51 MainProcess-77890 FlowControl-Thread-123145551908864 parsl.process_loggers:28 wrapped DEBUG: Normal ending for _general_strategy on thread FlowControl-Thread
1688446376.177283 2023-07-03 23:52:56 MainProcess-77890 FlowControl-Thread-123145551908864 parsl.dataflow.strategy:166 _general_strategy DEBUG: general strategy starting with strategy_type simple for 0 executors
1688446376.730524 2023-07-03 23:52:56 MainProcess-77890 FlowControl-Thread-123145551908864 parsl.process_loggers:28 wrapped DEBUG: Normal ending for _general_strategy on thread FlowControl-Thread
1688446381.221428 2023-07-03 23:53:01 MainProcess-77890 FlowControl-Thread-123145551908864 parsl.dataflow.strategy:166 _general_strategy DEBUG: general strategy starting with strategy_type simple for 0 executors
1688446381.221581 2023-07-03 23:53:01 MainProcess-77890 FlowControl-Thread-123145551908864 parsl.process_loggers:28 wrapped DEBUG: Normal ending for _general_strategy on thread FlowControl-Thread
1688446386.255546 2023-07-03 23:53:06 MainProcess-77890 FlowControl-Thread-123145551908864 parsl.dataflow.strategy:166 _general_strategy DEBUG: general strategy starting with strategy_type simple for 0 executors
1688446386.255698 2023-07-03 23:53:06 MainProcess-77890 FlowControl-Thread-123145551908864 parsl.process_loggers:28 wrapped DEBUG: Normal ending for _general_strategy on thread FlowControl-Thread
1688446391.281314 2023-07-03 23:53:11 MainProcess-77890 FlowControl-Thread-123145551908864 parsl.dataflow.strategy:166 _general_strategy DEBUG: general strategy starting with strategy_type simple for 0 executors
1688446391.289048 2023-07-03 23:53:11 MainProcess-77890 FlowControl-Thread-123145551908864 parsl.process_loggers:28 wrapped DEBUG: Normal ending for _general_strategy on thread FlowControl-Thread
1688446396.300865 2023-07-03 23:53:16 MainProcess-77890 FlowControl-Thread-123145551908864 parsl.dataflow.strategy:166 _general_strategy DEBUG: general strategy starting with strategy_type simple for 0 executors
1688446396.305319 2023-07-03 23:53:16 MainProcess-77890 FlowControl-Thread-123145551908864 parsl.process_loggers:28 wrapped DEBUG: Normal ending for _general_strategy on thread FlowControl-Thread
1688446401.504568 2023-07-03 23:53:21 MainProcess-77890 FlowControl-Thread-123145551908864 parsl.dataflow.strategy:166 _general_strategy DEBUG: general strategy starting with strategy_type simple for 0 executors
1688446401.504804 2023-07-03 23:53:21 MainProcess-77890 FlowControl-Thread-123145551908864 parsl.process_loggers:28 wrapped DEBUG: Normal ending for _general_strategy on thread FlowControl-Thread
1688446406.640446 2023-07-03 23:53:26 MainProcess-77890 FlowControl-Thread-123145551908864 parsl.dataflow.strategy:166 _general_strategy DEBUG: general strategy starting with strategy_type simple for 0 executors
1688446406.641712 2023-07-03 23:53:26 MainProcess-77890 FlowControl-Thread-123145551908864 parsl.process_loggers:28 wrapped DEBUG: Normal ending for _general_strategy on thread FlowControl-Thread
1688446411.640995 2023-07-03 23:53:31 MainProcess-77890 FlowControl-Thread-123145551908864 parsl.dataflow.strategy:166 _general_strategy DEBUG: general strategy starting with strategy_type simple for 0 executors
1688446411.641155 2023-07-03 23:53:31 MainProcess-77890 FlowControl-Thread-123145551908864 parsl.process_loggers:28 wrapped DEBUG: Normal ending for _general_strategy on thread FlowControl-Thread
1688446416.658469 2023-07-03 23:53:36 MainProcess-77890 FlowControl-Thread-123145551908864 parsl.dataflow.strategy:166 _general_strategy DEBUG: general strategy starting with strategy_type simple for 0 executors
1688446416.659535 2023-07-03 23:53:36 MainProcess-77890 FlowControl-Thread-123145551908864 parsl.process_loggers:28 wrapped DEBUG: Normal ending for _general_strategy on thread FlowControl-Thread
1688446422.888198 2023-07-03 23:53:42 MainProcess-77890 FlowControl-Thread-123145551908864 parsl.dataflow.strategy:166 _general_strategy DEBUG: general strategy starting with strategy_type simple for 0 executors
1688446422.897788 2023-07-03 23:53:42 MainProcess-77890 FlowControl-Thread-123145551908864 parsl.process_loggers:28 wrapped DEBUG: Normal ending for _general_strategy on thread FlowControl-Thread
1688446422.929853 2023-07-03 23:53:42 MainProcess-77890 ThreadPoolExecutor-0_7-123145719803904 parsl.dataflow.dflow:462 _complete_task INFO: Task 16 completed (launched -> exec_done)
1688446422.932551 2023-07-03 23:53:42 MainProcess-77890 Thread-1-123145568698368 parsl.dataflow.dflow:850 submit DEBUG: Task 17 will be sent to executor threads
1688446422.932786 2023-07-03 23:53:42 MainProcess-77890 Thread-1-123145568698368 parsl.dataflow.dflow:676 _add_output_deps DEBUG: Adding output dependencies
1688446422.933023 2023-07-03 23:53:42 MainProcess-77890 Thread-1-123145568698368 parsl.dataflow.dflow:930 submit INFO: Task 17 submitted for App create_queuetime_scatterplot, not waiting on any dependency
1688446422.933688 2023-07-03 23:53:42 MainProcess-77890 Thread-1-123145568698368 parsl.dataflow.dflow:938 submit DEBUG: Task 17 set to pending state with AppFuture: <AppFuture at 0x7fb55948cac0 state=pending>
1688446422.934034 2023-07-03 23:53:42 MainProcess-77890 Thread-1-123145568698368 parsl.dataflow.memoization:237 check_memo DEBUG: Task 17 will not be memoized
1688446422.934351 2023-07-03 23:53:42 MainProcess-77890 Thread-1-123145568698368 parsl.dataflow.dflow:639 launch_task INFO: Parsl task 17 try 0 launched on executor threads
1688446427.895844 2023-07-03 23:53:47 MainProcess-77890 FlowControl-Thread-123145551908864 parsl.dataflow.strategy:166 _general_strategy DEBUG: general strategy starting with strategy_type simple for 0 executors
1688446427.896011 2023-07-03 23:53:47 MainProcess-77890 FlowControl-Thread-123145551908864 parsl.process_loggers:28 wrapped DEBUG: Normal ending for _general_strategy on thread FlowControl-Thread
1688446432.905415 2023-07-03 23:53:52 MainProcess-77890 FlowControl-Thread-123145551908864 parsl.dataflow.strategy:166 _general_strategy DEBUG: general strategy starting with strategy_type simple for 0 executors
1688446432.911928 2023-07-03 23:53:52 MainProcess-77890 FlowControl-Thread-123145551908864 parsl.process_loggers:28 wrapped DEBUG: Normal ending for _general_strategy on thread FlowControl-Thread
1688446437.915969 2023-07-03 23:53:57 MainProcess-77890 FlowControl-Thread-123145551908864 parsl.dataflow.strategy:166 _general_strategy DEBUG: general strategy starting with strategy_type simple for 0 executors
1688446437.921369 2023-07-03 23:53:57 MainProcess-77890 FlowControl-Thread-123145551908864 parsl.process_loggers:28 wrapped DEBUG: Normal ending for _general_strategy on thread FlowControl-Thread
1688446442.925376 2023-07-03 23:54:02 MainProcess-77890 FlowControl-Thread-123145551908864 parsl.dataflow.strategy:166 _general_strategy DEBUG: general strategy starting with strategy_type simple for 0 executors
1688446442.925665 2023-07-03 23:54:02 MainProcess-77890 FlowControl-Thread-123145551908864 parsl.process_loggers:28 wrapped DEBUG: Normal ending for _general_strategy on thread FlowControl-Thread
1688446447.926257 2023-07-03 23:54:07 MainProcess-77890 FlowControl-Thread-123145551908864 parsl.dataflow.strategy:166 _general_strategy DEBUG: general strategy starting with strategy_type simple for 0 executors
1688446447.926694 2023-07-03 23:54:07 MainProcess-77890 FlowControl-Thread-123145551908864 parsl.process_loggers:28 wrapped DEBUG: Normal ending for _general_strategy on thread FlowControl-Thread
1688446453.106206 2023-07-03 23:54:13 MainProcess-77890 FlowControl-Thread-123145551908864 parsl.dataflow.strategy:166 _general_strategy DEBUG: general strategy starting with strategy_type simple for 0 executors
1688446453.106371 2023-07-03 23:54:13 MainProcess-77890 FlowControl-Thread-123145551908864 parsl.process_loggers:28 wrapped DEBUG: Normal ending for _general_strategy on thread FlowControl-Thread
1688446458.154048 2023-07-03 23:54:18 MainProcess-77890 FlowControl-Thread-123145551908864 parsl.dataflow.strategy:166 _general_strategy DEBUG: general strategy starting with strategy_type simple for 0 executors
1688446458.154217 2023-07-03 23:54:18 MainProcess-77890 FlowControl-Thread-123145551908864 parsl.process_loggers:28 wrapped DEBUG: Normal ending for _general_strategy on thread FlowControl-Thread
1688446463.674287 2023-07-03 23:54:23 MainProcess-77890 FlowControl-Thread-123145551908864 parsl.dataflow.strategy:166 _general_strategy DEBUG: general strategy starting with strategy_type simple for 0 executors
1688446463.674455 2023-07-03 23:54:23 MainProcess-77890 FlowControl-Thread-123145551908864 parsl.process_loggers:28 wrapped DEBUG: Normal ending for _general_strategy on thread FlowControl-Thread
1688446468.723311 2023-07-03 23:54:28 MainProcess-77890 FlowControl-Thread-123145551908864 parsl.dataflow.strategy:166 _general_strategy DEBUG: general strategy starting with strategy_type simple for 0 executors
1688446468.723490 2023-07-03 23:54:28 MainProcess-77890 FlowControl-Thread-123145551908864 parsl.process_loggers:28 wrapped DEBUG: Normal ending for _general_strategy on thread FlowControl-Thread
1688446473.724364 2023-07-03 23:54:33 MainProcess-77890 FlowControl-Thread-123145551908864 parsl.dataflow.strategy:166 _general_strategy DEBUG: general strategy starting with strategy_type simple for 0 executors
1688446473.724527 2023-07-03 23:54:33 MainProcess-77890 FlowControl-Thread-123145551908864 parsl.process_loggers:28 wrapped DEBUG: Normal ending for _general_strategy on thread FlowControl-Thread
1688446479.051309 2023-07-03 23:54:39 MainProcess-77890 FlowControl-Thread-123145551908864 parsl.dataflow.strategy:166 _general_strategy DEBUG: general strategy starting with strategy_type simple for 0 executors
1688446479.052650 2023-07-03 23:54:39 MainProcess-77890 FlowControl-Thread-123145551908864 parsl.process_loggers:28 wrapped DEBUG: Normal ending for _general_strategy on thread FlowControl-Thread
1688446484.055639 2023-07-03 23:54:44 MainProcess-77890 FlowControl-Thread-123145551908864 parsl.dataflow.strategy:166 _general_strategy DEBUG: general strategy starting with strategy_type simple for 0 executors
1688446484.055830 2023-07-03 23:54:44 MainProcess-77890 FlowControl-Thread-123145551908864 parsl.process_loggers:28 wrapped DEBUG: Normal ending for _general_strategy on thread FlowControl-Thread
1688446489.058954 2023-07-03 23:54:49 MainProcess-77890 FlowControl-Thread-123145551908864 parsl.dataflow.strategy:166 _general_strategy DEBUG: general strategy starting with strategy_type simple for 0 executors
1688446489.059112 2023-07-03 23:54:49 MainProcess-77890 FlowControl-Thread-123145551908864 parsl.process_loggers:28 wrapped DEBUG: Normal ending for _general_strategy on thread FlowControl-Thread
1688446494.214208 2023-07-03 23:54:54 MainProcess-77890 FlowControl-Thread-123145551908864 parsl.dataflow.strategy:166 _general_strategy DEBUG: general strategy starting with strategy_type simple for 0 executors
1688446494.422545 2023-07-03 23:54:54 MainProcess-77890 FlowControl-Thread-123145551908864 parsl.process_loggers:28 wrapped DEBUG: Normal ending for _general_strategy on thread FlowControl-Thread
1688446499.260642 2023-07-03 23:54:59 MainProcess-77890 FlowControl-Thread-123145551908864 parsl.dataflow.strategy:166 _general_strategy DEBUG: general strategy starting with strategy_type simple for 0 executors
1688446499.260937 2023-07-03 23:54:59 MainProcess-77890 FlowControl-Thread-123145551908864 parsl.process_loggers:28 wrapped DEBUG: Normal ending for _general_strategy on thread FlowControl-Thread
1688446504.334847 2023-07-03 23:55:04 MainProcess-77890 FlowControl-Thread-123145551908864 parsl.dataflow.strategy:166 _general_strategy DEBUG: general strategy starting with strategy_type simple for 0 executors
1688446504.335011 2023-07-03 23:55:04 MainProcess-77890 FlowControl-Thread-123145551908864 parsl.process_loggers:28 wrapped DEBUG: Normal ending for _general_strategy on thread FlowControl-Thread
1688446509.859755 2023-07-03 23:55:09 MainProcess-77890 FlowControl-Thread-123145551908864 parsl.dataflow.strategy:166 _general_strategy DEBUG: general strategy starting with strategy_type simple for 0 executors
1688446509.859929 2023-07-03 23:55:09 MainProcess-77890 FlowControl-Thread-123145551908864 parsl.process_loggers:28 wrapped DEBUG: Normal ending for _general_strategy on thread FlowControl-Thread
1688446514.942143 2023-07-03 23:55:14 MainProcess-77890 FlowControl-Thread-123145551908864 parsl.dataflow.strategy:166 _general_strategy DEBUG: general strategy starting with strategy_type simple for 0 executors
1688446514.942301 2023-07-03 23:55:14 MainProcess-77890 FlowControl-Thread-123145551908864 parsl.process_loggers:28 wrapped DEBUG: Normal ending for _general_strategy on thread FlowControl-Thread
1688446521.543652 2023-07-03 23:55:21 MainProcess-77890 FlowControl-Thread-123145551908864 parsl.dataflow.strategy:166 _general_strategy DEBUG: general strategy starting with strategy_type simple for 0 executors
1688446521.543843 2023-07-03 23:55:21 MainProcess-77890 FlowControl-Thread-123145551908864 parsl.process_loggers:28 wrapped DEBUG: Normal ending for _general_strategy on thread FlowControl-Thread
1688446526.655945 2023-07-03 23:55:26 MainProcess-77890 FlowControl-Thread-123145551908864 parsl.dataflow.strategy:166 _general_strategy DEBUG: general strategy starting with strategy_type simple for 0 executors
1688446526.656131 2023-07-03 23:55:26 MainProcess-77890 FlowControl-Thread-123145551908864 parsl.process_loggers:28 wrapped DEBUG: Normal ending for _general_strategy on thread FlowControl-Thread
1688446531.909437 2023-07-03 23:55:31 MainProcess-77890 FlowControl-Thread-123145551908864 parsl.dataflow.strategy:166 _general_strategy DEBUG: general strategy starting with strategy_type simple for 0 executors
1688446531.909598 2023-07-03 23:55:31 MainProcess-77890 FlowControl-Thread-123145551908864 parsl.process_loggers:28 wrapped DEBUG: Normal ending for _general_strategy on thread FlowControl-Thread
1688446537.157355 2023-07-03 23:55:37 MainProcess-77890 FlowControl-Thread-123145551908864 parsl.dataflow.strategy:166 _general_strategy DEBUG: general strategy starting with strategy_type simple for 0 executors
1688446537.157540 2023-07-03 23:55:37 MainProcess-77890 FlowControl-Thread-123145551908864 parsl.process_loggers:28 wrapped DEBUG: Normal ending for _general_strategy on thread FlowControl-Thread
1688446542.164437 2023-07-03 23:55:42 MainProcess-77890 FlowControl-Thread-123145551908864 parsl.dataflow.strategy:166 _general_strategy DEBUG: general strategy starting with strategy_type simple for 0 executors
1688446542.164608 2023-07-03 23:55:42 MainProcess-77890 FlowControl-Thread-123145551908864 parsl.process_loggers:28 wrapped DEBUG: Normal ending for _general_strategy on thread FlowControl-Thread
1688446547.171897 2023-07-03 23:55:47 MainProcess-77890 FlowControl-Thread-123145551908864 parsl.dataflow.strategy:166 _general_strategy DEBUG: general strategy starting with strategy_type simple for 0 executors
1688446547.172100 2023-07-03 23:55:47 MainProcess-77890 FlowControl-Thread-123145551908864 parsl.process_loggers:28 wrapped DEBUG: Normal ending for _general_strategy on thread FlowControl-Thread
1688446552.256746 2023-07-03 23:55:52 MainProcess-77890 FlowControl-Thread-123145551908864 parsl.dataflow.strategy:166 _general_strategy DEBUG: general strategy starting with strategy_type simple for 0 executors
1688446552.432709 2023-07-03 23:55:52 MainProcess-77890 FlowControl-Thread-123145551908864 parsl.process_loggers:28 wrapped DEBUG: Normal ending for _general_strategy on thread FlowControl-Thread
1688446557.328971 2023-07-03 23:55:57 MainProcess-77890 FlowControl-Thread-123145551908864 parsl.dataflow.strategy:166 _general_strategy DEBUG: general strategy starting with strategy_type simple for 0 executors
1688446557.329127 2023-07-03 23:55:57 MainProcess-77890 FlowControl-Thread-123145551908864 parsl.process_loggers:28 wrapped DEBUG: Normal ending for _general_strategy on thread FlowControl-Thread
1688446562.726078 2023-07-03 23:56:02 MainProcess-77890 FlowControl-Thread-123145551908864 parsl.dataflow.strategy:166 _general_strategy DEBUG: general strategy starting with strategy_type simple for 0 executors
1688446562.726275 2023-07-03 23:56:02 MainProcess-77890 FlowControl-Thread-123145551908864 parsl.process_loggers:28 wrapped DEBUG: Normal ending for _general_strategy on thread FlowControl-Thread
1688446567.766639 2023-07-03 23:56:07 MainProcess-77890 FlowControl-Thread-123145551908864 parsl.dataflow.strategy:166 _general_strategy DEBUG: general strategy starting with strategy_type simple for 0 executors
1688446567.792771 2023-07-03 23:56:07 MainProcess-77890 FlowControl-Thread-123145551908864 parsl.process_loggers:28 wrapped DEBUG: Normal ending for _general_strategy on thread FlowControl-Thread
1688446572.877269 2023-07-03 23:56:12 MainProcess-77890 FlowControl-Thread-123145551908864 parsl.dataflow.strategy:166 _general_strategy DEBUG: general strategy starting with strategy_type simple for 0 executors
1688446573.174884 2023-07-03 23:56:13 MainProcess-77890 FlowControl-Thread-123145551908864 parsl.process_loggers:28 wrapped DEBUG: Normal ending for _general_strategy on thread FlowControl-Thread
1688446577.935935 2023-07-03 23:56:17 MainProcess-77890 FlowControl-Thread-123145551908864 parsl.dataflow.strategy:166 _general_strategy DEBUG: general strategy starting with strategy_type simple for 0 executors
1688446577.936615 2023-07-03 23:56:17 MainProcess-77890 FlowControl-Thread-123145551908864 parsl.process_loggers:28 wrapped DEBUG: Normal ending for _general_strategy on thread FlowControl-Thread
1688446582.941647 2023-07-03 23:56:22 MainProcess-77890 FlowControl-Thread-123145551908864 parsl.dataflow.strategy:166 _general_strategy DEBUG: general strategy starting with strategy_type simple for 0 executors
1688446582.941806 2023-07-03 23:56:22 MainProcess-77890 FlowControl-Thread-123145551908864 parsl.process_loggers:28 wrapped DEBUG: Normal ending for _general_strategy on thread FlowControl-Thread
1688446588.008308 2023-07-03 23:56:28 MainProcess-77890 FlowControl-Thread-123145551908864 parsl.dataflow.strategy:166 _general_strategy DEBUG: general strategy starting with strategy_type simple for 0 executors
1688446588.228892 2023-07-03 23:56:28 MainProcess-77890 FlowControl-Thread-123145551908864 parsl.process_loggers:28 wrapped DEBUG: Normal ending for _general_strategy on thread FlowControl-Thread
1688446593.025656 2023-07-03 23:56:33 MainProcess-77890 FlowControl-Thread-123145551908864 parsl.dataflow.strategy:166 _general_strategy DEBUG: general strategy starting with strategy_type simple for 0 executors
1688446593.113162 2023-07-03 23:56:33 MainProcess-77890 FlowControl-Thread-123145551908864 parsl.process_loggers:28 wrapped DEBUG: Normal ending for _general_strategy on thread FlowControl-Thread
1688446599.450978 2023-07-03 23:56:39 MainProcess-77890 FlowControl-Thread-123145551908864 parsl.dataflow.strategy:166 _general_strategy DEBUG: general strategy starting with strategy_type simple for 0 executors
1688446600.017649 2023-07-03 23:56:40 MainProcess-77890 FlowControl-Thread-123145551908864 parsl.process_loggers:28 wrapped DEBUG: Normal ending for _general_strategy on thread FlowControl-Thread
1688446604.451865 2023-07-03 23:56:44 MainProcess-77890 FlowControl-Thread-123145551908864 parsl.dataflow.strategy:166 _general_strategy DEBUG: general strategy starting with strategy_type simple for 0 executors
1688446604.452213 2023-07-03 23:56:44 MainProcess-77890 FlowControl-Thread-123145551908864 parsl.process_loggers:28 wrapped DEBUG: Normal ending for _general_strategy on thread FlowControl-Thread
1688446609.592038 2023-07-03 23:56:49 MainProcess-77890 FlowControl-Thread-123145551908864 parsl.dataflow.strategy:166 _general_strategy DEBUG: general strategy starting with strategy_type simple for 0 executors
1688446609.594243 2023-07-03 23:56:49 MainProcess-77890 FlowControl-Thread-123145551908864 parsl.process_loggers:28 wrapped DEBUG: Normal ending for _general_strategy on thread FlowControl-Thread
1688446614.711236 2023-07-03 23:56:54 MainProcess-77890 ThreadPoolExecutor-0_0-123145602277376 parsl.dataflow.dflow:462 _complete_task INFO: Task 17 completed (launched -> exec_done)
1688446614.711385 2023-07-03 23:56:54 MainProcess-77890 FlowControl-Thread-123145551908864 parsl.dataflow.strategy:166 _general_strategy DEBUG: general strategy starting with strategy_type simple for 0 executors
1688446614.711629 2023-07-03 23:56:54 MainProcess-77890 FlowControl-Thread-123145551908864 parsl.process_loggers:28 wrapped DEBUG: Normal ending for _general_strategy on thread FlowControl-Thread
1688446614.711924 2023-07-03 23:56:54 MainProcess-77890 Thread-1-123145568698368 parsl.dataflow.dflow:850 submit DEBUG: Task 18 will be sent to executor threads
1688446614.712286 2023-07-03 23:56:54 MainProcess-77890 Thread-1-123145568698368 parsl.dataflow.dflow:676 _add_output_deps DEBUG: Adding output dependencies
1688446614.712372 2023-07-03 23:56:54 MainProcess-77890 Thread-1-123145568698368 parsl.dataflow.dflow:930 submit INFO: Task 18 submitted for App calculate_runtimes_histogram, not waiting on any dependency
1688446614.712461 2023-07-03 23:56:54 MainProcess-77890 Thread-1-123145568698368 parsl.dataflow.dflow:938 submit DEBUG: Task 18 set to pending state with AppFuture: <AppFuture at 0x7fb55a072460 state=pending>
1688446614.712539 2023-07-03 23:56:54 MainProcess-77890 Thread-1-123145568698368 parsl.dataflow.memoization:237 check_memo DEBUG: Task 18 will not be memoized
1688446614.712666 2023-07-03 23:56:54 MainProcess-77890 Thread-1-123145568698368 parsl.dataflow.dflow:639 launch_task INFO: Parsl task 18 try 0 launched on executor threads
1688446614.721827 2023-07-03 23:56:54 MainProcess-77890 ThreadPoolExecutor-0_1-123145619066880 parsl.dataflow.dflow:462 _complete_task INFO: Task 18 completed (launched -> exec_done)
1688446614.722193 2023-07-03 23:56:54 MainProcess-77890 Thread-1-123145568698368 parsl.dataflow.dflow:850 submit DEBUG: Task 19 will be sent to executor threads
1688446614.722302 2023-07-03 23:56:54 MainProcess-77890 Thread-1-123145568698368 parsl.dataflow.dflow:676 _add_output_deps DEBUG: Adding output dependencies
1688446614.722379 2023-07-03 23:56:54 MainProcess-77890 Thread-1-123145568698368 parsl.dataflow.dflow:930 submit INFO: Task 19 submitted for App calculate_queuetimes_histogram, not waiting on any dependency
1688446614.722758 2023-07-03 23:56:54 MainProcess-77890 Thread-1-123145568698368 parsl.dataflow.dflow:938 submit DEBUG: Task 19 set to pending state with AppFuture: <AppFuture at 0x7fb55a072400 state=pending>
1688446614.723272 2023-07-03 23:56:54 MainProcess-77890 Thread-1-123145568698368 parsl.dataflow.memoization:237 check_memo DEBUG: Task 19 will not be memoized
1688446614.723422 2023-07-03 23:56:54 MainProcess-77890 Thread-1-123145568698368 parsl.dataflow.dflow:639 launch_task INFO: Parsl task 19 try 0 launched on executor threads
1688446615.252339 2023-07-03 23:56:55 MainProcess-77890 ThreadPoolExecutor-0_2-123145635856384 parsl.dataflow.dflow:462 _complete_task INFO: Task 19 completed (launched -> exec_done)
1688446619.720885 2023-07-03 23:56:59 MainProcess-77890 FlowControl-Thread-123145551908864 parsl.dataflow.strategy:166 _general_strategy DEBUG: general strategy starting with strategy_type simple for 0 executors
1688446619.721064 2023-07-03 23:56:59 MainProcess-77890 FlowControl-Thread-123145551908864 parsl.process_loggers:28 wrapped DEBUG: Normal ending for _general_strategy on thread FlowControl-Thread
1688446624.750242 2023-07-03 23:57:04 MainProcess-77890 FlowControl-Thread-123145551908864 parsl.dataflow.strategy:166 _general_strategy DEBUG: general strategy starting with strategy_type simple for 0 executors
1688446624.750418 2023-07-03 23:57:04 MainProcess-77890 FlowControl-Thread-123145551908864 parsl.process_loggers:28 wrapped DEBUG: Normal ending for _general_strategy on thread FlowControl-Thread
1688446629.761314 2023-07-03 23:57:09 MainProcess-77890 FlowControl-Thread-123145551908864 parsl.dataflow.strategy:166 _general_strategy DEBUG: general strategy starting with strategy_type simple for 0 executors
1688446629.761792 2023-07-03 23:57:09 MainProcess-77890 FlowControl-Thread-123145551908864 parsl.process_loggers:28 wrapped DEBUG: Normal ending for _general_strategy on thread FlowControl-Thread
1688446634.763175 2023-07-03 23:57:14 MainProcess-77890 FlowControl-Thread-123145551908864 parsl.dataflow.strategy:166 _general_strategy DEBUG: general strategy starting with strategy_type simple for 0 executors
1688446634.763499 2023-07-03 23:57:14 MainProcess-77890 FlowControl-Thread-123145551908864 parsl.process_loggers:28 wrapped DEBUG: Normal ending for _general_strategy on thread FlowControl-Thread
1688446639.765802 2023-07-03 23:57:19 MainProcess-77890 FlowControl-Thread-123145551908864 parsl.dataflow.strategy:166 _general_strategy DEBUG: general strategy starting with strategy_type simple for 0 executors
1688446639.766250 2023-07-03 23:57:19 MainProcess-77890 FlowControl-Thread-123145551908864 parsl.process_loggers:28 wrapped DEBUG: Normal ending for _general_strategy on thread FlowControl-Thread
1688446644.766085 2023-07-03 23:57:24 MainProcess-77890 FlowControl-Thread-123145551908864 parsl.dataflow.strategy:166 _general_strategy DEBUG: general strategy starting with strategy_type simple for 0 executors
1688446644.766468 2023-07-03 23:57:24 MainProcess-77890 FlowControl-Thread-123145551908864 parsl.process_loggers:28 wrapped DEBUG: Normal ending for _general_strategy on thread FlowControl-Thread
1688446649.766828 2023-07-03 23:57:29 MainProcess-77890 FlowControl-Thread-123145551908864 parsl.dataflow.strategy:166 _general_strategy DEBUG: general strategy starting with strategy_type simple for 0 executors
1688446649.767072 2023-07-03 23:57:29 MainProcess-77890 FlowControl-Thread-123145551908864 parsl.process_loggers:28 wrapped DEBUG: Normal ending for _general_strategy on thread FlowControl-Thread
1688446654.767208 2023-07-03 23:57:34 MainProcess-77890 FlowControl-Thread-123145551908864 parsl.dataflow.strategy:166 _general_strategy DEBUG: general strategy starting with strategy_type simple for 0 executors
1688446654.767429 2023-07-03 23:57:34 MainProcess-77890 FlowControl-Thread-123145551908864 parsl.process_loggers:28 wrapped DEBUG: Normal ending for _general_strategy on thread FlowControl-Thread
1688446659.769760 2023-07-03 23:57:39 MainProcess-77890 FlowControl-Thread-123145551908864 parsl.dataflow.strategy:166 _general_strategy DEBUG: general strategy starting with strategy_type simple for 0 executors
1688446659.770112 2023-07-03 23:57:39 MainProcess-77890 FlowControl-Thread-123145551908864 parsl.process_loggers:28 wrapped DEBUG: Normal ending for _general_strategy on thread FlowControl-Thread
1688446664.774336 2023-07-03 23:57:44 MainProcess-77890 FlowControl-Thread-123145551908864 parsl.dataflow.strategy:166 _general_strategy DEBUG: general strategy starting with strategy_type simple for 0 executors
1688446664.775258 2023-07-03 23:57:44 MainProcess-77890 FlowControl-Thread-123145551908864 parsl.process_loggers:28 wrapped DEBUG: Normal ending for _general_strategy on thread FlowControl-Thread
1688446669.778369 2023-07-03 23:57:49 MainProcess-77890 FlowControl-Thread-123145551908864 parsl.dataflow.strategy:166 _general_strategy DEBUG: general strategy starting with strategy_type simple for 0 executors
1688446669.778830 2023-07-03 23:57:49 MainProcess-77890 FlowControl-Thread-123145551908864 parsl.process_loggers:28 wrapped DEBUG: Normal ending for _general_strategy on thread FlowControl-Thread
1688446674.781955 2023-07-03 23:57:54 MainProcess-77890 FlowControl-Thread-123145551908864 parsl.dataflow.strategy:166 _general_strategy DEBUG: general strategy starting with strategy_type simple for 0 executors
1688446674.782693 2023-07-03 23:57:54 MainProcess-77890 FlowControl-Thread-123145551908864 parsl.process_loggers:28 wrapped DEBUG: Normal ending for _general_strategy on thread FlowControl-Thread
1688446679.782163 2023-07-03 23:57:59 MainProcess-77890 FlowControl-Thread-123145551908864 parsl.dataflow.strategy:166 _general_strategy DEBUG: general strategy starting with strategy_type simple for 0 executors
1688446679.782441 2023-07-03 23:57:59 MainProcess-77890 FlowControl-Thread-123145551908864 parsl.process_loggers:28 wrapped DEBUG: Normal ending for _general_strategy on thread FlowControl-Thread
1688446684.782955 2023-07-03 23:58:04 MainProcess-77890 FlowControl-Thread-123145551908864 parsl.dataflow.strategy:166 _general_strategy DEBUG: general strategy starting with strategy_type simple for 0 executors
1688446684.783137 2023-07-03 23:58:04 MainProcess-77890 FlowControl-Thread-123145551908864 parsl.process_loggers:28 wrapped DEBUG: Normal ending for _general_strategy on thread FlowControl-Thread
1688446689.785132 2023-07-03 23:58:09 MainProcess-77890 FlowControl-Thread-123145551908864 parsl.dataflow.strategy:166 _general_strategy DEBUG: general strategy starting with strategy_type simple for 0 executors
1688446689.785562 2023-07-03 23:58:09 MainProcess-77890 FlowControl-Thread-123145551908864 parsl.process_loggers:28 wrapped DEBUG: Normal ending for _general_strategy on thread FlowControl-Thread
1688446694.785448 2023-07-03 23:58:14 MainProcess-77890 FlowControl-Thread-123145551908864 parsl.dataflow.strategy:166 _general_strategy DEBUG: general strategy starting with strategy_type simple for 0 executors
1688446694.785709 2023-07-03 23:58:14 MainProcess-77890 FlowControl-Thread-123145551908864 parsl.process_loggers:28 wrapped DEBUG: Normal ending for _general_strategy on thread FlowControl-Thread
1688446699.787410 2023-07-03 23:58:19 MainProcess-77890 FlowControl-Thread-123145551908864 parsl.dataflow.strategy:166 _general_strategy DEBUG: general strategy starting with strategy_type simple for 0 executors
1688446699.787660 2023-07-03 23:58:19 MainProcess-77890 FlowControl-Thread-123145551908864 parsl.process_loggers:28 wrapped DEBUG: Normal ending for _general_strategy on thread FlowControl-Thread
1688446704.789527 2023-07-03 23:58:24 MainProcess-77890 FlowControl-Thread-123145551908864 parsl.dataflow.strategy:166 _general_strategy DEBUG: general strategy starting with strategy_type simple for 0 executors
1688446704.789907 2023-07-03 23:58:24 MainProcess-77890 FlowControl-Thread-123145551908864 parsl.process_loggers:28 wrapped DEBUG: Normal ending for _general_strategy on thread FlowControl-Thread
1688446709.789826 2023-07-03 23:58:29 MainProcess-77890 FlowControl-Thread-123145551908864 parsl.dataflow.strategy:166 _general_strategy DEBUG: general strategy starting with strategy_type simple for 0 executors
1688446709.793517 2023-07-03 23:58:29 MainProcess-77890 FlowControl-Thread-123145551908864 parsl.process_loggers:28 wrapped DEBUG: Normal ending for _general_strategy on thread FlowControl-Thread
1688446714.790314 2023-07-03 23:58:34 MainProcess-77890 FlowControl-Thread-123145551908864 parsl.dataflow.strategy:166 _general_strategy DEBUG: general strategy starting with strategy_type simple for 0 executors
1688446714.790515 2023-07-03 23:58:34 MainProcess-77890 FlowControl-Thread-123145551908864 parsl.process_loggers:28 wrapped DEBUG: Normal ending for _general_strategy on thread FlowControl-Thread
1688446719.795036 2023-07-03 23:58:39 MainProcess-77890 FlowControl-Thread-123145551908864 parsl.dataflow.strategy:166 _general_strategy DEBUG: general strategy starting with strategy_type simple for 0 executors
1688446719.795241 2023-07-03 23:58:39 MainProcess-77890 FlowControl-Thread-123145551908864 parsl.process_loggers:28 wrapped DEBUG: Normal ending for _general_strategy on thread FlowControl-Thread
1688446724.798202 2023-07-03 23:58:44 MainProcess-77890 FlowControl-Thread-123145551908864 parsl.dataflow.strategy:166 _general_strategy DEBUG: general strategy starting with strategy_type simple for 0 executors
1688446724.798415 2023-07-03 23:58:44 MainProcess-77890 FlowControl-Thread-123145551908864 parsl.process_loggers:28 wrapped DEBUG: Normal ending for _general_strategy on thread FlowControl-Thread
1688446729.798812 2023-07-03 23:58:49 MainProcess-77890 FlowControl-Thread-123145551908864 parsl.dataflow.strategy:166 _general_strategy DEBUG: general strategy starting with strategy_type simple for 0 executors
1688446729.799020 2023-07-03 23:58:49 MainProcess-77890 FlowControl-Thread-123145551908864 parsl.process_loggers:28 wrapped DEBUG: Normal ending for _general_strategy on thread FlowControl-Thread
1688446734.801588 2023-07-03 23:58:54 MainProcess-77890 FlowControl-Thread-123145551908864 parsl.dataflow.strategy:166 _general_strategy DEBUG: general strategy starting with strategy_type simple for 0 executors
1688446734.801982 2023-07-03 23:58:54 MainProcess-77890 FlowControl-Thread-123145551908864 parsl.process_loggers:28 wrapped DEBUG: Normal ending for _general_strategy on thread FlowControl-Thread
1688446739.802288 2023-07-03 23:58:59 MainProcess-77890 FlowControl-Thread-123145551908864 parsl.dataflow.strategy:166 _general_strategy DEBUG: general strategy starting with strategy_type simple for 0 executors
1688446739.802487 2023-07-03 23:58:59 MainProcess-77890 FlowControl-Thread-123145551908864 parsl.process_loggers:28 wrapped DEBUG: Normal ending for _general_strategy on thread FlowControl-Thread
1688446744.804782 2023-07-03 23:59:04 MainProcess-77890 FlowControl-Thread-123145551908864 parsl.dataflow.strategy:166 _general_strategy DEBUG: general strategy starting with strategy_type simple for 0 executors
1688446744.805196 2023-07-03 23:59:04 MainProcess-77890 FlowControl-Thread-123145551908864 parsl.process_loggers:28 wrapped DEBUG: Normal ending for _general_strategy on thread FlowControl-Thread
1688446749.808559 2023-07-03 23:59:09 MainProcess-77890 FlowControl-Thread-123145551908864 parsl.dataflow.strategy:166 _general_strategy DEBUG: general strategy starting with strategy_type simple for 0 executors
1688446749.808893 2023-07-03 23:59:09 MainProcess-77890 FlowControl-Thread-123145551908864 parsl.process_loggers:28 wrapped DEBUG: Normal ending for _general_strategy on thread FlowControl-Thread
1688446754.808791 2023-07-03 23:59:14 MainProcess-77890 FlowControl-Thread-123145551908864 parsl.dataflow.strategy:166 _general_strategy DEBUG: general strategy starting with strategy_type simple for 0 executors
1688446754.808984 2023-07-03 23:59:14 MainProcess-77890 FlowControl-Thread-123145551908864 parsl.process_loggers:28 wrapped DEBUG: Normal ending for _general_strategy on thread FlowControl-Thread
1688446759.809065 2023-07-03 23:59:19 MainProcess-77890 FlowControl-Thread-123145551908864 parsl.dataflow.strategy:166 _general_strategy DEBUG: general strategy starting with strategy_type simple for 0 executors
1688446759.809369 2023-07-03 23:59:19 MainProcess-77890 FlowControl-Thread-123145551908864 parsl.process_loggers:28 wrapped DEBUG: Normal ending for _general_strategy on thread FlowControl-Thread
1688446764.810359 2023-07-03 23:59:24 MainProcess-77890 FlowControl-Thread-123145551908864 parsl.dataflow.strategy:166 _general_strategy DEBUG: general strategy starting with strategy_type simple for 0 executors
1688446764.810609 2023-07-03 23:59:24 MainProcess-77890 FlowControl-Thread-123145551908864 parsl.process_loggers:28 wrapped DEBUG: Normal ending for _general_strategy on thread FlowControl-Thread
1688446769.811962 2023-07-03 23:59:29 MainProcess-77890 FlowControl-Thread-123145551908864 parsl.dataflow.strategy:166 _general_strategy DEBUG: general strategy starting with strategy_type simple for 0 executors
1688446769.812224 2023-07-03 23:59:29 MainProcess-77890 FlowControl-Thread-123145551908864 parsl.process_loggers:28 wrapped DEBUG: Normal ending for _general_strategy on thread FlowControl-Thread
1688446774.815728 2023-07-03 23:59:34 MainProcess-77890 FlowControl-Thread-123145551908864 parsl.dataflow.strategy:166 _general_strategy DEBUG: general strategy starting with strategy_type simple for 0 executors
1688446774.815948 2023-07-03 23:59:34 MainProcess-77890 FlowControl-Thread-123145551908864 parsl.process_loggers:28 wrapped DEBUG: Normal ending for _general_strategy on thread FlowControl-Thread
1688446779.821084 2023-07-03 23:59:39 MainProcess-77890 FlowControl-Thread-123145551908864 parsl.dataflow.strategy:166 _general_strategy DEBUG: general strategy starting with strategy_type simple for 0 executors
1688446779.821472 2023-07-03 23:59:39 MainProcess-77890 FlowControl-Thread-123145551908864 parsl.process_loggers:28 wrapped DEBUG: Normal ending for _general_strategy on thread FlowControl-Thread
1688446784.822396 2023-07-03 23:59:44 MainProcess-77890 FlowControl-Thread-123145551908864 parsl.dataflow.strategy:166 _general_strategy DEBUG: general strategy starting with strategy_type simple for 0 executors
1688446784.822784 2023-07-03 23:59:44 MainProcess-77890 FlowControl-Thread-123145551908864 parsl.process_loggers:28 wrapped DEBUG: Normal ending for _general_strategy on thread FlowControl-Thread
1688446789.824352 2023-07-03 23:59:49 MainProcess-77890 FlowControl-Thread-123145551908864 parsl.dataflow.strategy:166 _general_strategy DEBUG: general strategy starting with strategy_type simple for 0 executors
1688446789.824706 2023-07-03 23:59:49 MainProcess-77890 FlowControl-Thread-123145551908864 parsl.process_loggers:28 wrapped DEBUG: Normal ending for _general_strategy on thread FlowControl-Thread
1688446794.828844 2023-07-03 23:59:54 MainProcess-77890 FlowControl-Thread-123145551908864 parsl.dataflow.strategy:166 _general_strategy DEBUG: general strategy starting with strategy_type simple for 0 executors
1688446794.829047 2023-07-03 23:59:54 MainProcess-77890 FlowControl-Thread-123145551908864 parsl.process_loggers:28 wrapped DEBUG: Normal ending for _general_strategy on thread FlowControl-Thread
1688446799.832437 2023-07-03 23:59:59 MainProcess-77890 FlowControl-Thread-123145551908864 parsl.dataflow.strategy:166 _general_strategy DEBUG: general strategy starting with strategy_type simple for 0 executors
1688446799.832896 2023-07-03 23:59:59 MainProcess-77890 FlowControl-Thread-123145551908864 parsl.process_loggers:28 wrapped DEBUG: Normal ending for _general_strategy on thread FlowControl-Thread
1688446804.832591 2023-07-04 00:00:04 MainProcess-77890 FlowControl-Thread-123145551908864 parsl.dataflow.strategy:166 _general_strategy DEBUG: general strategy starting with strategy_type simple for 0 executors
1688446804.832765 2023-07-04 00:00:04 MainProcess-77890 FlowControl-Thread-123145551908864 parsl.process_loggers:28 wrapped DEBUG: Normal ending for _general_strategy on thread FlowControl-Thread
1688446809.832860 2023-07-04 00:00:09 MainProcess-77890 FlowControl-Thread-123145551908864 parsl.dataflow.strategy:166 _general_strategy DEBUG: general strategy starting with strategy_type simple for 0 executors
1688446809.833065 2023-07-04 00:00:09 MainProcess-77890 FlowControl-Thread-123145551908864 parsl.process_loggers:28 wrapped DEBUG: Normal ending for _general_strategy on thread FlowControl-Thread
1688446814.833157 2023-07-04 00:00:14 MainProcess-77890 FlowControl-Thread-123145551908864 parsl.dataflow.strategy:166 _general_strategy DEBUG: general strategy starting with strategy_type simple for 0 executors
1688446814.833431 2023-07-04 00:00:14 MainProcess-77890 FlowControl-Thread-123145551908864 parsl.process_loggers:28 wrapped DEBUG: Normal ending for _general_strategy on thread FlowControl-Thread
1688446819.837096 2023-07-04 00:00:19 MainProcess-77890 FlowControl-Thread-123145551908864 parsl.dataflow.strategy:166 _general_strategy DEBUG: general strategy starting with strategy_type simple for 0 executors
1688446819.837295 2023-07-04 00:00:19 MainProcess-77890 FlowControl-Thread-123145551908864 parsl.process_loggers:28 wrapped DEBUG: Normal ending for _general_strategy on thread FlowControl-Thread
1688446824.841084 2023-07-04 00:00:24 MainProcess-77890 FlowControl-Thread-123145551908864 parsl.dataflow.strategy:166 _general_strategy DEBUG: general strategy starting with strategy_type simple for 0 executors
1688446824.841267 2023-07-04 00:00:24 MainProcess-77890 FlowControl-Thread-123145551908864 parsl.process_loggers:28 wrapped DEBUG: Normal ending for _general_strategy on thread FlowControl-Thread
1688446829.842557 2023-07-04 00:00:29 MainProcess-77890 FlowControl-Thread-123145551908864 parsl.dataflow.strategy:166 _general_strategy DEBUG: general strategy starting with strategy_type simple for 0 executors
1688446829.842728 2023-07-04 00:00:29 MainProcess-77890 FlowControl-Thread-123145551908864 parsl.process_loggers:28 wrapped DEBUG: Normal ending for _general_strategy on thread FlowControl-Thread
1688446834.842793 2023-07-04 00:00:34 MainProcess-77890 FlowControl-Thread-123145551908864 parsl.dataflow.strategy:166 _general_strategy DEBUG: general strategy starting with strategy_type simple for 0 executors
1688446834.842963 2023-07-04 00:00:34 MainProcess-77890 FlowControl-Thread-123145551908864 parsl.process_loggers:28 wrapped DEBUG: Normal ending for _general_strategy on thread FlowControl-Thread
1688446839.846566 2023-07-04 00:00:39 MainProcess-77890 FlowControl-Thread-123145551908864 parsl.dataflow.strategy:166 _general_strategy DEBUG: general strategy starting with strategy_type simple for 0 executors
1688446839.846745 2023-07-04 00:00:39 MainProcess-77890 FlowControl-Thread-123145551908864 parsl.process_loggers:28 wrapped DEBUG: Normal ending for _general_strategy on thread FlowControl-Thread
1688446840.986920 2023-07-04 00:00:40 MainProcess-77890 MainThread-4583593472 parsl.dataflow.dflow:1038 atexit_cleanup INFO: DFK cleanup because python process is exiting
1688446840.987102 2023-07-04 00:00:40 MainProcess-77890 MainThread-4583593472 parsl.dataflow.dflow:1076 cleanup INFO: DFK cleanup initiated
1688446840.987176 2023-07-04 00:00:40 MainProcess-77890 MainThread-4583593472 parsl.dataflow.dflow:976 log_task_states INFO: Summary of tasks in DFK:
1688446840.987341 2023-07-04 00:00:40 MainProcess-77890 MainThread-4583593472 parsl.dataflow.dflow:980 log_task_states INFO: Tasks in state States.unsched: 0
1688446840.987412 2023-07-04 00:00:40 MainProcess-77890 MainThread-4583593472 parsl.dataflow.dflow:980 log_task_states INFO: Tasks in state States.pending: 0
1688446840.987477 2023-07-04 00:00:40 MainProcess-77890 MainThread-4583593472 parsl.dataflow.dflow:980 log_task_states INFO: Tasks in state States.running: 0
1688446840.987539 2023-07-04 00:00:40 MainProcess-77890 MainThread-4583593472 parsl.dataflow.dflow:980 log_task_states INFO: Tasks in state States.exec_done: 20
1688446840.987599 2023-07-04 00:00:40 MainProcess-77890 MainThread-4583593472 parsl.dataflow.dflow:980 log_task_states INFO: Tasks in state States.failed: 0
1688446840.987659 2023-07-04 00:00:40 MainProcess-77890 MainThread-4583593472 parsl.dataflow.dflow:980 log_task_states INFO: Tasks in state States.dep_fail: 0
1688446840.987718 2023-07-04 00:00:40 MainProcess-77890 MainThread-4583593472 parsl.dataflow.dflow:980 log_task_states INFO: Tasks in state States.launched: 0
1688446840.987777 2023-07-04 00:00:40 MainProcess-77890 MainThread-4583593472 parsl.dataflow.dflow:980 log_task_states INFO: Tasks in state States.fail_retryable: 0
1688446840.987836 2023-07-04 00:00:40 MainProcess-77890 MainThread-4583593472 parsl.dataflow.dflow:980 log_task_states INFO: Tasks in state States.memo_done: 0
1688446840.987895 2023-07-04 00:00:40 MainProcess-77890 MainThread-4583593472 parsl.dataflow.dflow:980 log_task_states INFO: Tasks in state States.joining: 0
1688446840.987954 2023-07-04 00:00:40 MainProcess-77890 MainThread-4583593472 parsl.dataflow.dflow:980 log_task_states INFO: Tasks in state States.running_ended: 0
1688446840.988011 2023-07-04 00:00:40 MainProcess-77890 MainThread-4583593472 parsl.dataflow.dflow:982 log_task_states INFO: End of summary
1688446840.988948 2023-07-04 00:00:40 MainProcess-77890 MainThread-4583593472 parsl.dataflow.dflow:1100 cleanup INFO: Closing flowcontrol
1688446840.993481 2023-07-04 00:00:40 MainProcess-77890 MainThread-4583593472 parsl.dataflow.dflow:1102 cleanup INFO: Terminated flow control
1688446840.993645 2023-07-04 00:00:40 MainProcess-77890 MainThread-4583593472 parsl.dataflow.dflow:1104 cleanup INFO: Scaling in and shutting down executors
1688446840.993723 2023-07-04 00:00:40 MainProcess-77890 MainThread-4583593472 parsl.dataflow.dflow:1119 cleanup INFO: Shutting down executor threads
1688446840.993813 2023-07-04 00:00:40 MainProcess-77890 MainThread-4583593472 parsl.executors.threads:105 shutdown DEBUG: Shutting down executor, which involves waiting for running tasks to complete
1688446840.993895 2023-07-04 00:00:40 MainProcess-77890 MainThread-4583593472 parsl.executors.threads:107 shutdown DEBUG: Done with executor shutdown
1688446840.993955 2023-07-04 00:00:40 MainProcess-77890 MainThread-4583593472 parsl.dataflow.dflow:1121 cleanup INFO: Shut down executor threads
1688446840.994014 2023-07-04 00:00:40 MainProcess-77890 MainThread-4583593472 parsl.dataflow.dflow:1119 cleanup INFO: Shutting down executor _parsl_internal
1688446840.994071 2023-07-04 00:00:40 MainProcess-77890 MainThread-4583593472 parsl.executors.threads:105 shutdown DEBUG: Shutting down executor, which involves waiting for running tasks to complete
1688446840.994130 2023-07-04 00:00:40 MainProcess-77890 MainThread-4583593472 parsl.executors.threads:107 shutdown DEBUG: Done with executor shutdown
1688446840.994191 2023-07-04 00:00:40 MainProcess-77890 MainThread-4583593472 parsl.dataflow.dflow:1121 cleanup INFO: Shut down executor _parsl_internal
1688446840.994247 2023-07-04 00:00:40 MainProcess-77890 MainThread-4583593472 parsl.dataflow.dflow:1127 cleanup INFO: Terminated executors
1688446840.995504 2023-07-04 00:00:40 MainProcess-77890 MainThread-4583593472 parsl.dataflow.dflow:1144 cleanup INFO: DFK cleanup complete
1688446840.995709 2023-07-04 00:00:40 MainProcess-77890 MainThread-4583593472 parsl.process_loggers:28 wrapped DEBUG: Normal ending for cleanup on thread MainThread
