1688445391.376535 2023-07-03 23:36:31 MainProcess-77543 MainThread-4627998208 parsl.dataflow.dflow:87 __init__ DEBUG: Starting DataFlowKernel with config
Config(
    app_cache=True, 
    checkpoint_files=None, 
    checkpoint_mode=None, 
    checkpoint_period=None, 
    executors=[ThreadPoolExecutor(
        label='threads', 
        managed=True, 
        max_threads=8, 
        storage_access=None, 
        thread_name_prefix='', 
        working_dir=None
    )], 
    garbage_collect=True, 
    initialize_logging=True, 
    internal_tasks_max_threads=10, 
    max_idletime=120.0, 
    monitoring=None, 
    retries=0, 
    retry_handler=None, 
    run_dir='runinfo', 
    strategy='simple', 
    usage_tracking=False
)
1688445391.376860 2023-07-03 23:36:31 MainProcess-77543 MainThread-4627998208 parsl.dataflow.dflow:89 __init__ INFO: Parsl version: 1.3.0dev1
1688445391.377096 2023-07-03 23:36:31 MainProcess-77543 MainThread-4627998208 parsl.dataflow.usage_tracking.usage:129 __init__ DEBUG: Tracking status: False
1688445391.377380 2023-07-03 23:36:31 MainProcess-77543 MainThread-4627998208 parsl.dataflow.dflow:115 __init__ INFO: Run id is: 0d9142f8-ceb2-46f3-a8d5-1df575eb6c35
1688445391.504882 2023-07-03 23:36:31 MainProcess-77543 MainThread-4627998208 parsl.dataflow.dflow:122 __init__ DEBUG: Considering candidate for workflow name: /Library/Frameworks/Python.framework/Versions/3.9/lib/python3.9/site-packages/parsl/dataflow/dflow.py
1688445391.505000 2023-07-03 23:36:31 MainProcess-77543 MainThread-4627998208 parsl.dataflow.dflow:122 __init__ DEBUG: Considering candidate for workflow name: /Library/Frameworks/Python.framework/Versions/3.9/lib/python3.9/site-packages/parsl/dataflow/dflow.py
1688445391.505055 2023-07-03 23:36:31 MainProcess-77543 MainThread-4627998208 parsl.dataflow.dflow:122 __init__ DEBUG: Considering candidate for workflow name: /Library/Frameworks/Python.framework/Versions/3.9/lib/python3.9/site-packages/typeguard/__init__.py
1688445391.505102 2023-07-03 23:36:31 MainProcess-77543 MainThread-4627998208 parsl.dataflow.dflow:122 __init__ DEBUG: Considering candidate for workflow name: /Users/vedkommalapati/Desktop/funcXVisualize/main.py
1688445391.505149 2023-07-03 23:36:31 MainProcess-77543 MainThread-4627998208 parsl.dataflow.dflow:128 __init__ DEBUG: Using main.py as workflow name
1688445391.505351 2023-07-03 23:36:31 MainProcess-77543 MainThread-4627998208 parsl.dataflow.memoization:174 __init__ INFO: App caching initialized
1688445391.505427 2023-07-03 23:36:31 MainProcess-77543 MainThread-4627998208 parsl.dataflow.strategy:127 __init__ DEBUG: Scaling strategy: simple
1688445392.505788 2023-07-03 23:36:32 MainProcess-77543 FlowControl-Thread-123145515552768 parsl.dataflow.strategy:166 _general_strategy DEBUG: general strategy starting with strategy_type simple for 0 executors
1688445392.505997 2023-07-03 23:36:32 MainProcess-77543 FlowControl-Thread-123145515552768 parsl.process_loggers:28 wrapped DEBUG: Normal ending for _general_strategy on thread FlowControl-Thread
1688445395.070351 2023-07-03 23:36:35 MainProcess-77543 Thread-1-123145532342272 parsl.dataflow.dflow:850 submit DEBUG: Task 0 will be sent to executor threads
1688445395.070550 2023-07-03 23:36:35 MainProcess-77543 Thread-1-123145532342272 parsl.dataflow.dflow:676 _add_output_deps DEBUG: Adding output dependencies
1688445395.070635 2023-07-03 23:36:35 MainProcess-77543 Thread-1-123145532342272 parsl.dataflow.dflow:930 submit INFO: Task 0 submitted for App execute_query, not waiting on any dependency
1688445395.070714 2023-07-03 23:36:35 MainProcess-77543 Thread-1-123145532342272 parsl.dataflow.dflow:938 submit DEBUG: Task 0 set to pending state with AppFuture: <AppFuture at 0x7fd07379a9a0 state=pending>
1688445395.070794 2023-07-03 23:36:35 MainProcess-77543 Thread-1-123145532342272 parsl.dataflow.memoization:237 check_memo DEBUG: Task 0 will not be memoized
1688445395.079279 2023-07-03 23:36:35 MainProcess-77543 Thread-1-123145532342272 parsl.dataflow.dflow:639 launch_task INFO: Parsl task 0 try 0 launched on executor threads
1688445395.080112 2023-07-03 23:36:35 MainProcess-77543 Thread-1-123145532342272 parsl.dataflow.dflow:850 submit DEBUG: Task 1 will be sent to executor threads
1688445395.080616 2023-07-03 23:36:35 MainProcess-77543 Thread-1-123145532342272 parsl.dataflow.dflow:676 _add_output_deps DEBUG: Adding output dependencies
1688445395.081028 2023-07-03 23:36:35 MainProcess-77543 Thread-1-123145532342272 parsl.dataflow.dflow:930 submit INFO: Task 1 submitted for App execute_query, not waiting on any dependency
1688445395.081436 2023-07-03 23:36:35 MainProcess-77543 Thread-1-123145532342272 parsl.dataflow.dflow:938 submit DEBUG: Task 1 set to pending state with AppFuture: <AppFuture at 0x7fd0737b05b0 state=pending>
1688445395.081843 2023-07-03 23:36:35 MainProcess-77543 Thread-1-123145532342272 parsl.dataflow.memoization:237 check_memo DEBUG: Task 1 will not be memoized
1688445395.083108 2023-07-03 23:36:35 MainProcess-77543 Thread-1-123145532342272 parsl.dataflow.dflow:639 launch_task INFO: Parsl task 1 try 0 launched on executor threads
1688445395.084016 2023-07-03 23:36:35 MainProcess-77543 Thread-1-123145532342272 parsl.dataflow.dflow:850 submit DEBUG: Task 2 will be sent to executor threads
1688445395.084303 2023-07-03 23:36:35 MainProcess-77543 ThreadPoolExecutor-0_1-123145582710784 parsl.dataflow.dflow:462 _complete_task INFO: Task 1 completed (launched -> exec_done)
1688445395.085157 2023-07-03 23:36:35 MainProcess-77543 Thread-1-123145532342272 parsl.dataflow.dflow:676 _add_output_deps DEBUG: Adding output dependencies
1688445395.086346 2023-07-03 23:36:35 MainProcess-77543 Thread-1-123145532342272 parsl.dataflow.dflow:930 submit INFO: Task 2 submitted for App execute_query, not waiting on any dependency
1688445395.086833 2023-07-03 23:36:35 MainProcess-77543 Thread-1-123145532342272 parsl.dataflow.dflow:938 submit DEBUG: Task 2 set to pending state with AppFuture: <AppFuture at 0x7fd0737b0d60 state=pending>
1688445395.087270 2023-07-03 23:36:35 MainProcess-77543 Thread-1-123145532342272 parsl.dataflow.memoization:237 check_memo DEBUG: Task 2 will not be memoized
1688445395.087711 2023-07-03 23:36:35 MainProcess-77543 Thread-1-123145532342272 parsl.dataflow.dflow:639 launch_task INFO: Parsl task 2 try 0 launched on executor threads
1688445395.088836 2023-07-03 23:36:35 MainProcess-77543 Thread-1-123145532342272 parsl.dataflow.dflow:850 submit DEBUG: Task 3 will be sent to executor threads
1688445395.089465 2023-07-03 23:36:35 MainProcess-77543 Thread-1-123145532342272 parsl.dataflow.dflow:676 _add_output_deps DEBUG: Adding output dependencies
1688445395.090533 2023-07-03 23:36:35 MainProcess-77543 Thread-1-123145532342272 parsl.dataflow.dflow:930 submit INFO: Task 3 submitted for App execute_query, not waiting on any dependency
1688445395.091739 2023-07-03 23:36:35 MainProcess-77543 Thread-1-123145532342272 parsl.dataflow.dflow:938 submit DEBUG: Task 3 set to pending state with AppFuture: <AppFuture at 0x7fd0737b0f70 state=pending>
1688445395.092870 2023-07-03 23:36:35 MainProcess-77543 Thread-1-123145532342272 parsl.dataflow.memoization:237 check_memo DEBUG: Task 3 will not be memoized
1688445395.094980 2023-07-03 23:36:35 MainProcess-77543 Thread-1-123145532342272 parsl.dataflow.dflow:639 launch_task INFO: Parsl task 3 try 0 launched on executor threads
1688445395.096052 2023-07-03 23:36:35 MainProcess-77543 Thread-1-123145532342272 parsl.dataflow.dflow:850 submit DEBUG: Task 4 will be sent to executor threads
1688445395.096541 2023-07-03 23:36:35 MainProcess-77543 Thread-1-123145532342272 parsl.dataflow.dflow:676 _add_output_deps DEBUG: Adding output dependencies
1688445395.096933 2023-07-03 23:36:35 MainProcess-77543 Thread-1-123145532342272 parsl.dataflow.dflow:930 submit INFO: Task 4 submitted for App execute_query, not waiting on any dependency
1688445395.098378 2023-07-03 23:36:35 MainProcess-77543 Thread-1-123145532342272 parsl.dataflow.dflow:938 submit DEBUG: Task 4 set to pending state with AppFuture: <AppFuture at 0x7fd0737bd640 state=pending>
1688445395.099276 2023-07-03 23:36:35 MainProcess-77543 Thread-1-123145532342272 parsl.dataflow.memoization:237 check_memo DEBUG: Task 4 will not be memoized
1688445395.100488 2023-07-03 23:36:35 MainProcess-77543 Thread-1-123145532342272 parsl.dataflow.dflow:639 launch_task INFO: Parsl task 4 try 0 launched on executor threads
1688445395.102122 2023-07-03 23:36:35 MainProcess-77543 Thread-1-123145532342272 parsl.dataflow.dflow:850 submit DEBUG: Task 5 will be sent to executor threads
1688445395.102278 2023-07-03 23:36:35 MainProcess-77543 Thread-1-123145532342272 parsl.dataflow.dflow:676 _add_output_deps DEBUG: Adding output dependencies
1688445395.107629 2023-07-03 23:36:35 MainProcess-77543 Thread-1-123145532342272 parsl.dataflow.dflow:930 submit INFO: Task 5 submitted for App execute_query, not waiting on any dependency
1688445395.110965 2023-07-03 23:36:35 MainProcess-77543 Thread-1-123145532342272 parsl.dataflow.dflow:938 submit DEBUG: Task 5 set to pending state with AppFuture: <AppFuture at 0x7fd0737bdbe0 state=pending>
1688445395.112770 2023-07-03 23:36:35 MainProcess-77543 Thread-1-123145532342272 parsl.dataflow.memoization:237 check_memo DEBUG: Task 5 will not be memoized
1688445395.114522 2023-07-03 23:36:35 MainProcess-77543 Thread-1-123145532342272 parsl.dataflow.dflow:639 launch_task INFO: Parsl task 5 try 0 launched on executor threads
1688445395.122408 2023-07-03 23:36:35 MainProcess-77543 Thread-1-123145532342272 parsl.dataflow.dflow:850 submit DEBUG: Task 6 will be sent to executor threads
1688445395.136345 2023-07-03 23:36:35 MainProcess-77543 Thread-1-123145532342272 parsl.dataflow.dflow:676 _add_output_deps DEBUG: Adding output dependencies
1688445395.148207 2023-07-03 23:36:35 MainProcess-77543 Thread-1-123145532342272 parsl.dataflow.dflow:930 submit INFO: Task 6 submitted for App execute_query, not waiting on any dependency
1688445395.153141 2023-07-03 23:36:35 MainProcess-77543 Thread-1-123145532342272 parsl.dataflow.dflow:938 submit DEBUG: Task 6 set to pending state with AppFuture: <AppFuture at 0x7fd074044220 state=pending>
1688445395.156234 2023-07-03 23:36:35 MainProcess-77543 Thread-1-123145532342272 parsl.dataflow.memoization:237 check_memo DEBUG: Task 6 will not be memoized
1688445395.161128 2023-07-03 23:36:35 MainProcess-77543 Thread-1-123145532342272 parsl.dataflow.dflow:639 launch_task INFO: Parsl task 6 try 0 launched on executor threads
1688445395.188054 2023-07-03 23:36:35 MainProcess-77543 Thread-1-123145532342272 parsl.dataflow.dflow:850 submit DEBUG: Task 7 will be sent to executor threads
1688445395.292236 2023-07-03 23:36:35 MainProcess-77543 Thread-1-123145532342272 parsl.dataflow.dflow:676 _add_output_deps DEBUG: Adding output dependencies
1688445395.292360 2023-07-03 23:36:35 MainProcess-77543 Thread-1-123145532342272 parsl.dataflow.dflow:930 submit INFO: Task 7 submitted for App execute_query, not waiting on any dependency
1688445395.292443 2023-07-03 23:36:35 MainProcess-77543 Thread-1-123145532342272 parsl.dataflow.dflow:938 submit DEBUG: Task 7 set to pending state with AppFuture: <AppFuture at 0x7fd074044820 state=pending>
1688445395.292518 2023-07-03 23:36:35 MainProcess-77543 Thread-1-123145532342272 parsl.dataflow.memoization:237 check_memo DEBUG: Task 7 will not be memoized
1688445395.306487 2023-07-03 23:36:35 MainProcess-77543 Thread-1-123145532342272 parsl.dataflow.dflow:639 launch_task INFO: Parsl task 7 try 0 launched on executor threads
1688445395.306723 2023-07-03 23:36:35 MainProcess-77543 Thread-1-123145532342272 parsl.dataflow.dflow:850 submit DEBUG: Task 8 will be sent to executor threads
1688445395.306844 2023-07-03 23:36:35 MainProcess-77543 Thread-1-123145532342272 parsl.dataflow.dflow:676 _add_output_deps DEBUG: Adding output dependencies
1688445395.306925 2023-07-03 23:36:35 MainProcess-77543 Thread-1-123145532342272 parsl.dataflow.dflow:930 submit INFO: Task 8 submitted for App execute_query, not waiting on any dependency
1688445395.307006 2023-07-03 23:36:35 MainProcess-77543 Thread-1-123145532342272 parsl.dataflow.dflow:938 submit DEBUG: Task 8 set to pending state with AppFuture: <AppFuture at 0x7fd074044e80 state=pending>
1688445395.307109 2023-07-03 23:36:35 MainProcess-77543 Thread-1-123145532342272 parsl.dataflow.memoization:237 check_memo DEBUG: Task 8 will not be memoized
1688445395.324730 2023-07-03 23:36:35 MainProcess-77543 Thread-1-123145532342272 parsl.dataflow.dflow:639 launch_task INFO: Parsl task 8 try 0 launched on executor threads
1688445395.325296 2023-07-03 23:36:35 MainProcess-77543 Thread-1-123145532342272 parsl.dataflow.dflow:850 submit DEBUG: Task 9 will be sent to executor threads
1688445395.325646 2023-07-03 23:36:35 MainProcess-77543 Thread-1-123145532342272 parsl.dataflow.dflow:676 _add_output_deps DEBUG: Adding output dependencies
1688445395.325894 2023-07-03 23:36:35 MainProcess-77543 Thread-1-123145532342272 parsl.dataflow.dflow:930 submit INFO: Task 9 submitted for App execute_query, not waiting on any dependency
1688445395.326158 2023-07-03 23:36:35 MainProcess-77543 Thread-1-123145532342272 parsl.dataflow.dflow:938 submit DEBUG: Task 9 set to pending state with AppFuture: <AppFuture at 0x7fd07404c430 state=pending>
1688445395.334496 2023-07-03 23:36:35 MainProcess-77543 Thread-1-123145532342272 parsl.dataflow.memoization:237 check_memo DEBUG: Task 9 will not be memoized
1688445395.334753 2023-07-03 23:36:35 MainProcess-77543 Thread-1-123145532342272 parsl.dataflow.dflow:639 launch_task INFO: Parsl task 9 try 0 launched on executor threads
1688445395.334880 2023-07-03 23:36:35 MainProcess-77543 Thread-1-123145532342272 parsl.dataflow.dflow:850 submit DEBUG: Task 10 will be sent to executor threads
1688445395.334987 2023-07-03 23:36:35 MainProcess-77543 Thread-1-123145532342272 parsl.dataflow.dflow:676 _add_output_deps DEBUG: Adding output dependencies
1688445395.335701 2023-07-03 23:36:35 MainProcess-77543 Thread-1-123145532342272 parsl.dataflow.dflow:930 submit INFO: Task 10 submitted for App execute_query, not waiting on any dependency
1688445395.335877 2023-07-03 23:36:35 MainProcess-77543 Thread-1-123145532342272 parsl.dataflow.dflow:938 submit DEBUG: Task 10 set to pending state with AppFuture: <AppFuture at 0x7fd07404c790 state=pending>
1688445395.335968 2023-07-03 23:36:35 MainProcess-77543 Thread-1-123145532342272 parsl.dataflow.memoization:237 check_memo DEBUG: Task 10 will not be memoized
1688445395.336067 2023-07-03 23:36:35 MainProcess-77543 Thread-1-123145532342272 parsl.dataflow.dflow:639 launch_task INFO: Parsl task 10 try 0 launched on executor threads
1688445395.336158 2023-07-03 23:36:35 MainProcess-77543 Thread-1-123145532342272 parsl.dataflow.dflow:850 submit DEBUG: Task 11 will be sent to executor threads
1688445395.336246 2023-07-03 23:36:35 MainProcess-77543 Thread-1-123145532342272 parsl.dataflow.dflow:676 _add_output_deps DEBUG: Adding output dependencies
1688445395.336316 2023-07-03 23:36:35 MainProcess-77543 Thread-1-123145532342272 parsl.dataflow.dflow:930 submit INFO: Task 11 submitted for App execute_query, not waiting on any dependency
1688445395.336388 2023-07-03 23:36:35 MainProcess-77543 Thread-1-123145532342272 parsl.dataflow.dflow:938 submit DEBUG: Task 11 set to pending state with AppFuture: <AppFuture at 0x7fd07404ca60 state=pending>
1688445395.336461 2023-07-03 23:36:35 MainProcess-77543 Thread-1-123145532342272 parsl.dataflow.memoization:237 check_memo DEBUG: Task 11 will not be memoized
1688445395.336559 2023-07-03 23:36:35 MainProcess-77543 Thread-1-123145532342272 parsl.dataflow.dflow:639 launch_task INFO: Parsl task 11 try 0 launched on executor threads
1688445397.507271 2023-07-03 23:36:37 MainProcess-77543 FlowControl-Thread-123145515552768 parsl.dataflow.strategy:166 _general_strategy DEBUG: general strategy starting with strategy_type simple for 0 executors
1688445397.534513 2023-07-03 23:36:37 MainProcess-77543 FlowControl-Thread-123145515552768 parsl.process_loggers:28 wrapped DEBUG: Normal ending for _general_strategy on thread FlowControl-Thread
1688445398.019583 2023-07-03 23:36:38 MainProcess-77543 ThreadPoolExecutor-0_5-123145649868800 parsl.dataflow.dflow:462 _complete_task INFO: Task 6 completed (launched -> exec_done)
1688445398.602657 2023-07-03 23:36:38 MainProcess-77543 ThreadPoolExecutor-0_3-123145616289792 parsl.dataflow.dflow:462 _complete_task INFO: Task 4 completed (launched -> exec_done)
1688445398.691322 2023-07-03 23:36:38 MainProcess-77543 ThreadPoolExecutor-0_1-123145582710784 parsl.dataflow.dflow:462 _complete_task INFO: Task 2 completed (launched -> exec_done)
1688445398.755119 2023-07-03 23:36:38 MainProcess-77543 ThreadPoolExecutor-0_0-123145549131776 parsl.dataflow.dflow:462 _complete_task INFO: Task 0 completed (launched -> exec_done)
1688445398.787963 2023-07-03 23:36:38 MainProcess-77543 ThreadPoolExecutor-0_2-123145599500288 parsl.dataflow.dflow:462 _complete_task INFO: Task 3 completed (launched -> exec_done)
1688445400.279830 2023-07-03 23:36:40 MainProcess-77543 ThreadPoolExecutor-0_6-123145666658304 parsl.dataflow.dflow:462 _complete_task INFO: Task 7 completed (launched -> exec_done)
1688445401.060050 2023-07-03 23:36:41 MainProcess-77543 ThreadPoolExecutor-0_3-123145616289792 parsl.dataflow.dflow:462 _complete_task INFO: Task 10 completed (launched -> exec_done)
1688445401.139099 2023-07-03 23:36:41 MainProcess-77543 ThreadPoolExecutor-0_5-123145649868800 parsl.dataflow.dflow:462 _complete_task INFO: Task 9 completed (launched -> exec_done)
1688445401.310766 2023-07-03 23:36:41 MainProcess-77543 ThreadPoolExecutor-0_1-123145582710784 parsl.dataflow.dflow:462 _complete_task INFO: Task 11 completed (launched -> exec_done)
1688445402.508829 2023-07-03 23:36:42 MainProcess-77543 FlowControl-Thread-123145515552768 parsl.dataflow.strategy:166 _general_strategy DEBUG: general strategy starting with strategy_type simple for 0 executors
1688445402.508995 2023-07-03 23:36:42 MainProcess-77543 FlowControl-Thread-123145515552768 parsl.process_loggers:28 wrapped DEBUG: Normal ending for _general_strategy on thread FlowControl-Thread
1688445402.947970 2023-07-03 23:36:42 MainProcess-77543 ThreadPoolExecutor-0_7-123145683447808 parsl.dataflow.dflow:462 _complete_task INFO: Task 8 completed (launched -> exec_done)
1688445406.122703 2023-07-03 23:36:46 MainProcess-77543 ThreadPoolExecutor-0_4-123145633079296 parsl.dataflow.dflow:462 _complete_task INFO: Task 5 completed (launched -> exec_done)
1688445406.124172 2023-07-03 23:36:46 MainProcess-77543 Thread-1-123145532342272 parsl.dataflow.dflow:850 submit DEBUG: Task 12 will be sent to executor threads
1688445406.124332 2023-07-03 23:36:46 MainProcess-77543 Thread-1-123145532342272 parsl.dataflow.dflow:676 _add_output_deps DEBUG: Adding output dependencies
1688445406.124414 2023-07-03 23:36:46 MainProcess-77543 Thread-1-123145532342272 parsl.dataflow.dflow:930 submit INFO: Task 12 submitted for App process_start_data, not waiting on any dependency
1688445406.124495 2023-07-03 23:36:46 MainProcess-77543 Thread-1-123145532342272 parsl.dataflow.dflow:938 submit DEBUG: Task 12 set to pending state with AppFuture: <AppFuture at 0x7fd07379aac0 state=pending>
1688445406.124570 2023-07-03 23:36:46 MainProcess-77543 Thread-1-123145532342272 parsl.dataflow.memoization:237 check_memo DEBUG: Task 12 will not be memoized
1688445406.124665 2023-07-03 23:36:46 MainProcess-77543 Thread-1-123145532342272 parsl.dataflow.dflow:639 launch_task INFO: Parsl task 12 try 0 launched on executor threads
1688445406.124758 2023-07-03 23:36:46 MainProcess-77543 Thread-1-123145532342272 parsl.dataflow.dflow:850 submit DEBUG: Task 13 will be sent to executor threads
1688445406.124850 2023-07-03 23:36:46 MainProcess-77543 Thread-1-123145532342272 parsl.dataflow.dflow:676 _add_output_deps DEBUG: Adding output dependencies
1688445406.124921 2023-07-03 23:36:46 MainProcess-77543 Thread-1-123145532342272 parsl.dataflow.dflow:930 submit INFO: Task 13 submitted for App process_end_data, not waiting on any dependency
1688445406.124993 2023-07-03 23:36:46 MainProcess-77543 Thread-1-123145532342272 parsl.dataflow.dflow:938 submit DEBUG: Task 13 set to pending state with AppFuture: <AppFuture at 0x7fd043f0ffd0 state=pending>
1688445406.125063 2023-07-03 23:36:46 MainProcess-77543 Thread-1-123145532342272 parsl.dataflow.memoization:237 check_memo DEBUG: Task 13 will not be memoized
1688445406.125168 2023-07-03 23:36:46 MainProcess-77543 Thread-1-123145532342272 parsl.dataflow.dflow:639 launch_task INFO: Parsl task 13 try 0 launched on executor threads
1688445406.125247 2023-07-03 23:36:46 MainProcess-77543 Thread-1-123145532342272 parsl.dataflow.dflow:850 submit DEBUG: Task 14 will be sent to executor threads
1688445406.125325 2023-07-03 23:36:46 MainProcess-77543 Thread-1-123145532342272 parsl.dataflow.dflow:676 _add_output_deps DEBUG: Adding output dependencies
1688445406.125416 2023-07-03 23:36:46 MainProcess-77543 Thread-1-123145532342272 parsl.dataflow.dflow:930 submit INFO: Task 14 submitted for App process_queued_data, not waiting on any dependency
1688445406.125486 2023-07-03 23:36:46 MainProcess-77543 Thread-1-123145532342272 parsl.dataflow.dflow:938 submit DEBUG: Task 14 set to pending state with AppFuture: <AppFuture at 0x7fd02bbf32e0 state=pending>
1688445406.125557 2023-07-03 23:36:46 MainProcess-77543 Thread-1-123145532342272 parsl.dataflow.memoization:237 check_memo DEBUG: Task 14 will not be memoized
1688445406.125642 2023-07-03 23:36:46 MainProcess-77543 Thread-1-123145532342272 parsl.dataflow.dflow:639 launch_task INFO: Parsl task 14 try 0 launched on executor threads
1688445406.125853 2023-07-03 23:36:46 MainProcess-77543 Thread-1-123145532342272 parsl.dataflow.dflow:850 submit DEBUG: Task 15 will be sent to executor threads
1688445406.125949 2023-07-03 23:36:46 MainProcess-77543 Thread-1-123145532342272 parsl.dataflow.dflow:676 _add_output_deps DEBUG: Adding output dependencies
1688445406.126134 2023-07-03 23:36:46 MainProcess-77543 Thread-1-123145532342272 parsl.dataflow.dflow:930 submit INFO: Task 15 submitted for App calculate_runtimes, waiting on task 12, task 13, task 14
1688445406.126257 2023-07-03 23:36:46 MainProcess-77543 Thread-1-123145532342272 parsl.dataflow.dflow:938 submit DEBUG: Task 15 set to pending state with AppFuture: <AppFuture at 0x7fd02bbf3610 state=pending>
1688445406.126340 2023-07-03 23:36:46 MainProcess-77543 Thread-1-123145532342272 parsl.dataflow.dflow:525 launch_if_ready DEBUG: Task 15 has outstanding dependencies, so launch_if_ready skipping
1688445406.206343 2023-07-03 23:36:46 MainProcess-77543 ThreadPoolExecutor-0_2-123145599500288 parsl.dataflow.dflow:462 _complete_task INFO: Task 13 completed (launched -> exec_done)
1688445406.216646 2023-07-03 23:36:46 MainProcess-77543 ThreadPoolExecutor-0_0-123145549131776 parsl.dataflow.dflow:462 _complete_task INFO: Task 12 completed (launched -> exec_done)
1688445406.216922 2023-07-03 23:36:46 MainProcess-77543 ThreadPoolExecutor-0_2-123145599500288 parsl.dataflow.dflow:525 launch_if_ready DEBUG: Task 15 has outstanding dependencies, so launch_if_ready skipping
1688445406.225262 2023-07-03 23:36:46 MainProcess-77543 ThreadPoolExecutor-0_6-123145666658304 parsl.dataflow.dflow:462 _complete_task INFO: Task 14 completed (launched -> exec_done)
1688445406.225657 2023-07-03 23:36:46 MainProcess-77543 ThreadPoolExecutor-0_0-123145549131776 parsl.dataflow.dflow:525 launch_if_ready DEBUG: Task 15 has outstanding dependencies, so launch_if_ready skipping
1688445406.226008 2023-07-03 23:36:46 MainProcess-77543 ThreadPoolExecutor-0_6-123145666658304 parsl.dataflow.memoization:237 check_memo DEBUG: Task 15 will not be memoized
1688445406.226586 2023-07-03 23:36:46 MainProcess-77543 ThreadPoolExecutor-0_6-123145666658304 parsl.dataflow.dflow:639 launch_task INFO: Parsl task 15 try 0 launched on executor threads
1688445407.515492 2023-07-03 23:36:47 MainProcess-77543 FlowControl-Thread-123145515552768 parsl.dataflow.strategy:166 _general_strategy DEBUG: general strategy starting with strategy_type simple for 0 executors
1688445407.521405 2023-07-03 23:36:47 MainProcess-77543 FlowControl-Thread-123145515552768 parsl.process_loggers:28 wrapped DEBUG: Normal ending for _general_strategy on thread FlowControl-Thread
1688445410.712768 2023-07-03 23:36:50 MainProcess-77543 ThreadPoolExecutor-0_6-123145666658304 parsl.dataflow.dflow:462 _complete_task INFO: Task 15 completed (launched -> exec_done)
1688445410.713470 2023-07-03 23:36:50 MainProcess-77543 Thread-1-123145532342272 parsl.dataflow.dflow:850 submit DEBUG: Task 16 will be sent to executor threads
1688445410.713622 2023-07-03 23:36:50 MainProcess-77543 Thread-1-123145532342272 parsl.dataflow.dflow:676 _add_output_deps DEBUG: Adding output dependencies
1688445410.713702 2023-07-03 23:36:50 MainProcess-77543 Thread-1-123145532342272 parsl.dataflow.dflow:930 submit INFO: Task 16 submitted for App create_runtime_scatterplot, not waiting on any dependency
1688445410.713780 2023-07-03 23:36:50 MainProcess-77543 Thread-1-123145532342272 parsl.dataflow.dflow:938 submit DEBUG: Task 16 set to pending state with AppFuture: <AppFuture at 0x7fd070b67220 state=pending>
1688445410.713852 2023-07-03 23:36:50 MainProcess-77543 Thread-1-123145532342272 parsl.dataflow.memoization:237 check_memo DEBUG: Task 16 will not be memoized
1688445410.713943 2023-07-03 23:36:50 MainProcess-77543 Thread-1-123145532342272 parsl.dataflow.dflow:639 launch_task INFO: Parsl task 16 try 0 launched on executor threads
1688445412.526773 2023-07-03 23:36:52 MainProcess-77543 FlowControl-Thread-123145515552768 parsl.dataflow.strategy:166 _general_strategy DEBUG: general strategy starting with strategy_type simple for 0 executors
1688445412.526950 2023-07-03 23:36:52 MainProcess-77543 FlowControl-Thread-123145515552768 parsl.process_loggers:28 wrapped DEBUG: Normal ending for _general_strategy on thread FlowControl-Thread
1688445417.534274 2023-07-03 23:36:57 MainProcess-77543 FlowControl-Thread-123145515552768 parsl.dataflow.strategy:166 _general_strategy DEBUG: general strategy starting with strategy_type simple for 0 executors
1688445417.542158 2023-07-03 23:36:57 MainProcess-77543 FlowControl-Thread-123145515552768 parsl.process_loggers:28 wrapped DEBUG: Normal ending for _general_strategy on thread FlowControl-Thread
1688445422.541054 2023-07-03 23:37:02 MainProcess-77543 FlowControl-Thread-123145515552768 parsl.dataflow.strategy:166 _general_strategy DEBUG: general strategy starting with strategy_type simple for 0 executors
1688445422.541216 2023-07-03 23:37:02 MainProcess-77543 FlowControl-Thread-123145515552768 parsl.process_loggers:28 wrapped DEBUG: Normal ending for _general_strategy on thread FlowControl-Thread
1688445427.547703 2023-07-03 23:37:07 MainProcess-77543 FlowControl-Thread-123145515552768 parsl.dataflow.strategy:166 _general_strategy DEBUG: general strategy starting with strategy_type simple for 0 executors
1688445427.559737 2023-07-03 23:37:07 MainProcess-77543 FlowControl-Thread-123145515552768 parsl.process_loggers:28 wrapped DEBUG: Normal ending for _general_strategy on thread FlowControl-Thread
1688445432.557477 2023-07-03 23:37:12 MainProcess-77543 FlowControl-Thread-123145515552768 parsl.dataflow.strategy:166 _general_strategy DEBUG: general strategy starting with strategy_type simple for 0 executors
1688445432.557629 2023-07-03 23:37:12 MainProcess-77543 FlowControl-Thread-123145515552768 parsl.process_loggers:28 wrapped DEBUG: Normal ending for _general_strategy on thread FlowControl-Thread
1688445437.570284 2023-07-03 23:37:17 MainProcess-77543 FlowControl-Thread-123145515552768 parsl.dataflow.strategy:166 _general_strategy DEBUG: general strategy starting with strategy_type simple for 0 executors
1688445437.895789 2023-07-03 23:37:17 MainProcess-77543 FlowControl-Thread-123145515552768 parsl.process_loggers:28 wrapped DEBUG: Normal ending for _general_strategy on thread FlowControl-Thread
1688445442.790566 2023-07-03 23:37:22 MainProcess-77543 FlowControl-Thread-123145515552768 parsl.dataflow.strategy:166 _general_strategy DEBUG: general strategy starting with strategy_type simple for 0 executors
1688445442.800461 2023-07-03 23:37:22 MainProcess-77543 FlowControl-Thread-123145515552768 parsl.process_loggers:28 wrapped DEBUG: Normal ending for _general_strategy on thread FlowControl-Thread
1688445447.853619 2023-07-03 23:37:27 MainProcess-77543 FlowControl-Thread-123145515552768 parsl.dataflow.strategy:166 _general_strategy DEBUG: general strategy starting with strategy_type simple for 0 executors
1688445447.933727 2023-07-03 23:37:27 MainProcess-77543 FlowControl-Thread-123145515552768 parsl.process_loggers:28 wrapped DEBUG: Normal ending for _general_strategy on thread FlowControl-Thread
1688445452.955799 2023-07-03 23:37:32 MainProcess-77543 FlowControl-Thread-123145515552768 parsl.dataflow.strategy:166 _general_strategy DEBUG: general strategy starting with strategy_type simple for 0 executors
1688445452.955963 2023-07-03 23:37:32 MainProcess-77543 FlowControl-Thread-123145515552768 parsl.process_loggers:28 wrapped DEBUG: Normal ending for _general_strategy on thread FlowControl-Thread
1688445458.025073 2023-07-03 23:37:38 MainProcess-77543 FlowControl-Thread-123145515552768 parsl.dataflow.strategy:166 _general_strategy DEBUG: general strategy starting with strategy_type simple for 0 executors
1688445458.027240 2023-07-03 23:37:38 MainProcess-77543 FlowControl-Thread-123145515552768 parsl.process_loggers:28 wrapped DEBUG: Normal ending for _general_strategy on thread FlowControl-Thread
1688445463.291569 2023-07-03 23:37:43 MainProcess-77543 FlowControl-Thread-123145515552768 parsl.dataflow.strategy:166 _general_strategy DEBUG: general strategy starting with strategy_type simple for 0 executors
1688445463.291844 2023-07-03 23:37:43 MainProcess-77543 FlowControl-Thread-123145515552768 parsl.process_loggers:28 wrapped DEBUG: Normal ending for _general_strategy on thread FlowControl-Thread
1688445468.521588 2023-07-03 23:37:48 MainProcess-77543 FlowControl-Thread-123145515552768 parsl.dataflow.strategy:166 _general_strategy DEBUG: general strategy starting with strategy_type simple for 0 executors
1688445468.724493 2023-07-03 23:37:48 MainProcess-77543 FlowControl-Thread-123145515552768 parsl.process_loggers:28 wrapped DEBUG: Normal ending for _general_strategy on thread FlowControl-Thread
1688445473.809376 2023-07-03 23:37:53 MainProcess-77543 FlowControl-Thread-123145515552768 parsl.dataflow.strategy:166 _general_strategy DEBUG: general strategy starting with strategy_type simple for 0 executors
1688445473.809547 2023-07-03 23:37:53 MainProcess-77543 FlowControl-Thread-123145515552768 parsl.process_loggers:28 wrapped DEBUG: Normal ending for _general_strategy on thread FlowControl-Thread
1688445478.908203 2023-07-03 23:37:58 MainProcess-77543 FlowControl-Thread-123145515552768 parsl.dataflow.strategy:166 _general_strategy DEBUG: general strategy starting with strategy_type simple for 0 executors
1688445478.919140 2023-07-03 23:37:58 MainProcess-77543 FlowControl-Thread-123145515552768 parsl.process_loggers:28 wrapped DEBUG: Normal ending for _general_strategy on thread FlowControl-Thread
1688445483.928754 2023-07-03 23:38:03 MainProcess-77543 FlowControl-Thread-123145515552768 parsl.dataflow.strategy:166 _general_strategy DEBUG: general strategy starting with strategy_type simple for 0 executors
1688445483.929318 2023-07-03 23:38:03 MainProcess-77543 FlowControl-Thread-123145515552768 parsl.process_loggers:28 wrapped DEBUG: Normal ending for _general_strategy on thread FlowControl-Thread
1688445489.207934 2023-07-03 23:38:09 MainProcess-77543 FlowControl-Thread-123145515552768 parsl.dataflow.strategy:166 _general_strategy DEBUG: general strategy starting with strategy_type simple for 0 executors
1688445489.208093 2023-07-03 23:38:09 MainProcess-77543 FlowControl-Thread-123145515552768 parsl.process_loggers:28 wrapped DEBUG: Normal ending for _general_strategy on thread FlowControl-Thread
1688445494.251967 2023-07-03 23:38:14 MainProcess-77543 FlowControl-Thread-123145515552768 parsl.dataflow.strategy:166 _general_strategy DEBUG: general strategy starting with strategy_type simple for 0 executors
1688445494.257909 2023-07-03 23:38:14 MainProcess-77543 FlowControl-Thread-123145515552768 parsl.process_loggers:28 wrapped DEBUG: Normal ending for _general_strategy on thread FlowControl-Thread
1688445499.270506 2023-07-03 23:38:19 MainProcess-77543 FlowControl-Thread-123145515552768 parsl.dataflow.strategy:166 _general_strategy DEBUG: general strategy starting with strategy_type simple for 0 executors
1688445499.294959 2023-07-03 23:38:19 MainProcess-77543 FlowControl-Thread-123145515552768 parsl.process_loggers:28 wrapped DEBUG: Normal ending for _general_strategy on thread FlowControl-Thread
1688445504.319765 2023-07-03 23:38:24 MainProcess-77543 FlowControl-Thread-123145515552768 parsl.dataflow.strategy:166 _general_strategy DEBUG: general strategy starting with strategy_type simple for 0 executors
1688445504.333041 2023-07-03 23:38:24 MainProcess-77543 FlowControl-Thread-123145515552768 parsl.process_loggers:28 wrapped DEBUG: Normal ending for _general_strategy on thread FlowControl-Thread
1688445509.474181 2023-07-03 23:38:29 MainProcess-77543 FlowControl-Thread-123145515552768 parsl.dataflow.strategy:166 _general_strategy DEBUG: general strategy starting with strategy_type simple for 0 executors
1688445509.474353 2023-07-03 23:38:29 MainProcess-77543 FlowControl-Thread-123145515552768 parsl.process_loggers:28 wrapped DEBUG: Normal ending for _general_strategy on thread FlowControl-Thread
1688445514.495608 2023-07-03 23:38:34 MainProcess-77543 FlowControl-Thread-123145515552768 parsl.dataflow.strategy:166 _general_strategy DEBUG: general strategy starting with strategy_type simple for 0 executors
1688445514.500035 2023-07-03 23:38:34 MainProcess-77543 FlowControl-Thread-123145515552768 parsl.process_loggers:28 wrapped DEBUG: Normal ending for _general_strategy on thread FlowControl-Thread
1688445519.540454 2023-07-03 23:38:39 MainProcess-77543 FlowControl-Thread-123145515552768 parsl.dataflow.strategy:166 _general_strategy DEBUG: general strategy starting with strategy_type simple for 0 executors
1688445519.540615 2023-07-03 23:38:39 MainProcess-77543 FlowControl-Thread-123145515552768 parsl.process_loggers:28 wrapped DEBUG: Normal ending for _general_strategy on thread FlowControl-Thread
1688445524.543042 2023-07-03 23:38:44 MainProcess-77543 FlowControl-Thread-123145515552768 parsl.dataflow.strategy:166 _general_strategy DEBUG: general strategy starting with strategy_type simple for 0 executors
1688445524.544308 2023-07-03 23:38:44 MainProcess-77543 FlowControl-Thread-123145515552768 parsl.process_loggers:28 wrapped DEBUG: Normal ending for _general_strategy on thread FlowControl-Thread
1688445530.774003 2023-07-03 23:38:50 MainProcess-77543 FlowControl-Thread-123145515552768 parsl.dataflow.strategy:166 _general_strategy DEBUG: general strategy starting with strategy_type simple for 0 executors
1688445530.774609 2023-07-03 23:38:50 MainProcess-77543 FlowControl-Thread-123145515552768 parsl.process_loggers:28 wrapped DEBUG: Normal ending for _general_strategy on thread FlowControl-Thread
1688445535.837108 2023-07-03 23:38:55 MainProcess-77543 FlowControl-Thread-123145515552768 parsl.dataflow.strategy:166 _general_strategy DEBUG: general strategy starting with strategy_type simple for 0 executors
1688445535.837265 2023-07-03 23:38:55 MainProcess-77543 FlowControl-Thread-123145515552768 parsl.process_loggers:28 wrapped DEBUG: Normal ending for _general_strategy on thread FlowControl-Thread
1688445540.879603 2023-07-03 23:39:00 MainProcess-77543 FlowControl-Thread-123145515552768 parsl.dataflow.strategy:166 _general_strategy DEBUG: general strategy starting with strategy_type simple for 0 executors
1688445540.896821 2023-07-03 23:39:00 MainProcess-77543 FlowControl-Thread-123145515552768 parsl.process_loggers:28 wrapped DEBUG: Normal ending for _general_strategy on thread FlowControl-Thread
1688445542.017169 2023-07-03 23:39:02 MainProcess-77543 Thread-3-123145565921280 parsl.dataflow.dflow:850 submit DEBUG: Task 17 will be sent to executor threads
1688445542.073959 2023-07-03 23:39:02 MainProcess-77543 Thread-3-123145565921280 parsl.dataflow.dflow:676 _add_output_deps DEBUG: Adding output dependencies
1688445542.074142 2023-07-03 23:39:02 MainProcess-77543 Thread-3-123145565921280 parsl.dataflow.dflow:930 submit INFO: Task 17 submitted for App execute_query, not waiting on any dependency
1688445542.074233 2023-07-03 23:39:02 MainProcess-77543 Thread-3-123145565921280 parsl.dataflow.dflow:938 submit DEBUG: Task 17 set to pending state with AppFuture: <AppFuture at 0x7fcf9eb5ac10 state=pending>
1688445542.074352 2023-07-03 23:39:02 MainProcess-77543 Thread-3-123145565921280 parsl.dataflow.memoization:237 check_memo DEBUG: Task 17 will not be memoized
1688445542.074510 2023-07-03 23:39:02 MainProcess-77543 Thread-3-123145565921280 parsl.dataflow.dflow:639 launch_task INFO: Parsl task 17 try 0 launched on executor threads
1688445542.074867 2023-07-03 23:39:02 MainProcess-77543 Thread-3-123145565921280 parsl.dataflow.dflow:850 submit DEBUG: Task 18 will be sent to executor threads
1688445542.074956 2023-07-03 23:39:02 MainProcess-77543 Thread-3-123145565921280 parsl.dataflow.dflow:676 _add_output_deps DEBUG: Adding output dependencies
1688445542.075029 2023-07-03 23:39:02 MainProcess-77543 Thread-3-123145565921280 parsl.dataflow.dflow:930 submit INFO: Task 18 submitted for App execute_query, not waiting on any dependency
1688445542.075102 2023-07-03 23:39:02 MainProcess-77543 Thread-3-123145565921280 parsl.dataflow.dflow:938 submit DEBUG: Task 18 set to pending state with AppFuture: <AppFuture at 0x7fcf9eb51550 state=pending>
1688445542.076932 2023-07-03 23:39:02 MainProcess-77543 Thread-3-123145565921280 parsl.dataflow.memoization:237 check_memo DEBUG: Task 18 will not be memoized
1688445542.077181 2023-07-03 23:39:02 MainProcess-77543 Thread-3-123145565921280 parsl.dataflow.dflow:639 launch_task INFO: Parsl task 18 try 0 launched on executor threads
1688445542.077548 2023-07-03 23:39:02 MainProcess-77543 Thread-3-123145565921280 parsl.dataflow.dflow:850 submit DEBUG: Task 19 will be sent to executor threads
1688445542.077693 2023-07-03 23:39:02 MainProcess-77543 Thread-3-123145565921280 parsl.dataflow.dflow:676 _add_output_deps DEBUG: Adding output dependencies
1688445542.078013 2023-07-03 23:39:02 MainProcess-77543 Thread-3-123145565921280 parsl.dataflow.dflow:930 submit INFO: Task 19 submitted for App execute_query, not waiting on any dependency
1688445542.078096 2023-07-03 23:39:02 MainProcess-77543 Thread-3-123145565921280 parsl.dataflow.dflow:938 submit DEBUG: Task 19 set to pending state with AppFuture: <AppFuture at 0x7fcf9eb4c2e0 state=pending>
1688445542.078172 2023-07-03 23:39:02 MainProcess-77543 Thread-3-123145565921280 parsl.dataflow.memoization:237 check_memo DEBUG: Task 19 will not be memoized
1688445542.078262 2023-07-03 23:39:02 MainProcess-77543 Thread-3-123145565921280 parsl.dataflow.dflow:639 launch_task INFO: Parsl task 19 try 0 launched on executor threads
1688445542.078346 2023-07-03 23:39:02 MainProcess-77543 Thread-3-123145565921280 parsl.dataflow.dflow:850 submit DEBUG: Task 20 will be sent to executor threads
1688445542.078427 2023-07-03 23:39:02 MainProcess-77543 Thread-3-123145565921280 parsl.dataflow.dflow:676 _add_output_deps DEBUG: Adding output dependencies
1688445542.089317 2023-07-03 23:39:02 MainProcess-77543 Thread-3-123145565921280 parsl.dataflow.dflow:930 submit INFO: Task 20 submitted for App execute_query, not waiting on any dependency
1688445542.089545 2023-07-03 23:39:02 MainProcess-77543 Thread-3-123145565921280 parsl.dataflow.dflow:938 submit DEBUG: Task 20 set to pending state with AppFuture: <AppFuture at 0x7fcf9eb627f0 state=pending>
1688445542.089632 2023-07-03 23:39:02 MainProcess-77543 Thread-3-123145565921280 parsl.dataflow.memoization:237 check_memo DEBUG: Task 20 will not be memoized
1688445542.089726 2023-07-03 23:39:02 MainProcess-77543 Thread-3-123145565921280 parsl.dataflow.dflow:639 launch_task INFO: Parsl task 20 try 0 launched on executor threads
1688445542.089816 2023-07-03 23:39:02 MainProcess-77543 Thread-3-123145565921280 parsl.dataflow.dflow:850 submit DEBUG: Task 21 will be sent to executor threads
1688445542.089906 2023-07-03 23:39:02 MainProcess-77543 Thread-3-123145565921280 parsl.dataflow.dflow:676 _add_output_deps DEBUG: Adding output dependencies
1688445542.093168 2023-07-03 23:39:02 MainProcess-77543 Thread-3-123145565921280 parsl.dataflow.dflow:930 submit INFO: Task 21 submitted for App execute_query, not waiting on any dependency
1688445542.093333 2023-07-03 23:39:02 MainProcess-77543 Thread-3-123145565921280 parsl.dataflow.dflow:938 submit DEBUG: Task 21 set to pending state with AppFuture: <AppFuture at 0x7fcf9eb62e80 state=pending>
1688445542.093477 2023-07-03 23:39:02 MainProcess-77543 Thread-3-123145565921280 parsl.dataflow.memoization:237 check_memo DEBUG: Task 21 will not be memoized
1688445542.100803 2023-07-03 23:39:02 MainProcess-77543 ThreadPoolExecutor-0_3-123145616289792 parsl.dataflow.dflow:462 _complete_task INFO: Task 18 completed (launched -> exec_done)
1688445542.106413 2023-07-03 23:39:02 MainProcess-77543 Thread-3-123145565921280 parsl.dataflow.dflow:639 launch_task INFO: Parsl task 21 try 0 launched on executor threads
1688445542.106801 2023-07-03 23:39:02 MainProcess-77543 Thread-3-123145565921280 parsl.dataflow.dflow:850 submit DEBUG: Task 22 will be sent to executor threads
1688445542.107669 2023-07-03 23:39:02 MainProcess-77543 Thread-3-123145565921280 parsl.dataflow.dflow:676 _add_output_deps DEBUG: Adding output dependencies
1688445542.107774 2023-07-03 23:39:02 MainProcess-77543 Thread-3-123145565921280 parsl.dataflow.dflow:930 submit INFO: Task 22 submitted for App execute_query, not waiting on any dependency
1688445542.108148 2023-07-03 23:39:02 MainProcess-77543 Thread-3-123145565921280 parsl.dataflow.dflow:938 submit DEBUG: Task 22 set to pending state with AppFuture: <AppFuture at 0x7fcf9eb69310 state=pending>
1688445542.108681 2023-07-03 23:39:02 MainProcess-77543 Thread-3-123145565921280 parsl.dataflow.memoization:237 check_memo DEBUG: Task 22 will not be memoized
1688445542.108776 2023-07-03 23:39:02 MainProcess-77543 Thread-3-123145565921280 parsl.dataflow.dflow:639 launch_task INFO: Parsl task 22 try 0 launched on executor threads
1688445542.109161 2023-07-03 23:39:02 MainProcess-77543 Thread-3-123145565921280 parsl.dataflow.dflow:850 submit DEBUG: Task 23 will be sent to executor threads
1688445542.109254 2023-07-03 23:39:02 MainProcess-77543 Thread-3-123145565921280 parsl.dataflow.dflow:676 _add_output_deps DEBUG: Adding output dependencies
1688445542.223412 2023-07-03 23:39:02 MainProcess-77543 Thread-3-123145565921280 parsl.dataflow.dflow:930 submit INFO: Task 23 submitted for App execute_query, not waiting on any dependency
1688445542.223629 2023-07-03 23:39:02 MainProcess-77543 Thread-3-123145565921280 parsl.dataflow.dflow:938 submit DEBUG: Task 23 set to pending state with AppFuture: <AppFuture at 0x7fcf9eb695e0 state=pending>
1688445542.241514 2023-07-03 23:39:02 MainProcess-77543 Thread-3-123145565921280 parsl.dataflow.memoization:237 check_memo DEBUG: Task 23 will not be memoized
1688445542.242486 2023-07-03 23:39:02 MainProcess-77543 Thread-3-123145565921280 parsl.dataflow.dflow:639 launch_task INFO: Parsl task 23 try 0 launched on executor threads
1688445542.243058 2023-07-03 23:39:02 MainProcess-77543 Thread-3-123145565921280 parsl.dataflow.dflow:850 submit DEBUG: Task 24 will be sent to executor threads
1688445542.243176 2023-07-03 23:39:02 MainProcess-77543 Thread-3-123145565921280 parsl.dataflow.dflow:676 _add_output_deps DEBUG: Adding output dependencies
1688445542.245770 2023-07-03 23:39:02 MainProcess-77543 Thread-3-123145565921280 parsl.dataflow.dflow:930 submit INFO: Task 24 submitted for App execute_query, not waiting on any dependency
1688445542.245945 2023-07-03 23:39:02 MainProcess-77543 Thread-3-123145565921280 parsl.dataflow.dflow:938 submit DEBUG: Task 24 set to pending state with AppFuture: <AppFuture at 0x7fcf9eb69940 state=pending>
1688445542.246035 2023-07-03 23:39:02 MainProcess-77543 Thread-3-123145565921280 parsl.dataflow.memoization:237 check_memo DEBUG: Task 24 will not be memoized
1688445542.246151 2023-07-03 23:39:02 MainProcess-77543 Thread-3-123145565921280 parsl.dataflow.dflow:639 launch_task INFO: Parsl task 24 try 0 launched on executor threads
1688445542.317622 2023-07-03 23:39:02 MainProcess-77543 Thread-3-123145565921280 parsl.dataflow.dflow:850 submit DEBUG: Task 25 will be sent to executor threads
1688445542.317784 2023-07-03 23:39:02 MainProcess-77543 Thread-3-123145565921280 parsl.dataflow.dflow:676 _add_output_deps DEBUG: Adding output dependencies
1688445542.317913 2023-07-03 23:39:02 MainProcess-77543 Thread-3-123145565921280 parsl.dataflow.dflow:930 submit INFO: Task 25 submitted for App execute_query, not waiting on any dependency
1688445542.319232 2023-07-03 23:39:02 MainProcess-77543 Thread-3-123145565921280 parsl.dataflow.dflow:938 submit DEBUG: Task 25 set to pending state with AppFuture: <AppFuture at 0x7fcf9eb69cd0 state=pending>
1688445542.319329 2023-07-03 23:39:02 MainProcess-77543 Thread-3-123145565921280 parsl.dataflow.memoization:237 check_memo DEBUG: Task 25 will not be memoized
1688445542.319848 2023-07-03 23:39:02 MainProcess-77543 Thread-3-123145565921280 parsl.dataflow.dflow:639 launch_task INFO: Parsl task 25 try 0 launched on executor threads
1688445542.331129 2023-07-03 23:39:02 MainProcess-77543 Thread-3-123145565921280 parsl.dataflow.dflow:850 submit DEBUG: Task 26 will be sent to executor threads
1688445542.332338 2023-07-03 23:39:02 MainProcess-77543 Thread-3-123145565921280 parsl.dataflow.dflow:676 _add_output_deps DEBUG: Adding output dependencies
1688445542.336252 2023-07-03 23:39:02 MainProcess-77543 Thread-3-123145565921280 parsl.dataflow.dflow:930 submit INFO: Task 26 submitted for App execute_query, not waiting on any dependency
1688445542.336409 2023-07-03 23:39:02 MainProcess-77543 Thread-3-123145565921280 parsl.dataflow.dflow:938 submit DEBUG: Task 26 set to pending state with AppFuture: <AppFuture at 0x7fcf9eb720a0 state=pending>
1688445542.336497 2023-07-03 23:39:02 MainProcess-77543 Thread-3-123145565921280 parsl.dataflow.memoization:237 check_memo DEBUG: Task 26 will not be memoized
1688445542.336591 2023-07-03 23:39:02 MainProcess-77543 Thread-3-123145565921280 parsl.dataflow.dflow:639 launch_task INFO: Parsl task 26 try 0 launched on executor threads
1688445542.336681 2023-07-03 23:39:02 MainProcess-77543 Thread-3-123145565921280 parsl.dataflow.dflow:850 submit DEBUG: Task 27 will be sent to executor threads
1688445542.336767 2023-07-03 23:39:02 MainProcess-77543 Thread-3-123145565921280 parsl.dataflow.dflow:676 _add_output_deps DEBUG: Adding output dependencies
1688445542.338961 2023-07-03 23:39:02 MainProcess-77543 Thread-3-123145565921280 parsl.dataflow.dflow:930 submit INFO: Task 27 submitted for App execute_query, not waiting on any dependency
1688445542.339111 2023-07-03 23:39:02 MainProcess-77543 Thread-3-123145565921280 parsl.dataflow.dflow:938 submit DEBUG: Task 27 set to pending state with AppFuture: <AppFuture at 0x7fcf9eb72370 state=pending>
1688445542.342078 2023-07-03 23:39:02 MainProcess-77543 Thread-3-123145565921280 parsl.dataflow.memoization:237 check_memo DEBUG: Task 27 will not be memoized
1688445542.342238 2023-07-03 23:39:02 MainProcess-77543 Thread-3-123145565921280 parsl.dataflow.dflow:639 launch_task INFO: Parsl task 27 try 0 launched on executor threads
1688445542.342339 2023-07-03 23:39:02 MainProcess-77543 Thread-3-123145565921280 parsl.dataflow.dflow:850 submit DEBUG: Task 28 will be sent to executor threads
1688445542.342430 2023-07-03 23:39:02 MainProcess-77543 Thread-3-123145565921280 parsl.dataflow.dflow:676 _add_output_deps DEBUG: Adding output dependencies
1688445542.342509 2023-07-03 23:39:02 MainProcess-77543 Thread-3-123145565921280 parsl.dataflow.dflow:930 submit INFO: Task 28 submitted for App execute_query, not waiting on any dependency
1688445542.342583 2023-07-03 23:39:02 MainProcess-77543 Thread-3-123145565921280 parsl.dataflow.dflow:938 submit DEBUG: Task 28 set to pending state with AppFuture: <AppFuture at 0x7fcf9eb72640 state=pending>
1688445542.342653 2023-07-03 23:39:02 MainProcess-77543 Thread-3-123145565921280 parsl.dataflow.memoization:237 check_memo DEBUG: Task 28 will not be memoized
1688445542.342752 2023-07-03 23:39:02 MainProcess-77543 Thread-3-123145565921280 parsl.dataflow.dflow:639 launch_task INFO: Parsl task 28 try 0 launched on executor threads
1688445546.128684 2023-07-03 23:39:06 MainProcess-77543 FlowControl-Thread-123145515552768 parsl.dataflow.strategy:166 _general_strategy DEBUG: general strategy starting with strategy_type simple for 0 executors
1688445546.130566 2023-07-03 23:39:06 MainProcess-77543 FlowControl-Thread-123145515552768 parsl.process_loggers:28 wrapped DEBUG: Normal ending for _general_strategy on thread FlowControl-Thread
1688445547.892539 2023-07-03 23:39:07 MainProcess-77543 ThreadPoolExecutor-0_3-123145616289792 parsl.dataflow.dflow:462 _complete_task INFO: Task 23 completed (launched -> exec_done)
1688445549.656087 2023-07-03 23:39:09 MainProcess-77543 ThreadPoolExecutor-0_4-123145633079296 parsl.dataflow.dflow:462 _complete_task INFO: Task 17 completed (launched -> exec_done)
1688445550.061512 2023-07-03 23:39:10 MainProcess-77543 ThreadPoolExecutor-0_2-123145599500288 parsl.dataflow.dflow:462 _complete_task INFO: Task 19 completed (launched -> exec_done)
1688445550.281475 2023-07-03 23:39:10 MainProcess-77543 ThreadPoolExecutor-0_5-123145649868800 parsl.dataflow.dflow:462 _complete_task INFO: Task 21 completed (launched -> exec_done)
1688445550.457352 2023-07-03 23:39:10 MainProcess-77543 ThreadPoolExecutor-0_0-123145549131776 parsl.dataflow.dflow:462 _complete_task INFO: Task 20 completed (launched -> exec_done)
1688445551.131695 2023-07-03 23:39:11 MainProcess-77543 FlowControl-Thread-123145515552768 parsl.dataflow.strategy:166 _general_strategy DEBUG: general strategy starting with strategy_type simple for 0 executors
1688445551.132014 2023-07-03 23:39:11 MainProcess-77543 FlowControl-Thread-123145515552768 parsl.process_loggers:28 wrapped DEBUG: Normal ending for _general_strategy on thread FlowControl-Thread
1688445553.022734 2023-07-03 23:39:13 MainProcess-77543 ThreadPoolExecutor-0_2-123145599500288 parsl.dataflow.dflow:462 _complete_task INFO: Task 27 completed (launched -> exec_done)
1688445553.385640 2023-07-03 23:39:13 MainProcess-77543 ThreadPoolExecutor-0_4-123145633079296 parsl.dataflow.dflow:462 _complete_task INFO: Task 26 completed (launched -> exec_done)
1688445553.639705 2023-07-03 23:39:13 MainProcess-77543 ThreadPoolExecutor-0_5-123145649868800 parsl.dataflow.dflow:462 _complete_task INFO: Task 28 completed (launched -> exec_done)
1688445555.070754 2023-07-03 23:39:15 MainProcess-77543 ThreadPoolExecutor-0_7-123145683447808 parsl.dataflow.dflow:462 _complete_task INFO: Task 24 completed (launched -> exec_done)
1688445556.140291 2023-07-03 23:39:16 MainProcess-77543 FlowControl-Thread-123145515552768 parsl.dataflow.strategy:166 _general_strategy DEBUG: general strategy starting with strategy_type simple for 0 executors
1688445556.140579 2023-07-03 23:39:16 MainProcess-77543 FlowControl-Thread-123145515552768 parsl.process_loggers:28 wrapped DEBUG: Normal ending for _general_strategy on thread FlowControl-Thread
1688445561.150607 2023-07-03 23:39:21 MainProcess-77543 FlowControl-Thread-123145515552768 parsl.dataflow.strategy:166 _general_strategy DEBUG: general strategy starting with strategy_type simple for 0 executors
1688445561.152219 2023-07-03 23:39:21 MainProcess-77543 FlowControl-Thread-123145515552768 parsl.process_loggers:28 wrapped DEBUG: Normal ending for _general_strategy on thread FlowControl-Thread
1688445566.170751 2023-07-03 23:39:26 MainProcess-77543 FlowControl-Thread-123145515552768 parsl.dataflow.strategy:166 _general_strategy DEBUG: general strategy starting with strategy_type simple for 0 executors
1688445566.170948 2023-07-03 23:39:26 MainProcess-77543 FlowControl-Thread-123145515552768 parsl.process_loggers:28 wrapped DEBUG: Normal ending for _general_strategy on thread FlowControl-Thread
1688445578.873585 2023-07-03 23:39:38 MainProcess-77543 FlowControl-Thread-123145515552768 parsl.dataflow.strategy:166 _general_strategy DEBUG: general strategy starting with strategy_type simple for 0 executors
1688445578.908226 2023-07-03 23:39:38 MainProcess-77543 FlowControl-Thread-123145515552768 parsl.process_loggers:28 wrapped DEBUG: Normal ending for _general_strategy on thread FlowControl-Thread
1688445578.909140 2023-07-03 23:39:38 MainProcess-77543 Thread-5-123145717026816 parsl.dataflow.dflow:850 submit DEBUG: Task 29 will be sent to executor threads
1688445578.909344 2023-07-03 23:39:38 MainProcess-77543 Thread-5-123145717026816 parsl.dataflow.dflow:676 _add_output_deps DEBUG: Adding output dependencies
1688445578.909446 2023-07-03 23:39:38 MainProcess-77543 Thread-5-123145717026816 parsl.dataflow.dflow:930 submit INFO: Task 29 submitted for App execute_query, not waiting on any dependency
1688445578.909528 2023-07-03 23:39:38 MainProcess-77543 Thread-5-123145717026816 parsl.dataflow.dflow:938 submit DEBUG: Task 29 set to pending state with AppFuture: <AppFuture at 0x7fcf6f564c70 state=pending>
1688445578.909619 2023-07-03 23:39:38 MainProcess-77543 Thread-5-123145717026816 parsl.dataflow.memoization:237 check_memo DEBUG: Task 29 will not be memoized
1688445578.909731 2023-07-03 23:39:38 MainProcess-77543 Thread-5-123145717026816 parsl.dataflow.dflow:639 launch_task INFO: Parsl task 29 try 0 launched on executor threads
1688445578.910122 2023-07-03 23:39:38 MainProcess-77543 Thread-5-123145717026816 parsl.dataflow.dflow:850 submit DEBUG: Task 30 will be sent to executor threads
1688445578.910232 2023-07-03 23:39:38 MainProcess-77543 Thread-5-123145717026816 parsl.dataflow.dflow:676 _add_output_deps DEBUG: Adding output dependencies
1688445578.910320 2023-07-03 23:39:38 MainProcess-77543 Thread-5-123145717026816 parsl.dataflow.dflow:930 submit INFO: Task 30 submitted for App execute_query, not waiting on any dependency
1688445578.910406 2023-07-03 23:39:38 MainProcess-77543 Thread-5-123145717026816 parsl.dataflow.dflow:938 submit DEBUG: Task 30 set to pending state with AppFuture: <AppFuture at 0x7fcf70493a00 state=pending>
1688445578.915383 2023-07-03 23:39:38 MainProcess-77543 Thread-5-123145717026816 parsl.dataflow.memoization:237 check_memo DEBUG: Task 30 will not be memoized
1688445578.915550 2023-07-03 23:39:38 MainProcess-77543 Thread-5-123145717026816 parsl.dataflow.dflow:639 launch_task INFO: Parsl task 30 try 0 launched on executor threads
1688445578.915653 2023-07-03 23:39:38 MainProcess-77543 Thread-5-123145717026816 parsl.dataflow.dflow:850 submit DEBUG: Task 31 will be sent to executor threads
1688445578.916016 2023-07-03 23:39:38 MainProcess-77543 Thread-5-123145717026816 parsl.dataflow.dflow:676 _add_output_deps DEBUG: Adding output dependencies
1688445578.916110 2023-07-03 23:39:38 MainProcess-77543 Thread-5-123145717026816 parsl.dataflow.dflow:930 submit INFO: Task 31 submitted for App execute_query, not waiting on any dependency
1688445578.916495 2023-07-03 23:39:38 MainProcess-77543 Thread-5-123145717026816 parsl.dataflow.dflow:938 submit DEBUG: Task 31 set to pending state with AppFuture: <AppFuture at 0x7fcf72cb3940 state=pending>
1688445578.917063 2023-07-03 23:39:38 MainProcess-77543 Thread-5-123145717026816 parsl.dataflow.memoization:237 check_memo DEBUG: Task 31 will not be memoized
1688445578.917995 2023-07-03 23:39:38 MainProcess-77543 Thread-5-123145717026816 parsl.dataflow.dflow:639 launch_task INFO: Parsl task 31 try 0 launched on executor threads
1688445578.918158 2023-07-03 23:39:38 MainProcess-77543 Thread-5-123145717026816 parsl.dataflow.dflow:850 submit DEBUG: Task 32 will be sent to executor threads
1688445578.918265 2023-07-03 23:39:38 MainProcess-77543 Thread-5-123145717026816 parsl.dataflow.dflow:676 _add_output_deps DEBUG: Adding output dependencies
1688445578.918346 2023-07-03 23:39:38 MainProcess-77543 Thread-5-123145717026816 parsl.dataflow.dflow:930 submit INFO: Task 32 submitted for App execute_query, not waiting on any dependency
1688445578.918423 2023-07-03 23:39:38 MainProcess-77543 Thread-5-123145717026816 parsl.dataflow.dflow:938 submit DEBUG: Task 32 set to pending state with AppFuture: <AppFuture at 0x7fcf6e90c550 state=pending>
1688445578.918496 2023-07-03 23:39:38 MainProcess-77543 Thread-5-123145717026816 parsl.dataflow.memoization:237 check_memo DEBUG: Task 32 will not be memoized
1688445578.918580 2023-07-03 23:39:38 MainProcess-77543 Thread-5-123145717026816 parsl.dataflow.dflow:639 launch_task INFO: Parsl task 32 try 0 launched on executor threads
1688445578.918718 2023-07-03 23:39:38 MainProcess-77543 Thread-5-123145717026816 parsl.dataflow.dflow:850 submit DEBUG: Task 33 will be sent to executor threads
1688445578.918851 2023-07-03 23:39:38 MainProcess-77543 Thread-5-123145717026816 parsl.dataflow.dflow:676 _add_output_deps DEBUG: Adding output dependencies
1688445578.918934 2023-07-03 23:39:38 MainProcess-77543 Thread-5-123145717026816 parsl.dataflow.dflow:930 submit INFO: Task 33 submitted for App execute_query, not waiting on any dependency
1688445578.923790 2023-07-03 23:39:38 MainProcess-77543 Thread-5-123145717026816 parsl.dataflow.dflow:938 submit DEBUG: Task 33 set to pending state with AppFuture: <AppFuture at 0x7fcf6dfbe790 state=pending>
1688445578.923933 2023-07-03 23:39:38 MainProcess-77543 Thread-5-123145717026816 parsl.dataflow.memoization:237 check_memo DEBUG: Task 33 will not be memoized
1688445578.924320 2023-07-03 23:39:38 MainProcess-77543 Thread-5-123145717026816 parsl.dataflow.dflow:639 launch_task INFO: Parsl task 33 try 0 launched on executor threads
1688445578.924630 2023-07-03 23:39:38 MainProcess-77543 Thread-5-123145717026816 parsl.dataflow.dflow:850 submit DEBUG: Task 34 will be sent to executor threads
1688445578.924748 2023-07-03 23:39:38 MainProcess-77543 Thread-5-123145717026816 parsl.dataflow.dflow:676 _add_output_deps DEBUG: Adding output dependencies
1688445578.924829 2023-07-03 23:39:38 MainProcess-77543 Thread-5-123145717026816 parsl.dataflow.dflow:930 submit INFO: Task 34 submitted for App execute_query, not waiting on any dependency
1688445578.924907 2023-07-03 23:39:38 MainProcess-77543 Thread-5-123145717026816 parsl.dataflow.dflow:938 submit DEBUG: Task 34 set to pending state with AppFuture: <AppFuture at 0x7fcf8c62fe80 state=pending>
1688445578.924980 2023-07-03 23:39:38 MainProcess-77543 Thread-5-123145717026816 parsl.dataflow.memoization:237 check_memo DEBUG: Task 34 will not be memoized
1688445578.925062 2023-07-03 23:39:38 MainProcess-77543 Thread-5-123145717026816 parsl.dataflow.dflow:639 launch_task INFO: Parsl task 34 try 0 launched on executor threads
1688445578.925147 2023-07-03 23:39:38 MainProcess-77543 Thread-5-123145717026816 parsl.dataflow.dflow:850 submit DEBUG: Task 35 will be sent to executor threads
1688445578.932684 2023-07-03 23:39:38 MainProcess-77543 ThreadPoolExecutor-0_4-123145633079296 parsl.dataflow.dflow:462 _complete_task INFO: Task 30 completed (launched -> exec_done)
1688445578.934232 2023-07-03 23:39:38 MainProcess-77543 Thread-5-123145717026816 parsl.dataflow.dflow:676 _add_output_deps DEBUG: Adding output dependencies
1688445578.934441 2023-07-03 23:39:38 MainProcess-77543 Thread-5-123145717026816 parsl.dataflow.dflow:930 submit INFO: Task 35 submitted for App execute_query, not waiting on any dependency
1688445578.934684 2023-07-03 23:39:38 MainProcess-77543 Thread-5-123145717026816 parsl.dataflow.dflow:938 submit DEBUG: Task 35 set to pending state with AppFuture: <AppFuture at 0x7fcf8c5982b0 state=pending>
1688445578.934804 2023-07-03 23:39:38 MainProcess-77543 Thread-5-123145717026816 parsl.dataflow.memoization:237 check_memo DEBUG: Task 35 will not be memoized
1688445578.934921 2023-07-03 23:39:38 MainProcess-77543 Thread-5-123145717026816 parsl.dataflow.dflow:639 launch_task INFO: Parsl task 35 try 0 launched on executor threads
1688445578.935015 2023-07-03 23:39:38 MainProcess-77543 Thread-5-123145717026816 parsl.dataflow.dflow:850 submit DEBUG: Task 36 will be sent to executor threads
1688445578.935100 2023-07-03 23:39:38 MainProcess-77543 Thread-5-123145717026816 parsl.dataflow.dflow:676 _add_output_deps DEBUG: Adding output dependencies
1688445578.935178 2023-07-03 23:39:38 MainProcess-77543 Thread-5-123145717026816 parsl.dataflow.dflow:930 submit INFO: Task 36 submitted for App execute_query, not waiting on any dependency
1688445578.935284 2023-07-03 23:39:38 MainProcess-77543 Thread-5-123145717026816 parsl.dataflow.dflow:938 submit DEBUG: Task 36 set to pending state with AppFuture: <AppFuture at 0x7fcf8c2b1f10 state=pending>
1688445579.057661 2023-07-03 23:39:39 MainProcess-77543 Thread-5-123145717026816 parsl.dataflow.memoization:237 check_memo DEBUG: Task 36 will not be memoized
1688445579.059764 2023-07-03 23:39:39 MainProcess-77543 Thread-5-123145717026816 parsl.dataflow.dflow:639 launch_task INFO: Parsl task 36 try 0 launched on executor threads
1688445579.060301 2023-07-03 23:39:39 MainProcess-77543 Thread-5-123145717026816 parsl.dataflow.dflow:850 submit DEBUG: Task 37 will be sent to executor threads
1688445579.060632 2023-07-03 23:39:39 MainProcess-77543 Thread-5-123145717026816 parsl.dataflow.dflow:676 _add_output_deps DEBUG: Adding output dependencies
1688445579.060878 2023-07-03 23:39:39 MainProcess-77543 Thread-5-123145717026816 parsl.dataflow.dflow:930 submit INFO: Task 37 submitted for App execute_query, not waiting on any dependency
1688445579.061029 2023-07-03 23:39:39 MainProcess-77543 Thread-5-123145717026816 parsl.dataflow.dflow:938 submit DEBUG: Task 37 set to pending state with AppFuture: <AppFuture at 0x7fcf89109370 state=pending>
1688445579.061287 2023-07-03 23:39:39 MainProcess-77543 Thread-5-123145717026816 parsl.dataflow.memoization:237 check_memo DEBUG: Task 37 will not be memoized
1688445579.061401 2023-07-03 23:39:39 MainProcess-77543 Thread-5-123145717026816 parsl.dataflow.dflow:639 launch_task INFO: Parsl task 37 try 0 launched on executor threads
1688445579.061488 2023-07-03 23:39:39 MainProcess-77543 Thread-5-123145717026816 parsl.dataflow.dflow:850 submit DEBUG: Task 38 will be sent to executor threads
1688445579.147250 2023-07-03 23:39:39 MainProcess-77543 Thread-5-123145717026816 parsl.dataflow.dflow:676 _add_output_deps DEBUG: Adding output dependencies
1688445579.147419 2023-07-03 23:39:39 MainProcess-77543 Thread-5-123145717026816 parsl.dataflow.dflow:930 submit INFO: Task 38 submitted for App execute_query, not waiting on any dependency
1688445579.147513 2023-07-03 23:39:39 MainProcess-77543 Thread-5-123145717026816 parsl.dataflow.dflow:938 submit DEBUG: Task 38 set to pending state with AppFuture: <AppFuture at 0x7fcf88fd5f10 state=pending>
1688445579.147594 2023-07-03 23:39:39 MainProcess-77543 Thread-5-123145717026816 parsl.dataflow.memoization:237 check_memo DEBUG: Task 38 will not be memoized
1688445579.147704 2023-07-03 23:39:39 MainProcess-77543 Thread-5-123145717026816 parsl.dataflow.dflow:639 launch_task INFO: Parsl task 38 try 0 launched on executor threads
1688445579.147800 2023-07-03 23:39:39 MainProcess-77543 Thread-5-123145717026816 parsl.dataflow.dflow:850 submit DEBUG: Task 39 will be sent to executor threads
1688445579.147882 2023-07-03 23:39:39 MainProcess-77543 Thread-5-123145717026816 parsl.dataflow.dflow:676 _add_output_deps DEBUG: Adding output dependencies
1688445579.148052 2023-07-03 23:39:39 MainProcess-77543 Thread-5-123145717026816 parsl.dataflow.dflow:930 submit INFO: Task 39 submitted for App execute_query, not waiting on any dependency
1688445579.148128 2023-07-03 23:39:39 MainProcess-77543 Thread-5-123145717026816 parsl.dataflow.dflow:938 submit DEBUG: Task 39 set to pending state with AppFuture: <AppFuture at 0x7fcfb6389250 state=pending>
1688445579.148202 2023-07-03 23:39:39 MainProcess-77543 Thread-5-123145717026816 parsl.dataflow.memoization:237 check_memo DEBUG: Task 39 will not be memoized
1688445579.150596 2023-07-03 23:39:39 MainProcess-77543 Thread-5-123145717026816 parsl.dataflow.dflow:639 launch_task INFO: Parsl task 39 try 0 launched on executor threads
1688445579.151729 2023-07-03 23:39:39 MainProcess-77543 Thread-5-123145717026816 parsl.dataflow.dflow:850 submit DEBUG: Task 40 will be sent to executor threads
1688445579.151850 2023-07-03 23:39:39 MainProcess-77543 Thread-5-123145717026816 parsl.dataflow.dflow:676 _add_output_deps DEBUG: Adding output dependencies
1688445579.151938 2023-07-03 23:39:39 MainProcess-77543 Thread-5-123145717026816 parsl.dataflow.dflow:930 submit INFO: Task 40 submitted for App execute_query, not waiting on any dependency
1688445579.152015 2023-07-03 23:39:39 MainProcess-77543 Thread-5-123145717026816 parsl.dataflow.dflow:938 submit DEBUG: Task 40 set to pending state with AppFuture: <AppFuture at 0x7fcfb4f2d610 state=pending>
1688445579.152318 2023-07-03 23:39:39 MainProcess-77543 Thread-5-123145717026816 parsl.dataflow.memoization:237 check_memo DEBUG: Task 40 will not be memoized
1688445579.152676 2023-07-03 23:39:39 MainProcess-77543 Thread-5-123145717026816 parsl.dataflow.dflow:639 launch_task INFO: Parsl task 40 try 0 launched on executor threads
1688445582.010110 2023-07-03 23:39:42 MainProcess-77543 ThreadPoolExecutor-0_0-123145549131776 parsl.dataflow.dflow:462 _complete_task INFO: Task 29 completed (launched -> exec_done)
1688445583.889470 2023-07-03 23:39:43 MainProcess-77543 FlowControl-Thread-123145515552768 parsl.dataflow.strategy:166 _general_strategy DEBUG: general strategy starting with strategy_type simple for 0 executors
1688445583.892320 2023-07-03 23:39:43 MainProcess-77543 FlowControl-Thread-123145515552768 parsl.process_loggers:28 wrapped DEBUG: Normal ending for _general_strategy on thread FlowControl-Thread
1688445588.896101 2023-07-03 23:39:48 MainProcess-77543 FlowControl-Thread-123145515552768 parsl.dataflow.strategy:166 _general_strategy DEBUG: general strategy starting with strategy_type simple for 0 executors
1688445588.896298 2023-07-03 23:39:48 MainProcess-77543 FlowControl-Thread-123145515552768 parsl.process_loggers:28 wrapped DEBUG: Normal ending for _general_strategy on thread FlowControl-Thread
1688445593.081691 2023-07-03 23:39:53 MainProcess-77543 ThreadPoolExecutor-0_0-123145549131776 parsl.dataflow.dflow:462 _complete_task INFO: Task 35 completed (launched -> exec_done)
1688445593.106530 2023-07-03 23:39:53 MainProcess-77543 ThreadPoolExecutor-0_5-123145649868800 parsl.dataflow.dflow:462 _complete_task INFO: Task 31 completed (launched -> exec_done)
1688445593.195146 2023-07-03 23:39:53 MainProcess-77543 ThreadPoolExecutor-0_7-123145683447808 parsl.dataflow.dflow:462 _complete_task INFO: Task 32 completed (launched -> exec_done)
1688445593.248153 2023-07-03 23:39:53 MainProcess-77543 ThreadPoolExecutor-0_2-123145599500288 parsl.dataflow.dflow:462 _complete_task INFO: Task 33 completed (launched -> exec_done)
1688445593.904625 2023-07-03 23:39:53 MainProcess-77543 FlowControl-Thread-123145515552768 parsl.dataflow.strategy:166 _general_strategy DEBUG: general strategy starting with strategy_type simple for 0 executors
1688445593.904777 2023-07-03 23:39:53 MainProcess-77543 FlowControl-Thread-123145515552768 parsl.process_loggers:28 wrapped DEBUG: Normal ending for _general_strategy on thread FlowControl-Thread
1688445594.057988 2023-07-03 23:39:54 MainProcess-77543 ThreadPoolExecutor-0_3-123145616289792 parsl.dataflow.dflow:462 _complete_task INFO: Task 25 completed (launched -> exec_done)
1688445596.017611 2023-07-03 23:39:56 MainProcess-77543 ThreadPoolExecutor-0_2-123145599500288 parsl.dataflow.dflow:462 _complete_task INFO: Task 39 completed (launched -> exec_done)
1688445596.723756 2023-07-03 23:39:56 MainProcess-77543 ThreadPoolExecutor-0_7-123145683447808 parsl.dataflow.dflow:462 _complete_task INFO: Task 38 completed (launched -> exec_done)
1688445597.436855 2023-07-03 23:39:57 MainProcess-77543 ThreadPoolExecutor-0_3-123145616289792 parsl.dataflow.dflow:462 _complete_task INFO: Task 40 completed (launched -> exec_done)
1688445700.034986 2023-07-03 23:41:40 MainProcess-77543 FlowControl-Thread-123145515552768 parsl.dataflow.strategy:166 _general_strategy DEBUG: general strategy starting with strategy_type simple for 0 executors
1688445700.035150 2023-07-03 23:41:40 MainProcess-77543 FlowControl-Thread-123145515552768 parsl.process_loggers:28 wrapped DEBUG: Normal ending for _general_strategy on thread FlowControl-Thread
1688445705.133226 2023-07-03 23:41:45 MainProcess-77543 FlowControl-Thread-123145515552768 parsl.dataflow.strategy:166 _general_strategy DEBUG: general strategy starting with strategy_type simple for 0 executors
1688445705.133650 2023-07-03 23:41:45 MainProcess-77543 FlowControl-Thread-123145515552768 parsl.process_loggers:28 wrapped DEBUG: Normal ending for _general_strategy on thread FlowControl-Thread
1688445709.481199 2023-07-03 23:41:49 MainProcess-77543 Thread-7-123145700237312 parsl.dataflow.dflow:850 submit DEBUG: Task 41 will be sent to executor threads
1688445709.481876 2023-07-03 23:41:49 MainProcess-77543 Thread-7-123145700237312 parsl.dataflow.dflow:676 _add_output_deps DEBUG: Adding output dependencies
1688445709.481985 2023-07-03 23:41:49 MainProcess-77543 Thread-7-123145700237312 parsl.dataflow.dflow:930 submit INFO: Task 41 submitted for App execute_query, not waiting on any dependency
1688445709.482070 2023-07-03 23:41:49 MainProcess-77543 Thread-7-123145700237312 parsl.dataflow.dflow:938 submit DEBUG: Task 41 set to pending state with AppFuture: <AppFuture at 0x7fcf1fe7b6a0 state=pending>
1688445709.482163 2023-07-03 23:41:49 MainProcess-77543 Thread-7-123145700237312 parsl.dataflow.memoization:237 check_memo DEBUG: Task 41 will not be memoized
1688445709.482519 2023-07-03 23:41:49 MainProcess-77543 Thread-7-123145700237312 parsl.dataflow.dflow:639 launch_task INFO: Parsl task 41 try 0 launched on executor threads
1688445709.482635 2023-07-03 23:41:49 MainProcess-77543 Thread-7-123145700237312 parsl.dataflow.dflow:850 submit DEBUG: Task 42 will be sent to executor threads
1688445709.482726 2023-07-03 23:41:49 MainProcess-77543 Thread-7-123145700237312 parsl.dataflow.dflow:676 _add_output_deps DEBUG: Adding output dependencies
1688445709.482803 2023-07-03 23:41:49 MainProcess-77543 Thread-7-123145700237312 parsl.dataflow.dflow:930 submit INFO: Task 42 submitted for App execute_query, not waiting on any dependency
1688445709.482876 2023-07-03 23:41:49 MainProcess-77543 Thread-7-123145700237312 parsl.dataflow.dflow:938 submit DEBUG: Task 42 set to pending state with AppFuture: <AppFuture at 0x7fcf1fe6fd90 state=pending>
1688445709.491348 2023-07-03 23:41:49 MainProcess-77543 Thread-7-123145700237312 parsl.dataflow.memoization:237 check_memo DEBUG: Task 42 will not be memoized
1688445709.491975 2023-07-03 23:41:49 MainProcess-77543 Thread-7-123145700237312 parsl.dataflow.dflow:639 launch_task INFO: Parsl task 42 try 0 launched on executor threads
1688445709.492097 2023-07-03 23:41:49 MainProcess-77543 Thread-7-123145700237312 parsl.dataflow.dflow:850 submit DEBUG: Task 43 will be sent to executor threads
1688445709.492207 2023-07-03 23:41:49 MainProcess-77543 Thread-7-123145700237312 parsl.dataflow.dflow:676 _add_output_deps DEBUG: Adding output dependencies
1688445709.492283 2023-07-03 23:41:49 MainProcess-77543 Thread-7-123145700237312 parsl.dataflow.dflow:930 submit INFO: Task 43 submitted for App execute_query, not waiting on any dependency
1688445709.492357 2023-07-03 23:41:49 MainProcess-77543 Thread-7-123145700237312 parsl.dataflow.dflow:938 submit DEBUG: Task 43 set to pending state with AppFuture: <AppFuture at 0x7fcf1fe53dc0 state=pending>
1688445709.492430 2023-07-03 23:41:49 MainProcess-77543 Thread-7-123145700237312 parsl.dataflow.memoization:237 check_memo DEBUG: Task 43 will not be memoized
1688445709.492512 2023-07-03 23:41:49 MainProcess-77543 Thread-7-123145700237312 parsl.dataflow.dflow:639 launch_task INFO: Parsl task 43 try 0 launched on executor threads
1688445709.492590 2023-07-03 23:41:49 MainProcess-77543 Thread-7-123145700237312 parsl.dataflow.dflow:850 submit DEBUG: Task 44 will be sent to executor threads
1688445709.492669 2023-07-03 23:41:49 MainProcess-77543 Thread-7-123145700237312 parsl.dataflow.dflow:676 _add_output_deps DEBUG: Adding output dependencies
1688445709.492738 2023-07-03 23:41:49 MainProcess-77543 Thread-7-123145700237312 parsl.dataflow.dflow:930 submit INFO: Task 44 submitted for App execute_query, not waiting on any dependency
1688445709.492808 2023-07-03 23:41:49 MainProcess-77543 Thread-7-123145700237312 parsl.dataflow.dflow:938 submit DEBUG: Task 44 set to pending state with AppFuture: <AppFuture at 0x7fcf1fe3c130 state=pending>
1688445709.511397 2023-07-03 23:41:49 MainProcess-77543 Thread-7-123145700237312 parsl.dataflow.memoization:237 check_memo DEBUG: Task 44 will not be memoized
1688445709.511575 2023-07-03 23:41:49 MainProcess-77543 Thread-7-123145700237312 parsl.dataflow.dflow:639 launch_task INFO: Parsl task 44 try 0 launched on executor threads
1688445709.511719 2023-07-03 23:41:49 MainProcess-77543 Thread-7-123145700237312 parsl.dataflow.dflow:850 submit DEBUG: Task 45 will be sent to executor threads
1688445709.511820 2023-07-03 23:41:49 MainProcess-77543 Thread-7-123145700237312 parsl.dataflow.dflow:676 _add_output_deps DEBUG: Adding output dependencies
1688445709.511898 2023-07-03 23:41:49 MainProcess-77543 Thread-7-123145700237312 parsl.dataflow.dflow:930 submit INFO: Task 45 submitted for App execute_query, not waiting on any dependency
1688445709.511972 2023-07-03 23:41:49 MainProcess-77543 Thread-7-123145700237312 parsl.dataflow.dflow:938 submit DEBUG: Task 45 set to pending state with AppFuture: <AppFuture at 0x7fcf1fe21400 state=pending>
1688445709.512044 2023-07-03 23:41:49 MainProcess-77543 Thread-7-123145700237312 parsl.dataflow.memoization:237 check_memo DEBUG: Task 45 will not be memoized
1688445709.512123 2023-07-03 23:41:49 MainProcess-77543 Thread-7-123145700237312 parsl.dataflow.dflow:639 launch_task INFO: Parsl task 45 try 0 launched on executor threads
1688445709.512200 2023-07-03 23:41:49 MainProcess-77543 Thread-7-123145700237312 parsl.dataflow.dflow:850 submit DEBUG: Task 46 will be sent to executor threads
1688445709.512283 2023-07-03 23:41:49 MainProcess-77543 Thread-7-123145700237312 parsl.dataflow.dflow:676 _add_output_deps DEBUG: Adding output dependencies
1688445709.514133 2023-07-03 23:41:49 MainProcess-77543 ThreadPoolExecutor-0_7-123145683447808 parsl.dataflow.dflow:462 _complete_task INFO: Task 42 completed (launched -> exec_done)
1688445709.514328 2023-07-03 23:41:49 MainProcess-77543 Thread-7-123145700237312 parsl.dataflow.dflow:930 submit INFO: Task 46 submitted for App execute_query, not waiting on any dependency
1688445709.514658 2023-07-03 23:41:49 MainProcess-77543 Thread-7-123145700237312 parsl.dataflow.dflow:938 submit DEBUG: Task 46 set to pending state with AppFuture: <AppFuture at 0x7fcf1fe092b0 state=pending>
1688445709.514746 2023-07-03 23:41:49 MainProcess-77543 Thread-7-123145700237312 parsl.dataflow.memoization:237 check_memo DEBUG: Task 46 will not be memoized
1688445709.514840 2023-07-03 23:41:49 MainProcess-77543 Thread-7-123145700237312 parsl.dataflow.dflow:639 launch_task INFO: Parsl task 46 try 0 launched on executor threads
1688445709.514929 2023-07-03 23:41:49 MainProcess-77543 Thread-7-123145700237312 parsl.dataflow.dflow:850 submit DEBUG: Task 47 will be sent to executor threads
1688445709.515019 2023-07-03 23:41:49 MainProcess-77543 Thread-7-123145700237312 parsl.dataflow.dflow:676 _add_output_deps DEBUG: Adding output dependencies
1688445709.515098 2023-07-03 23:41:49 MainProcess-77543 Thread-7-123145700237312 parsl.dataflow.dflow:930 submit INFO: Task 47 submitted for App execute_query, not waiting on any dependency
1688445709.515169 2023-07-03 23:41:49 MainProcess-77543 Thread-7-123145700237312 parsl.dataflow.dflow:938 submit DEBUG: Task 47 set to pending state with AppFuture: <AppFuture at 0x7fcf1fe93070 state=pending>
1688445709.515239 2023-07-03 23:41:49 MainProcess-77543 Thread-7-123145700237312 parsl.dataflow.memoization:237 check_memo DEBUG: Task 47 will not be memoized
1688445709.516877 2023-07-03 23:41:49 MainProcess-77543 Thread-7-123145700237312 parsl.dataflow.dflow:639 launch_task INFO: Parsl task 47 try 0 launched on executor threads
1688445709.517022 2023-07-03 23:41:49 MainProcess-77543 Thread-7-123145700237312 parsl.dataflow.dflow:850 submit DEBUG: Task 48 will be sent to executor threads
1688445709.517144 2023-07-03 23:41:49 MainProcess-77543 Thread-7-123145700237312 parsl.dataflow.dflow:676 _add_output_deps DEBUG: Adding output dependencies
1688445709.517233 2023-07-03 23:41:49 MainProcess-77543 Thread-7-123145700237312 parsl.dataflow.dflow:930 submit INFO: Task 48 submitted for App execute_query, not waiting on any dependency
1688445709.517310 2023-07-03 23:41:49 MainProcess-77543 Thread-7-123145700237312 parsl.dataflow.dflow:938 submit DEBUG: Task 48 set to pending state with AppFuture: <AppFuture at 0x7fcf1fe93340 state=pending>
1688445709.517386 2023-07-03 23:41:49 MainProcess-77543 Thread-7-123145700237312 parsl.dataflow.memoization:237 check_memo DEBUG: Task 48 will not be memoized
1688445709.517504 2023-07-03 23:41:49 MainProcess-77543 Thread-7-123145700237312 parsl.dataflow.dflow:639 launch_task INFO: Parsl task 48 try 0 launched on executor threads
1688445709.517585 2023-07-03 23:41:49 MainProcess-77543 Thread-7-123145700237312 parsl.dataflow.dflow:850 submit DEBUG: Task 49 will be sent to executor threads
1688445709.517666 2023-07-03 23:41:49 MainProcess-77543 Thread-7-123145700237312 parsl.dataflow.dflow:676 _add_output_deps DEBUG: Adding output dependencies
1688445709.517758 2023-07-03 23:41:49 MainProcess-77543 Thread-7-123145700237312 parsl.dataflow.dflow:930 submit INFO: Task 49 submitted for App execute_query, not waiting on any dependency
1688445709.520390 2023-07-03 23:41:49 MainProcess-77543 Thread-7-123145700237312 parsl.dataflow.dflow:938 submit DEBUG: Task 49 set to pending state with AppFuture: <AppFuture at 0x7fcf1fe93610 state=pending>
1688445709.520531 2023-07-03 23:41:49 MainProcess-77543 Thread-7-123145700237312 parsl.dataflow.memoization:237 check_memo DEBUG: Task 49 will not be memoized
1688445709.520628 2023-07-03 23:41:49 MainProcess-77543 Thread-7-123145700237312 parsl.dataflow.dflow:639 launch_task INFO: Parsl task 49 try 0 launched on executor threads
1688445709.520719 2023-07-03 23:41:49 MainProcess-77543 Thread-7-123145700237312 parsl.dataflow.dflow:850 submit DEBUG: Task 50 will be sent to executor threads
1688445709.520804 2023-07-03 23:41:49 MainProcess-77543 Thread-7-123145700237312 parsl.dataflow.dflow:676 _add_output_deps DEBUG: Adding output dependencies
1688445709.520882 2023-07-03 23:41:49 MainProcess-77543 Thread-7-123145700237312 parsl.dataflow.dflow:930 submit INFO: Task 50 submitted for App execute_query, not waiting on any dependency
1688445709.520953 2023-07-03 23:41:49 MainProcess-77543 Thread-7-123145700237312 parsl.dataflow.dflow:938 submit DEBUG: Task 50 set to pending state with AppFuture: <AppFuture at 0x7fcf1fe938e0 state=pending>
1688445709.521020 2023-07-03 23:41:49 MainProcess-77543 Thread-7-123145700237312 parsl.dataflow.memoization:237 check_memo DEBUG: Task 50 will not be memoized
1688445709.521105 2023-07-03 23:41:49 MainProcess-77543 Thread-7-123145700237312 parsl.dataflow.dflow:639 launch_task INFO: Parsl task 50 try 0 launched on executor threads
1688445709.521182 2023-07-03 23:41:49 MainProcess-77543 Thread-7-123145700237312 parsl.dataflow.dflow:850 submit DEBUG: Task 51 will be sent to executor threads
1688445709.526691 2023-07-03 23:41:49 MainProcess-77543 Thread-7-123145700237312 parsl.dataflow.dflow:676 _add_output_deps DEBUG: Adding output dependencies
1688445709.526834 2023-07-03 23:41:49 MainProcess-77543 Thread-7-123145700237312 parsl.dataflow.dflow:930 submit INFO: Task 51 submitted for App execute_query, not waiting on any dependency
1688445709.526920 2023-07-03 23:41:49 MainProcess-77543 Thread-7-123145700237312 parsl.dataflow.dflow:938 submit DEBUG: Task 51 set to pending state with AppFuture: <AppFuture at 0x7fcf1fe93be0 state=pending>
1688445709.526999 2023-07-03 23:41:49 MainProcess-77543 Thread-7-123145700237312 parsl.dataflow.memoization:237 check_memo DEBUG: Task 51 will not be memoized
1688445709.527093 2023-07-03 23:41:49 MainProcess-77543 Thread-7-123145700237312 parsl.dataflow.dflow:639 launch_task INFO: Parsl task 51 try 0 launched on executor threads
1688445709.527181 2023-07-03 23:41:49 MainProcess-77543 Thread-7-123145700237312 parsl.dataflow.dflow:850 submit DEBUG: Task 52 will be sent to executor threads
1688445709.527263 2023-07-03 23:41:49 MainProcess-77543 Thread-7-123145700237312 parsl.dataflow.dflow:676 _add_output_deps DEBUG: Adding output dependencies
1688445709.527333 2023-07-03 23:41:49 MainProcess-77543 Thread-7-123145700237312 parsl.dataflow.dflow:930 submit INFO: Task 52 submitted for App execute_query, not waiting on any dependency
1688445709.527405 2023-07-03 23:41:49 MainProcess-77543 Thread-7-123145700237312 parsl.dataflow.dflow:938 submit DEBUG: Task 52 set to pending state with AppFuture: <AppFuture at 0x7fcf1fe93eb0 state=pending>
1688445709.527546 2023-07-03 23:41:49 MainProcess-77543 Thread-7-123145700237312 parsl.dataflow.memoization:237 check_memo DEBUG: Task 52 will not be memoized
1688445709.527642 2023-07-03 23:41:49 MainProcess-77543 Thread-7-123145700237312 parsl.dataflow.dflow:639 launch_task INFO: Parsl task 52 try 0 launched on executor threads
1688445710.134645 2023-07-03 23:41:50 MainProcess-77543 FlowControl-Thread-123145515552768 parsl.dataflow.strategy:166 _general_strategy DEBUG: general strategy starting with strategy_type simple for 0 executors
1688445710.134806 2023-07-03 23:41:50 MainProcess-77543 FlowControl-Thread-123145515552768 parsl.process_loggers:28 wrapped DEBUG: Normal ending for _general_strategy on thread FlowControl-Thread
1688445715.138749 2023-07-03 23:41:55 MainProcess-77543 FlowControl-Thread-123145515552768 parsl.dataflow.strategy:166 _general_strategy DEBUG: general strategy starting with strategy_type simple for 0 executors
1688445715.141546 2023-07-03 23:41:55 MainProcess-77543 FlowControl-Thread-123145515552768 parsl.process_loggers:28 wrapped DEBUG: Normal ending for _general_strategy on thread FlowControl-Thread
1688445720.146326 2023-07-03 23:42:00 MainProcess-77543 FlowControl-Thread-123145515552768 parsl.dataflow.strategy:166 _general_strategy DEBUG: general strategy starting with strategy_type simple for 0 executors
1688445720.147313 2023-07-03 23:42:00 MainProcess-77543 FlowControl-Thread-123145515552768 parsl.process_loggers:28 wrapped DEBUG: Normal ending for _general_strategy on thread FlowControl-Thread
1688445721.274175 2023-07-03 23:42:01 MainProcess-77543 ThreadPoolExecutor-0_0-123145549131776 parsl.dataflow.dflow:462 _complete_task INFO: Task 36 completed (launched -> exec_done)
1688445723.954499 2023-07-03 23:42:03 MainProcess-77543 ThreadPoolExecutor-0_2-123145599500288 parsl.dataflow.dflow:462 _complete_task INFO: Task 41 completed (launched -> exec_done)
1688445725.155501 2023-07-03 23:42:05 MainProcess-77543 FlowControl-Thread-123145515552768 parsl.dataflow.strategy:166 _general_strategy DEBUG: general strategy starting with strategy_type simple for 0 executors
1688445725.155940 2023-07-03 23:42:05 MainProcess-77543 FlowControl-Thread-123145515552768 parsl.process_loggers:28 wrapped DEBUG: Normal ending for _general_strategy on thread FlowControl-Thread
1688445728.776818 2023-07-03 23:42:08 MainProcess-77543 ThreadPoolExecutor-0_7-123145683447808 parsl.dataflow.dflow:462 _complete_task INFO: Task 44 completed (launched -> exec_done)
1688445728.792493 2023-07-03 23:42:08 MainProcess-77543 ThreadPoolExecutor-0_3-123145616289792 parsl.dataflow.dflow:462 _complete_task INFO: Task 43 completed (launched -> exec_done)
1688445730.178870 2023-07-03 23:42:10 MainProcess-77543 FlowControl-Thread-123145515552768 parsl.dataflow.strategy:166 _general_strategy DEBUG: general strategy starting with strategy_type simple for 0 executors
1688445730.179027 2023-07-03 23:42:10 MainProcess-77543 FlowControl-Thread-123145515552768 parsl.process_loggers:28 wrapped DEBUG: Normal ending for _general_strategy on thread FlowControl-Thread
1688446136.212367 2023-07-03 23:48:56 MainProcess-77543 FlowControl-Thread-123145515552768 parsl.dataflow.strategy:166 _general_strategy DEBUG: general strategy starting with strategy_type simple for 0 executors
1688446136.212817 2023-07-03 23:48:56 MainProcess-77543 FlowControl-Thread-123145515552768 parsl.process_loggers:28 wrapped DEBUG: Normal ending for _general_strategy on thread FlowControl-Thread
1688446136.479914 2023-07-03 23:48:56 MainProcess-77543 ThreadPoolExecutor-0_0-123145549131776 parsl.dataflow.dflow:462 _complete_task INFO: Task 45 completed (launched -> exec_done)
1688446137.694089 2023-07-03 23:48:57 MainProcess-77543 ThreadPoolExecutor-0_7-123145683447808 parsl.dataflow.dflow:462 _complete_task INFO: Task 47 completed (launched -> exec_done)
1688446141.405300 2023-07-03 23:49:01 MainProcess-77543 FlowControl-Thread-123145515552768 parsl.dataflow.strategy:166 _general_strategy DEBUG: general strategy starting with strategy_type simple for 0 executors
1688446141.407280 2023-07-03 23:49:01 MainProcess-77543 FlowControl-Thread-123145515552768 parsl.process_loggers:28 wrapped DEBUG: Normal ending for _general_strategy on thread FlowControl-Thread
1688446144.775308 2023-07-03 23:49:04 MainProcess-77543 ThreadPoolExecutor-0_5-123145649868800 parsl.dataflow.dflow:462 _complete_task INFO: Task 37 completed (launched -> exec_done)
1688446144.990411 2023-07-03 23:49:04 MainProcess-77543 ThreadPoolExecutor-0_7-123145683447808 parsl.dataflow.dflow:462 _complete_task INFO: Task 50 completed (launched -> exec_done)
1688446145.964853 2023-07-03 23:49:05 MainProcess-77543 ThreadPoolExecutor-0_3-123145616289792 parsl.dataflow.dflow:462 _complete_task INFO: Task 48 completed (launched -> exec_done)
1688446146.548733 2023-07-03 23:49:06 MainProcess-77543 FlowControl-Thread-123145515552768 parsl.dataflow.strategy:166 _general_strategy DEBUG: general strategy starting with strategy_type simple for 0 executors
1688446146.548916 2023-07-03 23:49:06 MainProcess-77543 FlowControl-Thread-123145515552768 parsl.process_loggers:28 wrapped DEBUG: Normal ending for _general_strategy on thread FlowControl-Thread
1688446171.542923 2023-07-03 23:49:31 MainProcess-77543 FlowControl-Thread-123145515552768 parsl.dataflow.strategy:166 _general_strategy DEBUG: general strategy starting with strategy_type simple for 0 executors
1688446171.691615 2023-07-03 23:49:31 MainProcess-77543 FlowControl-Thread-123145515552768 parsl.process_loggers:28 wrapped DEBUG: Normal ending for _general_strategy on thread FlowControl-Thread
1688446171.748669 2023-07-03 23:49:31 MainProcess-77543 ThreadPoolExecutor-0_5-123145649868800 parsl.dataflow.dflow:462 _complete_task INFO: Task 51 completed (launched -> exec_done)
1688446171.802817 2023-07-03 23:49:31 MainProcess-77543 ThreadPoolExecutor-0_7-123145683447808 parsl.dataflow.dflow:462 _complete_task INFO: Task 52 completed (launched -> exec_done)
1688446175.187226 2023-07-03 23:49:35 MainProcess-77543 MainThread-4627998208 parsl.dataflow.dflow:1038 atexit_cleanup INFO: DFK cleanup because python process is exiting
1688446175.188056 2023-07-03 23:49:35 MainProcess-77543 MainThread-4627998208 parsl.dataflow.dflow:1076 cleanup INFO: DFK cleanup initiated
1688446175.188223 2023-07-03 23:49:35 MainProcess-77543 MainThread-4627998208 parsl.dataflow.dflow:976 log_task_states INFO: Summary of tasks in DFK:
1688446175.189130 2023-07-03 23:49:35 MainProcess-77543 MainThread-4627998208 parsl.dataflow.dflow:980 log_task_states INFO: Tasks in state States.unsched: 0
1688446175.189236 2023-07-03 23:49:35 MainProcess-77543 MainThread-4627998208 parsl.dataflow.dflow:980 log_task_states INFO: Tasks in state States.pending: 0
1688446175.189306 2023-07-03 23:49:35 MainProcess-77543 MainThread-4627998208 parsl.dataflow.dflow:980 log_task_states INFO: Tasks in state States.running: 0
1688446175.189368 2023-07-03 23:49:35 MainProcess-77543 MainThread-4627998208 parsl.dataflow.dflow:980 log_task_states INFO: Tasks in state States.exec_done: 48
1688446175.189429 2023-07-03 23:49:35 MainProcess-77543 MainThread-4627998208 parsl.dataflow.dflow:980 log_task_states INFO: Tasks in state States.failed: 0
1688446175.189490 2023-07-03 23:49:35 MainProcess-77543 MainThread-4627998208 parsl.dataflow.dflow:980 log_task_states INFO: Tasks in state States.dep_fail: 0
1688446175.189549 2023-07-03 23:49:35 MainProcess-77543 MainThread-4627998208 parsl.dataflow.dflow:980 log_task_states INFO: Tasks in state States.launched: 5
1688446175.189608 2023-07-03 23:49:35 MainProcess-77543 MainThread-4627998208 parsl.dataflow.dflow:980 log_task_states INFO: Tasks in state States.fail_retryable: 0
1688446175.190161 2023-07-03 23:49:35 MainProcess-77543 MainThread-4627998208 parsl.dataflow.dflow:980 log_task_states INFO: Tasks in state States.memo_done: 0
1688446175.190305 2023-07-03 23:49:35 MainProcess-77543 MainThread-4627998208 parsl.dataflow.dflow:980 log_task_states INFO: Tasks in state States.joining: 0
1688446175.190411 2023-07-03 23:49:35 MainProcess-77543 MainThread-4627998208 parsl.dataflow.dflow:980 log_task_states INFO: Tasks in state States.running_ended: 0
1688446175.193725 2023-07-03 23:49:35 MainProcess-77543 MainThread-4627998208 parsl.dataflow.dflow:982 log_task_states INFO: End of summary
1688446175.196646 2023-07-03 23:49:35 MainProcess-77543 MainThread-4627998208 parsl.dataflow.dflow:1100 cleanup INFO: Closing flowcontrol
1688446175.198508 2023-07-03 23:49:35 MainProcess-77543 MainThread-4627998208 parsl.dataflow.dflow:1102 cleanup INFO: Terminated flow control
1688446175.198847 2023-07-03 23:49:35 MainProcess-77543 MainThread-4627998208 parsl.dataflow.dflow:1104 cleanup INFO: Scaling in and shutting down executors
1688446175.198930 2023-07-03 23:49:35 MainProcess-77543 MainThread-4627998208 parsl.dataflow.dflow:1119 cleanup INFO: Shutting down executor threads
1688446175.199054 2023-07-03 23:49:35 MainProcess-77543 MainThread-4627998208 parsl.executors.threads:105 shutdown DEBUG: Shutting down executor, which involves waiting for running tasks to complete
