1688448422.183525 2023-07-04 00:27:02 MainProcess-79569 MainThread-4696270336 parsl.dataflow.dflow:87 __init__ DEBUG: Starting DataFlowKernel with config
Config(
    app_cache=True, 
    checkpoint_files=None, 
    checkpoint_mode=None, 
    checkpoint_period=None, 
    executors=[ThreadPoolExecutor(
        label='threads', 
        managed=True, 
        max_threads=8, 
        storage_access=None, 
        thread_name_prefix='', 
        working_dir=None
    )], 
    garbage_collect=True, 
    initialize_logging=True, 
    internal_tasks_max_threads=10, 
    max_idletime=120.0, 
    monitoring=None, 
    retries=0, 
    retry_handler=None, 
    run_dir='runinfo', 
    strategy='simple', 
    usage_tracking=False
)
1688448422.183891 2023-07-04 00:27:02 MainProcess-79569 MainThread-4696270336 parsl.dataflow.dflow:89 __init__ INFO: Parsl version: 1.3.0dev1
1688448422.184052 2023-07-04 00:27:02 MainProcess-79569 MainThread-4696270336 parsl.dataflow.usage_tracking.usage:129 __init__ DEBUG: Tracking status: False
1688448422.184279 2023-07-04 00:27:02 MainProcess-79569 MainThread-4696270336 parsl.dataflow.dflow:115 __init__ INFO: Run id is: 1bf10bd8-c552-4a50-a94f-7623f7a1245e
1688448422.312784 2023-07-04 00:27:02 MainProcess-79569 MainThread-4696270336 parsl.dataflow.dflow:122 __init__ DEBUG: Considering candidate for workflow name: /Library/Frameworks/Python.framework/Versions/3.9/lib/python3.9/site-packages/parsl/dataflow/dflow.py
1688448422.312965 2023-07-04 00:27:02 MainProcess-79569 MainThread-4696270336 parsl.dataflow.dflow:122 __init__ DEBUG: Considering candidate for workflow name: /Library/Frameworks/Python.framework/Versions/3.9/lib/python3.9/site-packages/parsl/dataflow/dflow.py
1688448422.313076 2023-07-04 00:27:02 MainProcess-79569 MainThread-4696270336 parsl.dataflow.dflow:122 __init__ DEBUG: Considering candidate for workflow name: /Library/Frameworks/Python.framework/Versions/3.9/lib/python3.9/site-packages/typeguard/__init__.py
1688448422.313163 2023-07-04 00:27:02 MainProcess-79569 MainThread-4696270336 parsl.dataflow.dflow:122 __init__ DEBUG: Considering candidate for workflow name: /Users/vedkommalapati/Desktop/funcXVisualize/main.py
1688448422.313233 2023-07-04 00:27:02 MainProcess-79569 MainThread-4696270336 parsl.dataflow.dflow:128 __init__ DEBUG: Using main.py as workflow name
1688448422.313530 2023-07-04 00:27:02 MainProcess-79569 MainThread-4696270336 parsl.dataflow.memoization:174 __init__ INFO: App caching initialized
1688448422.313824 2023-07-04 00:27:02 MainProcess-79569 MainThread-4696270336 parsl.dataflow.strategy:127 __init__ DEBUG: Scaling strategy: simple
1688448423.316710 2023-07-04 00:27:03 MainProcess-79569 FlowControl-Thread-123145390923776 parsl.dataflow.strategy:166 _general_strategy DEBUG: general strategy starting with strategy_type simple for 0 executors
1688448423.317060 2023-07-04 00:27:03 MainProcess-79569 FlowControl-Thread-123145390923776 parsl.process_loggers:28 wrapped DEBUG: Normal ending for _general_strategy on thread FlowControl-Thread
1688448425.833377 2023-07-04 00:27:05 MainProcess-79569 Thread-1-123145407713280 parsl.dataflow.dflow:850 submit DEBUG: Task 0 will be sent to executor threads
1688448425.833599 2023-07-04 00:27:05 MainProcess-79569 Thread-1-123145407713280 parsl.dataflow.dflow:676 _add_output_deps DEBUG: Adding output dependencies
1688448425.833688 2023-07-04 00:27:05 MainProcess-79569 Thread-1-123145407713280 parsl.dataflow.dflow:930 submit INFO: Task 0 submitted for App execute_query, not waiting on any dependency
1688448425.833768 2023-07-04 00:27:05 MainProcess-79569 Thread-1-123145407713280 parsl.dataflow.dflow:938 submit DEBUG: Task 0 set to pending state with AppFuture: <AppFuture at 0x7f8d12e93a90 state=pending>
1688448425.833852 2023-07-04 00:27:05 MainProcess-79569 Thread-1-123145407713280 parsl.dataflow.memoization:237 check_memo DEBUG: Task 0 will not be memoized
1688448425.841409 2023-07-04 00:27:05 MainProcess-79569 Thread-1-123145407713280 parsl.dataflow.dflow:639 launch_task INFO: Parsl task 0 try 0 launched on executor threads
1688448425.841737 2023-07-04 00:27:05 MainProcess-79569 Thread-1-123145407713280 parsl.dataflow.dflow:850 submit DEBUG: Task 1 will be sent to executor threads
1688448425.841941 2023-07-04 00:27:05 MainProcess-79569 Thread-1-123145407713280 parsl.dataflow.dflow:676 _add_output_deps DEBUG: Adding output dependencies
1688448425.842024 2023-07-04 00:27:05 MainProcess-79569 Thread-1-123145407713280 parsl.dataflow.dflow:930 submit INFO: Task 1 submitted for App execute_query, not waiting on any dependency
1688448425.842110 2023-07-04 00:27:05 MainProcess-79569 Thread-1-123145407713280 parsl.dataflow.dflow:938 submit DEBUG: Task 1 set to pending state with AppFuture: <AppFuture at 0x7f8d12eaa280 state=pending>
1688448425.842212 2023-07-04 00:27:05 MainProcess-79569 Thread-1-123145407713280 parsl.dataflow.memoization:237 check_memo DEBUG: Task 1 will not be memoized
1688448425.847266 2023-07-04 00:27:05 MainProcess-79569 Thread-1-123145407713280 parsl.dataflow.dflow:639 launch_task INFO: Parsl task 1 try 0 launched on executor threads
1688448425.847908 2023-07-04 00:27:05 MainProcess-79569 Thread-1-123145407713280 parsl.dataflow.dflow:462 _complete_task INFO: Task 1 completed (launched -> exec_done)
1688448425.848517 2023-07-04 00:27:05 MainProcess-79569 Thread-1-123145407713280 parsl.dataflow.dflow:850 submit DEBUG: Task 2 will be sent to executor threads
1688448425.849174 2023-07-04 00:27:05 MainProcess-79569 Thread-1-123145407713280 parsl.dataflow.dflow:676 _add_output_deps DEBUG: Adding output dependencies
1688448425.849710 2023-07-04 00:27:05 MainProcess-79569 Thread-1-123145407713280 parsl.dataflow.dflow:930 submit INFO: Task 2 submitted for App execute_query, not waiting on any dependency
1688448425.853497 2023-07-04 00:27:05 MainProcess-79569 Thread-1-123145407713280 parsl.dataflow.dflow:938 submit DEBUG: Task 2 set to pending state with AppFuture: <AppFuture at 0x7f8d12eaae80 state=pending>
1688448425.854490 2023-07-04 00:27:05 MainProcess-79569 Thread-1-123145407713280 parsl.dataflow.memoization:237 check_memo DEBUG: Task 2 will not be memoized
1688448425.855306 2023-07-04 00:27:05 MainProcess-79569 Thread-1-123145407713280 parsl.dataflow.dflow:639 launch_task INFO: Parsl task 2 try 0 launched on executor threads
1688448425.888031 2023-07-04 00:27:05 MainProcess-79569 Thread-1-123145407713280 parsl.dataflow.dflow:850 submit DEBUG: Task 3 will be sent to executor threads
1688448425.888606 2023-07-04 00:27:05 MainProcess-79569 Thread-1-123145407713280 parsl.dataflow.dflow:676 _add_output_deps DEBUG: Adding output dependencies
1688448425.889066 2023-07-04 00:27:05 MainProcess-79569 Thread-1-123145407713280 parsl.dataflow.dflow:930 submit INFO: Task 3 submitted for App execute_query, not waiting on any dependency
1688448425.889868 2023-07-04 00:27:05 MainProcess-79569 Thread-1-123145407713280 parsl.dataflow.dflow:938 submit DEBUG: Task 3 set to pending state with AppFuture: <AppFuture at 0x7f8d12eb70d0 state=pending>
1688448425.890308 2023-07-04 00:27:05 MainProcess-79569 Thread-1-123145407713280 parsl.dataflow.memoization:237 check_memo DEBUG: Task 3 will not be memoized
1688448425.925397 2023-07-04 00:27:05 MainProcess-79569 Thread-1-123145407713280 parsl.dataflow.dflow:639 launch_task INFO: Parsl task 3 try 0 launched on executor threads
1688448425.926158 2023-07-04 00:27:05 MainProcess-79569 Thread-1-123145407713280 parsl.dataflow.dflow:850 submit DEBUG: Task 4 will be sent to executor threads
1688448425.926933 2023-07-04 00:27:05 MainProcess-79569 Thread-1-123145407713280 parsl.dataflow.dflow:676 _add_output_deps DEBUG: Adding output dependencies
1688448425.932234 2023-07-04 00:27:05 MainProcess-79569 Thread-1-123145407713280 parsl.dataflow.dflow:930 submit INFO: Task 4 submitted for App execute_query, not waiting on any dependency
1688448425.932952 2023-07-04 00:27:05 MainProcess-79569 Thread-1-123145407713280 parsl.dataflow.dflow:938 submit DEBUG: Task 4 set to pending state with AppFuture: <AppFuture at 0x7f8d12eb7730 state=pending>
1688448425.934459 2023-07-04 00:27:05 MainProcess-79569 Thread-1-123145407713280 parsl.dataflow.memoization:237 check_memo DEBUG: Task 4 will not be memoized
1688448425.940940 2023-07-04 00:27:05 MainProcess-79569 Thread-1-123145407713280 parsl.dataflow.dflow:639 launch_task INFO: Parsl task 4 try 0 launched on executor threads
1688448425.941731 2023-07-04 00:27:05 MainProcess-79569 Thread-1-123145407713280 parsl.dataflow.dflow:850 submit DEBUG: Task 5 will be sent to executor threads
1688448425.942408 2023-07-04 00:27:05 MainProcess-79569 Thread-1-123145407713280 parsl.dataflow.dflow:676 _add_output_deps DEBUG: Adding output dependencies
1688448425.942908 2023-07-04 00:27:05 MainProcess-79569 Thread-1-123145407713280 parsl.dataflow.dflow:930 submit INFO: Task 5 submitted for App execute_query, not waiting on any dependency
1688448425.945058 2023-07-04 00:27:05 MainProcess-79569 Thread-1-123145407713280 parsl.dataflow.dflow:938 submit DEBUG: Task 5 set to pending state with AppFuture: <AppFuture at 0x7f8d12eb7d30 state=pending>
1688448425.945933 2023-07-04 00:27:05 MainProcess-79569 Thread-1-123145407713280 parsl.dataflow.memoization:237 check_memo DEBUG: Task 5 will not be memoized
1688448425.951723 2023-07-04 00:27:05 MainProcess-79569 Thread-1-123145407713280 parsl.dataflow.dflow:639 launch_task INFO: Parsl task 5 try 0 launched on executor threads
1688448425.969514 2023-07-04 00:27:05 MainProcess-79569 Thread-1-123145407713280 parsl.dataflow.dflow:850 submit DEBUG: Task 6 will be sent to executor threads
1688448425.969725 2023-07-04 00:27:05 MainProcess-79569 Thread-1-123145407713280 parsl.dataflow.dflow:676 _add_output_deps DEBUG: Adding output dependencies
1688448425.970398 2023-07-04 00:27:05 MainProcess-79569 Thread-1-123145407713280 parsl.dataflow.dflow:930 submit INFO: Task 6 submitted for App execute_query, not waiting on any dependency
1688448425.970679 2023-07-04 00:27:05 MainProcess-79569 Thread-1-123145407713280 parsl.dataflow.dflow:938 submit DEBUG: Task 6 set to pending state with AppFuture: <AppFuture at 0x7f8d12f8c370 state=pending>
1688448425.970806 2023-07-04 00:27:05 MainProcess-79569 Thread-1-123145407713280 parsl.dataflow.memoization:237 check_memo DEBUG: Task 6 will not be memoized
1688448425.972781 2023-07-04 00:27:05 MainProcess-79569 Thread-1-123145407713280 parsl.dataflow.dflow:639 launch_task INFO: Parsl task 6 try 0 launched on executor threads
1688448425.972964 2023-07-04 00:27:05 MainProcess-79569 Thread-1-123145407713280 parsl.dataflow.dflow:850 submit DEBUG: Task 7 will be sent to executor threads
1688448425.973066 2023-07-04 00:27:05 MainProcess-79569 Thread-1-123145407713280 parsl.dataflow.dflow:676 _add_output_deps DEBUG: Adding output dependencies
1688448425.973140 2023-07-04 00:27:05 MainProcess-79569 Thread-1-123145407713280 parsl.dataflow.dflow:930 submit INFO: Task 7 submitted for App execute_query, not waiting on any dependency
1688448425.973213 2023-07-04 00:27:05 MainProcess-79569 Thread-1-123145407713280 parsl.dataflow.dflow:938 submit DEBUG: Task 7 set to pending state with AppFuture: <AppFuture at 0x7f8d12f8c970 state=pending>
1688448425.973285 2023-07-04 00:27:05 MainProcess-79569 Thread-1-123145407713280 parsl.dataflow.memoization:237 check_memo DEBUG: Task 7 will not be memoized
1688448425.974454 2023-07-04 00:27:05 MainProcess-79569 Thread-1-123145407713280 parsl.dataflow.dflow:639 launch_task INFO: Parsl task 7 try 0 launched on executor threads
1688448426.072293 2023-07-04 00:27:06 MainProcess-79569 Thread-1-123145407713280 parsl.dataflow.dflow:850 submit DEBUG: Task 8 will be sent to executor threads
1688448426.074310 2023-07-04 00:27:06 MainProcess-79569 Thread-1-123145407713280 parsl.dataflow.dflow:676 _add_output_deps DEBUG: Adding output dependencies
1688448426.096158 2023-07-04 00:27:06 MainProcess-79569 Thread-1-123145407713280 parsl.dataflow.dflow:930 submit INFO: Task 8 submitted for App execute_query, not waiting on any dependency
1688448426.096296 2023-07-04 00:27:06 MainProcess-79569 Thread-1-123145407713280 parsl.dataflow.dflow:938 submit DEBUG: Task 8 set to pending state with AppFuture: <AppFuture at 0x7f8d12f8cf10 state=pending>
1688448426.096393 2023-07-04 00:27:06 MainProcess-79569 Thread-1-123145407713280 parsl.dataflow.memoization:237 check_memo DEBUG: Task 8 will not be memoized
1688448426.141318 2023-07-04 00:27:06 MainProcess-79569 Thread-1-123145407713280 parsl.dataflow.dflow:639 launch_task INFO: Parsl task 8 try 0 launched on executor threads
1688448426.141533 2023-07-04 00:27:06 MainProcess-79569 Thread-1-123145407713280 parsl.dataflow.dflow:850 submit DEBUG: Task 9 will be sent to executor threads
1688448426.141644 2023-07-04 00:27:06 MainProcess-79569 Thread-1-123145407713280 parsl.dataflow.dflow:676 _add_output_deps DEBUG: Adding output dependencies
1688448426.141720 2023-07-04 00:27:06 MainProcess-79569 Thread-1-123145407713280 parsl.dataflow.dflow:930 submit INFO: Task 9 submitted for App execute_query, not waiting on any dependency
1688448426.141795 2023-07-04 00:27:06 MainProcess-79569 Thread-1-123145407713280 parsl.dataflow.dflow:938 submit DEBUG: Task 9 set to pending state with AppFuture: <AppFuture at 0x7f8d12f94520 state=pending>
1688448426.141868 2023-07-04 00:27:06 MainProcess-79569 Thread-1-123145407713280 parsl.dataflow.memoization:237 check_memo DEBUG: Task 9 will not be memoized
1688448426.141971 2023-07-04 00:27:06 MainProcess-79569 Thread-1-123145407713280 parsl.dataflow.dflow:639 launch_task INFO: Parsl task 9 try 0 launched on executor threads
1688448426.142049 2023-07-04 00:27:06 MainProcess-79569 Thread-1-123145407713280 parsl.dataflow.dflow:850 submit DEBUG: Task 10 will be sent to executor threads
1688448426.142132 2023-07-04 00:27:06 MainProcess-79569 Thread-1-123145407713280 parsl.dataflow.dflow:676 _add_output_deps DEBUG: Adding output dependencies
1688448426.142200 2023-07-04 00:27:06 MainProcess-79569 Thread-1-123145407713280 parsl.dataflow.dflow:930 submit INFO: Task 10 submitted for App execute_query, not waiting on any dependency
1688448426.147447 2023-07-04 00:27:06 MainProcess-79569 Thread-1-123145407713280 parsl.dataflow.dflow:938 submit DEBUG: Task 10 set to pending state with AppFuture: <AppFuture at 0x7f8d12f94880 state=pending>
1688448426.147628 2023-07-04 00:27:06 MainProcess-79569 Thread-1-123145407713280 parsl.dataflow.memoization:237 check_memo DEBUG: Task 10 will not be memoized
1688448426.148389 2023-07-04 00:27:06 MainProcess-79569 Thread-1-123145407713280 parsl.dataflow.dflow:639 launch_task INFO: Parsl task 10 try 0 launched on executor threads
1688448426.148549 2023-07-04 00:27:06 MainProcess-79569 Thread-1-123145407713280 parsl.dataflow.dflow:850 submit DEBUG: Task 11 will be sent to executor threads
1688448426.148650 2023-07-04 00:27:06 MainProcess-79569 Thread-1-123145407713280 parsl.dataflow.dflow:676 _add_output_deps DEBUG: Adding output dependencies
1688448426.148723 2023-07-04 00:27:06 MainProcess-79569 Thread-1-123145407713280 parsl.dataflow.dflow:930 submit INFO: Task 11 submitted for App execute_query, not waiting on any dependency
1688448426.148797 2023-07-04 00:27:06 MainProcess-79569 Thread-1-123145407713280 parsl.dataflow.dflow:938 submit DEBUG: Task 11 set to pending state with AppFuture: <AppFuture at 0x7f8d12f94b50 state=pending>
1688448426.148868 2023-07-04 00:27:06 MainProcess-79569 Thread-1-123145407713280 parsl.dataflow.memoization:237 check_memo DEBUG: Task 11 will not be memoized
1688448426.148953 2023-07-04 00:27:06 MainProcess-79569 Thread-1-123145407713280 parsl.dataflow.dflow:639 launch_task INFO: Parsl task 11 try 0 launched on executor threads
1688448427.870357 2023-07-04 00:27:07 MainProcess-79569 ThreadPoolExecutor-0_5-123145525239808 parsl.dataflow.dflow:462 _complete_task INFO: Task 6 completed (launched -> exec_done)
1688448428.321188 2023-07-04 00:27:08 MainProcess-79569 FlowControl-Thread-123145390923776 parsl.dataflow.strategy:166 _general_strategy DEBUG: general strategy starting with strategy_type simple for 0 executors
1688448428.321359 2023-07-04 00:27:08 MainProcess-79569 FlowControl-Thread-123145390923776 parsl.process_loggers:28 wrapped DEBUG: Normal ending for _general_strategy on thread FlowControl-Thread
1688448428.453792 2023-07-04 00:27:08 MainProcess-79569 ThreadPoolExecutor-0_0-123145441292288 parsl.dataflow.dflow:462 _complete_task INFO: Task 0 completed (launched -> exec_done)
1688448428.662450 2023-07-04 00:27:08 MainProcess-79569 ThreadPoolExecutor-0_1-123145458081792 parsl.dataflow.dflow:462 _complete_task INFO: Task 2 completed (launched -> exec_done)
1688448428.763439 2023-07-04 00:27:08 MainProcess-79569 ThreadPoolExecutor-0_2-123145474871296 parsl.dataflow.dflow:462 _complete_task INFO: Task 3 completed (launched -> exec_done)
1688448428.827522 2023-07-04 00:27:08 MainProcess-79569 ThreadPoolExecutor-0_3-123145491660800 parsl.dataflow.dflow:462 _complete_task INFO: Task 4 completed (launched -> exec_done)
1688448430.734013 2023-07-04 00:27:10 MainProcess-79569 ThreadPoolExecutor-0_0-123145441292288 parsl.dataflow.dflow:462 _complete_task INFO: Task 10 completed (launched -> exec_done)
1688448430.843797 2023-07-04 00:27:10 MainProcess-79569 ThreadPoolExecutor-0_5-123145525239808 parsl.dataflow.dflow:462 _complete_task INFO: Task 9 completed (launched -> exec_done)
1688448430.974042 2023-07-04 00:27:10 MainProcess-79569 ThreadPoolExecutor-0_1-123145458081792 parsl.dataflow.dflow:462 _complete_task INFO: Task 11 completed (launched -> exec_done)
1688448431.093269 2023-07-04 00:27:11 MainProcess-79569 ThreadPoolExecutor-0_6-123145542029312 parsl.dataflow.dflow:462 _complete_task INFO: Task 7 completed (launched -> exec_done)
1688448432.978924 2023-07-04 00:27:12 MainProcess-79569 ThreadPoolExecutor-0_7-123145558818816 parsl.dataflow.dflow:462 _complete_task INFO: Task 8 completed (launched -> exec_done)
1688448433.324376 2023-07-04 00:27:13 MainProcess-79569 FlowControl-Thread-123145390923776 parsl.dataflow.strategy:166 _general_strategy DEBUG: general strategy starting with strategy_type simple for 0 executors
1688448433.324582 2023-07-04 00:27:13 MainProcess-79569 FlowControl-Thread-123145390923776 parsl.process_loggers:28 wrapped DEBUG: Normal ending for _general_strategy on thread FlowControl-Thread
1688448435.596546 2023-07-04 00:27:15 MainProcess-79569 ThreadPoolExecutor-0_4-123145508450304 parsl.dataflow.dflow:462 _complete_task INFO: Task 5 completed (launched -> exec_done)
1688448435.597125 2023-07-04 00:27:15 MainProcess-79569 Thread-1-123145407713280 parsl.dataflow.dflow:850 submit DEBUG: Task 12 will be sent to executor threads
1688448435.597261 2023-07-04 00:27:15 MainProcess-79569 Thread-1-123145407713280 parsl.dataflow.dflow:676 _add_output_deps DEBUG: Adding output dependencies
1688448435.597344 2023-07-04 00:27:15 MainProcess-79569 Thread-1-123145407713280 parsl.dataflow.dflow:930 submit INFO: Task 12 submitted for App process_start_data, not waiting on any dependency
1688448435.597544 2023-07-04 00:27:15 MainProcess-79569 Thread-1-123145407713280 parsl.dataflow.dflow:938 submit DEBUG: Task 12 set to pending state with AppFuture: <AppFuture at 0x7f8d12e93bb0 state=pending>
1688448435.597681 2023-07-04 00:27:15 MainProcess-79569 Thread-1-123145407713280 parsl.dataflow.memoization:237 check_memo DEBUG: Task 12 will not be memoized
1688448435.597796 2023-07-04 00:27:15 MainProcess-79569 Thread-1-123145407713280 parsl.dataflow.dflow:639 launch_task INFO: Parsl task 12 try 0 launched on executor threads
1688448435.597895 2023-07-04 00:27:15 MainProcess-79569 Thread-1-123145407713280 parsl.dataflow.dflow:850 submit DEBUG: Task 13 will be sent to executor threads
1688448435.597991 2023-07-04 00:27:15 MainProcess-79569 Thread-1-123145407713280 parsl.dataflow.dflow:676 _add_output_deps DEBUG: Adding output dependencies
1688448435.598072 2023-07-04 00:27:15 MainProcess-79569 Thread-1-123145407713280 parsl.dataflow.dflow:930 submit INFO: Task 13 submitted for App process_end_data, not waiting on any dependency
1688448435.598150 2023-07-04 00:27:15 MainProcess-79569 Thread-1-123145407713280 parsl.dataflow.dflow:938 submit DEBUG: Task 13 set to pending state with AppFuture: <AppFuture at 0x7f8ccb0b2100 state=pending>
1688448435.610287 2023-07-04 00:27:15 MainProcess-79569 Thread-1-123145407713280 parsl.dataflow.memoization:237 check_memo DEBUG: Task 13 will not be memoized
1688448435.616655 2023-07-04 00:27:15 MainProcess-79569 Thread-1-123145407713280 parsl.dataflow.dflow:639 launch_task INFO: Parsl task 13 try 0 launched on executor threads
1688448435.616852 2023-07-04 00:27:15 MainProcess-79569 Thread-1-123145407713280 parsl.dataflow.dflow:850 submit DEBUG: Task 14 will be sent to executor threads
1688448435.616972 2023-07-04 00:27:15 MainProcess-79569 Thread-1-123145407713280 parsl.dataflow.dflow:676 _add_output_deps DEBUG: Adding output dependencies
1688448435.617055 2023-07-04 00:27:15 MainProcess-79569 Thread-1-123145407713280 parsl.dataflow.dflow:930 submit INFO: Task 14 submitted for App process_queued_data, not waiting on any dependency
1688448435.617137 2023-07-04 00:27:15 MainProcess-79569 Thread-1-123145407713280 parsl.dataflow.dflow:938 submit DEBUG: Task 14 set to pending state with AppFuture: <AppFuture at 0x7f8ccb0b2430 state=pending>
1688448435.617217 2023-07-04 00:27:15 MainProcess-79569 Thread-1-123145407713280 parsl.dataflow.memoization:237 check_memo DEBUG: Task 14 will not be memoized
1688448435.617312 2023-07-04 00:27:15 MainProcess-79569 Thread-1-123145407713280 parsl.dataflow.dflow:639 launch_task INFO: Parsl task 14 try 0 launched on executor threads
1688448435.617562 2023-07-04 00:27:15 MainProcess-79569 Thread-1-123145407713280 parsl.dataflow.dflow:850 submit DEBUG: Task 15 will be sent to executor threads
1688448435.617670 2023-07-04 00:27:15 MainProcess-79569 Thread-1-123145407713280 parsl.dataflow.dflow:676 _add_output_deps DEBUG: Adding output dependencies
1688448435.617750 2023-07-04 00:27:15 MainProcess-79569 Thread-1-123145407713280 parsl.dataflow.dflow:930 submit INFO: Task 15 submitted for App calculate_runtimes, waiting on task 12, task 13, task 14
1688448435.617836 2023-07-04 00:27:15 MainProcess-79569 Thread-1-123145407713280 parsl.dataflow.dflow:938 submit DEBUG: Task 15 set to pending state with AppFuture: <AppFuture at 0x7f8ccb0b2760 state=pending>
1688448435.618234 2023-07-04 00:27:15 MainProcess-79569 Thread-1-123145407713280 parsl.dataflow.dflow:525 launch_if_ready DEBUG: Task 15 has outstanding dependencies, so launch_if_ready skipping
1688448435.640737 2023-07-04 00:27:15 MainProcess-79569 ThreadPoolExecutor-0_2-123145474871296 parsl.dataflow.dflow:462 _complete_task INFO: Task 12 completed (launched -> exec_done)
1688448435.651680 2023-07-04 00:27:15 MainProcess-79569 ThreadPoolExecutor-0_2-123145474871296 parsl.dataflow.dflow:525 launch_if_ready DEBUG: Task 15 has outstanding dependencies, so launch_if_ready skipping
1688448435.688319 2023-07-04 00:27:15 MainProcess-79569 ThreadPoolExecutor-0_0-123145441292288 parsl.dataflow.dflow:462 _complete_task INFO: Task 13 completed (launched -> exec_done)
1688448435.689508 2023-07-04 00:27:15 MainProcess-79569 ThreadPoolExecutor-0_5-123145525239808 parsl.dataflow.dflow:462 _complete_task INFO: Task 14 completed (launched -> exec_done)
1688448435.689878 2023-07-04 00:27:15 MainProcess-79569 ThreadPoolExecutor-0_0-123145441292288 parsl.dataflow.dflow:525 launch_if_ready DEBUG: Task 15 has outstanding dependencies, so launch_if_ready skipping
1688448435.690218 2023-07-04 00:27:15 MainProcess-79569 ThreadPoolExecutor-0_5-123145525239808 parsl.dataflow.memoization:237 check_memo DEBUG: Task 15 will not be memoized
1688448435.690357 2023-07-04 00:27:15 MainProcess-79569 ThreadPoolExecutor-0_5-123145525239808 parsl.dataflow.dflow:639 launch_task INFO: Parsl task 15 try 0 launched on executor threads
1688448438.330261 2023-07-04 00:27:18 MainProcess-79569 FlowControl-Thread-123145390923776 parsl.dataflow.strategy:166 _general_strategy DEBUG: general strategy starting with strategy_type simple for 0 executors
1688448438.330432 2023-07-04 00:27:18 MainProcess-79569 FlowControl-Thread-123145390923776 parsl.process_loggers:28 wrapped DEBUG: Normal ending for _general_strategy on thread FlowControl-Thread
1688448440.014583 2023-07-04 00:27:20 MainProcess-79569 ThreadPoolExecutor-0_5-123145525239808 parsl.dataflow.dflow:462 _complete_task INFO: Task 15 completed (launched -> exec_done)
1688448440.015263 2023-07-04 00:27:20 MainProcess-79569 Thread-1-123145407713280 parsl.dataflow.dflow:850 submit DEBUG: Task 16 will be sent to executor threads
1688448440.015591 2023-07-04 00:27:20 MainProcess-79569 Thread-1-123145407713280 parsl.dataflow.dflow:676 _add_output_deps DEBUG: Adding output dependencies
1688448440.015740 2023-07-04 00:27:20 MainProcess-79569 Thread-1-123145407713280 parsl.dataflow.dflow:930 submit INFO: Task 16 submitted for App create_runtime_scatterplot, not waiting on any dependency
1688448440.015837 2023-07-04 00:27:20 MainProcess-79569 Thread-1-123145407713280 parsl.dataflow.dflow:938 submit DEBUG: Task 16 set to pending state with AppFuture: <AppFuture at 0x7f8d0fb92df0 state=pending>
1688448440.015919 2023-07-04 00:27:20 MainProcess-79569 Thread-1-123145407713280 parsl.dataflow.memoization:237 check_memo DEBUG: Task 16 will not be memoized
1688448440.016019 2023-07-04 00:27:20 MainProcess-79569 Thread-1-123145407713280 parsl.dataflow.dflow:639 launch_task INFO: Parsl task 16 try 0 launched on executor threads
1688448443.337341 2023-07-04 00:27:23 MainProcess-79569 FlowControl-Thread-123145390923776 parsl.dataflow.strategy:166 _general_strategy DEBUG: general strategy starting with strategy_type simple for 0 executors
1688448443.337510 2023-07-04 00:27:23 MainProcess-79569 FlowControl-Thread-123145390923776 parsl.process_loggers:28 wrapped DEBUG: Normal ending for _general_strategy on thread FlowControl-Thread
1688448448.347348 2023-07-04 00:27:28 MainProcess-79569 FlowControl-Thread-123145390923776 parsl.dataflow.strategy:166 _general_strategy DEBUG: general strategy starting with strategy_type simple for 0 executors
1688448448.347523 2023-07-04 00:27:28 MainProcess-79569 FlowControl-Thread-123145390923776 parsl.process_loggers:28 wrapped DEBUG: Normal ending for _general_strategy on thread FlowControl-Thread
1688448453.352669 2023-07-04 00:27:33 MainProcess-79569 FlowControl-Thread-123145390923776 parsl.dataflow.strategy:166 _general_strategy DEBUG: general strategy starting with strategy_type simple for 0 executors
1688448453.352837 2023-07-04 00:27:33 MainProcess-79569 FlowControl-Thread-123145390923776 parsl.process_loggers:28 wrapped DEBUG: Normal ending for _general_strategy on thread FlowControl-Thread
1688448458.361997 2023-07-04 00:27:38 MainProcess-79569 FlowControl-Thread-123145390923776 parsl.dataflow.strategy:166 _general_strategy DEBUG: general strategy starting with strategy_type simple for 0 executors
1688448458.368131 2023-07-04 00:27:38 MainProcess-79569 FlowControl-Thread-123145390923776 parsl.process_loggers:28 wrapped DEBUG: Normal ending for _general_strategy on thread FlowControl-Thread
1688448463.399548 2023-07-04 00:27:43 MainProcess-79569 FlowControl-Thread-123145390923776 parsl.dataflow.strategy:166 _general_strategy DEBUG: general strategy starting with strategy_type simple for 0 executors
1688448463.399800 2023-07-04 00:27:43 MainProcess-79569 FlowControl-Thread-123145390923776 parsl.process_loggers:28 wrapped DEBUG: Normal ending for _general_strategy on thread FlowControl-Thread
1688448468.573579 2023-07-04 00:27:48 MainProcess-79569 FlowControl-Thread-123145390923776 parsl.dataflow.strategy:166 _general_strategy DEBUG: general strategy starting with strategy_type simple for 0 executors
1688448468.826239 2023-07-04 00:27:48 MainProcess-79569 FlowControl-Thread-123145390923776 parsl.process_loggers:28 wrapped DEBUG: Normal ending for _general_strategy on thread FlowControl-Thread
1688448473.485242 2023-07-04 00:27:53 MainProcess-79569 MainThread-4696270336 parsl.dataflow.dflow:1038 atexit_cleanup INFO: DFK cleanup because python process is exiting
1688448473.485446 2023-07-04 00:27:53 MainProcess-79569 MainThread-4696270336 parsl.dataflow.dflow:1076 cleanup INFO: DFK cleanup initiated
1688448473.485523 2023-07-04 00:27:53 MainProcess-79569 MainThread-4696270336 parsl.dataflow.dflow:976 log_task_states INFO: Summary of tasks in DFK:
1688448473.485606 2023-07-04 00:27:53 MainProcess-79569 MainThread-4696270336 parsl.dataflow.dflow:980 log_task_states INFO: Tasks in state States.unsched: 0
1688448473.485751 2023-07-04 00:27:53 MainProcess-79569 MainThread-4696270336 parsl.dataflow.dflow:980 log_task_states INFO: Tasks in state States.pending: 0
1688448473.485821 2023-07-04 00:27:53 MainProcess-79569 MainThread-4696270336 parsl.dataflow.dflow:980 log_task_states INFO: Tasks in state States.running: 0
1688448473.485885 2023-07-04 00:27:53 MainProcess-79569 MainThread-4696270336 parsl.dataflow.dflow:980 log_task_states INFO: Tasks in state States.exec_done: 16
1688448473.485949 2023-07-04 00:27:53 MainProcess-79569 MainThread-4696270336 parsl.dataflow.dflow:980 log_task_states INFO: Tasks in state States.failed: 0
1688448473.486011 2023-07-04 00:27:53 MainProcess-79569 MainThread-4696270336 parsl.dataflow.dflow:980 log_task_states INFO: Tasks in state States.dep_fail: 0
1688448473.486073 2023-07-04 00:27:53 MainProcess-79569 MainThread-4696270336 parsl.dataflow.dflow:980 log_task_states INFO: Tasks in state States.launched: 1
1688448473.486133 2023-07-04 00:27:53 MainProcess-79569 MainThread-4696270336 parsl.dataflow.dflow:980 log_task_states INFO: Tasks in state States.fail_retryable: 0
1688448473.486192 2023-07-04 00:27:53 MainProcess-79569 MainThread-4696270336 parsl.dataflow.dflow:980 log_task_states INFO: Tasks in state States.memo_done: 0
1688448473.486252 2023-07-04 00:27:53 MainProcess-79569 MainThread-4696270336 parsl.dataflow.dflow:980 log_task_states INFO: Tasks in state States.joining: 0
1688448473.486312 2023-07-04 00:27:53 MainProcess-79569 MainThread-4696270336 parsl.dataflow.dflow:980 log_task_states INFO: Tasks in state States.running_ended: 0
1688448473.486371 2023-07-04 00:27:53 MainProcess-79569 MainThread-4696270336 parsl.dataflow.dflow:982 log_task_states INFO: End of summary
1688448473.486476 2023-07-04 00:27:53 MainProcess-79569 MainThread-4696270336 parsl.dataflow.dflow:1100 cleanup INFO: Closing flowcontrol
1688448473.486993 2023-07-04 00:27:53 MainProcess-79569 MainThread-4696270336 parsl.dataflow.dflow:1102 cleanup INFO: Terminated flow control
1688448473.487126 2023-07-04 00:27:53 MainProcess-79569 MainThread-4696270336 parsl.dataflow.dflow:1104 cleanup INFO: Scaling in and shutting down executors
1688448473.487208 2023-07-04 00:27:53 MainProcess-79569 MainThread-4696270336 parsl.dataflow.dflow:1119 cleanup INFO: Shutting down executor threads
1688448473.487281 2023-07-04 00:27:53 MainProcess-79569 MainThread-4696270336 parsl.executors.threads:105 shutdown DEBUG: Shutting down executor, which involves waiting for running tasks to complete
