1688258497.610582 2023-07-01 19:41:37 MainProcess-61383 MainThread-4579890688 parsl.dataflow.dflow:87 __init__ DEBUG: Starting DataFlowKernel with config
Config(
    app_cache=True, 
    checkpoint_files=None, 
    checkpoint_mode=None, 
    checkpoint_period=None, 
    executors=[ThreadPoolExecutor(
        label='threads', 
        managed=True, 
        max_threads=8, 
        storage_access=None, 
        thread_name_prefix='', 
        working_dir=None
    )], 
    garbage_collect=True, 
    initialize_logging=True, 
    internal_tasks_max_threads=10, 
    max_idletime=120.0, 
    monitoring=None, 
    retries=0, 
    retry_handler=None, 
    run_dir='runinfo', 
    strategy='simple', 
    usage_tracking=False
)
1688258497.611018 2023-07-01 19:41:37 MainProcess-61383 MainThread-4579890688 parsl.dataflow.dflow:89 __init__ INFO: Parsl version: 1.3.0dev1
1688258497.611157 2023-07-01 19:41:37 MainProcess-61383 MainThread-4579890688 parsl.dataflow.usage_tracking.usage:129 __init__ DEBUG: Tracking status: False
1688258497.611349 2023-07-01 19:41:37 MainProcess-61383 MainThread-4579890688 parsl.dataflow.dflow:115 __init__ INFO: Run id is: 08189e1a-b999-419e-8691-a2ab46733ebb
1688258497.742379 2023-07-01 19:41:37 MainProcess-61383 MainThread-4579890688 parsl.dataflow.dflow:122 __init__ DEBUG: Considering candidate for workflow name: /Library/Frameworks/Python.framework/Versions/3.9/lib/python3.9/site-packages/parsl/dataflow/dflow.py
1688258497.742492 2023-07-01 19:41:37 MainProcess-61383 MainThread-4579890688 parsl.dataflow.dflow:122 __init__ DEBUG: Considering candidate for workflow name: /Library/Frameworks/Python.framework/Versions/3.9/lib/python3.9/site-packages/parsl/dataflow/dflow.py
1688258497.742545 2023-07-01 19:41:37 MainProcess-61383 MainThread-4579890688 parsl.dataflow.dflow:122 __init__ DEBUG: Considering candidate for workflow name: /Library/Frameworks/Python.framework/Versions/3.9/lib/python3.9/site-packages/typeguard/__init__.py
1688258497.742592 2023-07-01 19:41:37 MainProcess-61383 MainThread-4579890688 parsl.dataflow.dflow:122 __init__ DEBUG: Considering candidate for workflow name: /Users/vedkommalapati/Desktop/funcXVisualize/main.py
1688258497.742637 2023-07-01 19:41:37 MainProcess-61383 MainThread-4579890688 parsl.dataflow.dflow:128 __init__ DEBUG: Using main.py as workflow name
1688258497.742828 2023-07-01 19:41:37 MainProcess-61383 MainThread-4579890688 parsl.dataflow.memoization:174 __init__ INFO: App caching initialized
1688258497.742901 2023-07-01 19:41:37 MainProcess-61383 MainThread-4579890688 parsl.dataflow.strategy:127 __init__ DEBUG: Scaling strategy: simple
1688258498.744365 2023-07-01 19:41:38 MainProcess-61383 FlowControl-Thread-123145585676288 parsl.dataflow.strategy:166 _general_strategy DEBUG: general strategy starting with strategy_type simple for 0 executors
1688258498.744685 2023-07-01 19:41:38 MainProcess-61383 FlowControl-Thread-123145585676288 parsl.process_loggers:28 wrapped DEBUG: Normal ending for _general_strategy on thread FlowControl-Thread
1688258500.102806 2023-07-01 19:41:40 MainProcess-61383 Thread-1-123145602465792 parsl.dataflow.dflow:850 submit DEBUG: Task 0 will be sent to executor threads
1688258500.103009 2023-07-01 19:41:40 MainProcess-61383 Thread-1-123145602465792 parsl.dataflow.dflow:676 _add_output_deps DEBUG: Adding output dependencies
1688258500.103097 2023-07-01 19:41:40 MainProcess-61383 Thread-1-123145602465792 parsl.dataflow.dflow:930 submit INFO: Task 0 submitted for App execute_query, not waiting on any dependency
1688258500.103178 2023-07-01 19:41:40 MainProcess-61383 Thread-1-123145602465792 parsl.dataflow.dflow:938 submit DEBUG: Task 0 set to pending state with AppFuture: <AppFuture at 0x7fd4106985e0 state=pending>
1688258500.103257 2023-07-01 19:41:40 MainProcess-61383 Thread-1-123145602465792 parsl.dataflow.memoization:237 check_memo DEBUG: Task 0 will not be memoized
1688258500.108721 2023-07-01 19:41:40 MainProcess-61383 Thread-1-123145602465792 parsl.dataflow.dflow:639 launch_task INFO: Parsl task 0 try 0 launched on executor threads
1688258500.109003 2023-07-01 19:41:40 MainProcess-61383 Thread-1-123145602465792 parsl.dataflow.dflow:850 submit DEBUG: Task 1 will be sent to executor threads
1688258500.109145 2023-07-01 19:41:40 MainProcess-61383 Thread-1-123145602465792 parsl.dataflow.dflow:676 _add_output_deps DEBUG: Adding output dependencies
1688258500.109227 2023-07-01 19:41:40 MainProcess-61383 Thread-1-123145602465792 parsl.dataflow.dflow:930 submit INFO: Task 1 submitted for App execute_query, not waiting on any dependency
1688258500.109478 2023-07-01 19:41:40 MainProcess-61383 Thread-1-123145602465792 parsl.dataflow.dflow:938 submit DEBUG: Task 1 set to pending state with AppFuture: <AppFuture at 0x7fd410698550 state=pending>
1688258500.109553 2023-07-01 19:41:40 MainProcess-61383 Thread-1-123145602465792 parsl.dataflow.memoization:237 check_memo DEBUG: Task 1 will not be memoized
1688258500.123765 2023-07-01 19:41:40 MainProcess-61383 Thread-1-123145602465792 parsl.dataflow.dflow:639 launch_task INFO: Parsl task 1 try 0 launched on executor threads
1688258500.124040 2023-07-01 19:41:40 MainProcess-61383 Thread-1-123145602465792 parsl.app.errors:134 reraise DEBUG: Reraising exception of type <class 'sqlite3.OperationalError'>
1688258500.124328 2023-07-01 19:41:40 MainProcess-61383 Thread-1-123145602465792 parsl.dataflow.dflow:291 handle_exec_update DEBUG: Task 1 try 0 failed
1688258500.124424 2023-07-01 19:41:40 MainProcess-61383 Thread-1-123145602465792 parsl.dataflow.dflow:335 handle_exec_update ERROR: Task 1 failed after 0 retry attempts
Traceback (most recent call last):
  File "/Library/Frameworks/Python.framework/Versions/3.9/lib/python3.9/site-packages/parsl/dataflow/dflow.py", line 288, in handle_exec_update
    res = self._unwrap_remote_exception_wrapper(future)
  File "/Library/Frameworks/Python.framework/Versions/3.9/lib/python3.9/site-packages/parsl/dataflow/dflow.py", line 483, in _unwrap_remote_exception_wrapper
    result.reraise()
  File "/Library/Frameworks/Python.framework/Versions/3.9/lib/python3.9/site-packages/parsl/app/errors.py", line 138, in reraise
    reraise(t, v, v.__traceback__)
  File "/Library/Frameworks/Python.framework/Versions/3.9/lib/python3.9/site-packages/six.py", line 719, in reraise
    raise value
  File "/Library/Frameworks/Python.framework/Versions/3.9/lib/python3.9/site-packages/parsl/app/errors.py", line 176, in wrapper
    return func(*args, **kwargs)  # type: ignore
  File "/Users/vedkommalapati/Desktop/funcXVisualize/main.py", line 208, in execute_query
    cursor.execute(query)
sqlite3.OperationalError: no such column: asctime
1688258500.143668 2023-07-01 19:41:40 MainProcess-61383 Thread-1-123145602465792 parsl.dataflow.dflow:850 submit DEBUG: Task 2 will be sent to executor threads
1688258500.144084 2023-07-01 19:41:40 MainProcess-61383 Thread-1-123145602465792 parsl.dataflow.dflow:676 _add_output_deps DEBUG: Adding output dependencies
1688258500.144199 2023-07-01 19:41:40 MainProcess-61383 Thread-1-123145602465792 parsl.dataflow.dflow:930 submit INFO: Task 2 submitted for App execute_query, not waiting on any dependency
1688258500.144415 2023-07-01 19:41:40 MainProcess-61383 Thread-1-123145602465792 parsl.dataflow.dflow:938 submit DEBUG: Task 2 set to pending state with AppFuture: <AppFuture at 0x7fd41081d220 state=pending>
1688258500.144605 2023-07-01 19:41:40 MainProcess-61383 Thread-1-123145602465792 parsl.dataflow.memoization:237 check_memo DEBUG: Task 2 will not be memoized
1688258500.145022 2023-07-01 19:41:40 MainProcess-61383 Thread-1-123145602465792 parsl.dataflow.dflow:639 launch_task INFO: Parsl task 2 try 0 launched on executor threads
1688258500.152024 2023-07-01 19:41:40 MainProcess-61383 Thread-1-123145602465792 parsl.dataflow.dflow:850 submit DEBUG: Task 3 will be sent to executor threads
1688258500.153711 2023-07-01 19:41:40 MainProcess-61383 Thread-1-123145602465792 parsl.dataflow.dflow:676 _add_output_deps DEBUG: Adding output dependencies
1688258500.154918 2023-07-01 19:41:40 MainProcess-61383 Thread-1-123145602465792 parsl.dataflow.dflow:930 submit INFO: Task 3 submitted for App execute_query, not waiting on any dependency
1688258500.155577 2023-07-01 19:41:40 MainProcess-61383 Thread-1-123145602465792 parsl.dataflow.dflow:938 submit DEBUG: Task 3 set to pending state with AppFuture: <AppFuture at 0x7fd41081d580 state=pending>
1688258500.156596 2023-07-01 19:41:40 MainProcess-61383 Thread-1-123145602465792 parsl.dataflow.memoization:237 check_memo DEBUG: Task 3 will not be memoized
1688258500.172144 2023-07-01 19:41:40 MainProcess-61383 Thread-1-123145602465792 parsl.dataflow.dflow:639 launch_task INFO: Parsl task 3 try 0 launched on executor threads
1688258500.174125 2023-07-01 19:41:40 MainProcess-61383 Thread-1-123145602465792 parsl.dataflow.dflow:850 submit DEBUG: Task 4 will be sent to executor threads
1688258500.174678 2023-07-01 19:41:40 MainProcess-61383 Thread-1-123145602465792 parsl.dataflow.dflow:676 _add_output_deps DEBUG: Adding output dependencies
1688258500.175129 2023-07-01 19:41:40 MainProcess-61383 Thread-1-123145602465792 parsl.dataflow.dflow:930 submit INFO: Task 4 submitted for App execute_query, not waiting on any dependency
1688258500.175583 2023-07-01 19:41:40 MainProcess-61383 Thread-1-123145602465792 parsl.dataflow.dflow:938 submit DEBUG: Task 4 set to pending state with AppFuture: <AppFuture at 0x7fd41081dbb0 state=pending>
1688258500.176029 2023-07-01 19:41:40 MainProcess-61383 Thread-1-123145602465792 parsl.dataflow.memoization:237 check_memo DEBUG: Task 4 will not be memoized
1688258500.178328 2023-07-01 19:41:40 MainProcess-61383 Thread-1-123145602465792 parsl.dataflow.dflow:639 launch_task INFO: Parsl task 4 try 0 launched on executor threads
1688258500.218863 2023-07-01 19:41:40 MainProcess-61383 Thread-1-123145602465792 parsl.dataflow.dflow:850 submit DEBUG: Task 5 will be sent to executor threads
1688258500.219404 2023-07-01 19:41:40 MainProcess-61383 Thread-1-123145602465792 parsl.dataflow.dflow:676 _add_output_deps DEBUG: Adding output dependencies
1688258500.220432 2023-07-01 19:41:40 MainProcess-61383 Thread-1-123145602465792 parsl.dataflow.dflow:930 submit INFO: Task 5 submitted for App execute_query, not waiting on any dependency
1688258500.220997 2023-07-01 19:41:40 MainProcess-61383 Thread-1-123145602465792 parsl.dataflow.dflow:938 submit DEBUG: Task 5 set to pending state with AppFuture: <AppFuture at 0x7fd41083c1f0 state=pending>
1688258500.221434 2023-07-01 19:41:40 MainProcess-61383 Thread-1-123145602465792 parsl.dataflow.memoization:237 check_memo DEBUG: Task 5 will not be memoized
1688258500.252004 2023-07-01 19:41:40 MainProcess-61383 Thread-1-123145602465792 parsl.dataflow.dflow:639 launch_task INFO: Parsl task 5 try 0 launched on executor threads
1688258500.252213 2023-07-01 19:41:40 MainProcess-61383 Thread-1-123145602465792 parsl.dataflow.dflow:850 submit DEBUG: Task 6 will be sent to executor threads
1688258500.252322 2023-07-01 19:41:40 MainProcess-61383 Thread-1-123145602465792 parsl.dataflow.dflow:676 _add_output_deps DEBUG: Adding output dependencies
1688258500.252395 2023-07-01 19:41:40 MainProcess-61383 Thread-1-123145602465792 parsl.dataflow.dflow:930 submit INFO: Task 6 submitted for App execute_query, not waiting on any dependency
1688258500.252467 2023-07-01 19:41:40 MainProcess-61383 Thread-1-123145602465792 parsl.dataflow.dflow:938 submit DEBUG: Task 6 set to pending state with AppFuture: <AppFuture at 0x7fd41083c7f0 state=pending>
1688258500.252537 2023-07-01 19:41:40 MainProcess-61383 Thread-1-123145602465792 parsl.dataflow.memoization:237 check_memo DEBUG: Task 6 will not be memoized
1688258500.262417 2023-07-01 19:41:40 MainProcess-61383 Thread-1-123145602465792 parsl.dataflow.dflow:639 launch_task INFO: Parsl task 6 try 0 launched on executor threads
1688258500.262597 2023-07-01 19:41:40 MainProcess-61383 Thread-1-123145602465792 parsl.dataflow.dflow:850 submit DEBUG: Task 7 will be sent to executor threads
1688258500.262696 2023-07-01 19:41:40 MainProcess-61383 Thread-1-123145602465792 parsl.dataflow.dflow:676 _add_output_deps DEBUG: Adding output dependencies
1688258500.262771 2023-07-01 19:41:40 MainProcess-61383 Thread-1-123145602465792 parsl.dataflow.dflow:930 submit INFO: Task 7 submitted for App execute_query, not waiting on any dependency
1688258500.262862 2023-07-01 19:41:40 MainProcess-61383 Thread-1-123145602465792 parsl.dataflow.dflow:938 submit DEBUG: Task 7 set to pending state with AppFuture: <AppFuture at 0x7fd41083cdf0 state=pending>
1688258500.263389 2023-07-01 19:41:40 MainProcess-61383 Thread-1-123145602465792 parsl.dataflow.memoization:237 check_memo DEBUG: Task 7 will not be memoized
1688258500.263958 2023-07-01 19:41:40 MainProcess-61383 Thread-1-123145602465792 parsl.dataflow.dflow:639 launch_task INFO: Parsl task 7 try 0 launched on executor threads
1688258500.264131 2023-07-01 19:41:40 MainProcess-61383 Thread-1-123145602465792 parsl.dataflow.dflow:850 submit DEBUG: Task 8 will be sent to executor threads
1688258500.266879 2023-07-01 19:41:40 MainProcess-61383 Thread-1-123145602465792 parsl.dataflow.dflow:676 _add_output_deps DEBUG: Adding output dependencies
1688258500.267048 2023-07-01 19:41:40 MainProcess-61383 Thread-1-123145602465792 parsl.dataflow.dflow:930 submit INFO: Task 8 submitted for App execute_query, not waiting on any dependency
1688258500.267143 2023-07-01 19:41:40 MainProcess-61383 Thread-1-123145602465792 parsl.dataflow.dflow:938 submit DEBUG: Task 8 set to pending state with AppFuture: <AppFuture at 0x7fd4108443d0 state=pending>
1688258500.267234 2023-07-01 19:41:40 MainProcess-61383 Thread-1-123145602465792 parsl.dataflow.memoization:237 check_memo DEBUG: Task 8 will not be memoized
1688258500.278820 2023-07-01 19:41:40 MainProcess-61383 Thread-1-123145602465792 parsl.dataflow.dflow:639 launch_task INFO: Parsl task 8 try 0 launched on executor threads
1688258500.279022 2023-07-01 19:41:40 MainProcess-61383 Thread-1-123145602465792 parsl.dataflow.dflow:850 submit DEBUG: Task 9 will be sent to executor threads
1688258500.279130 2023-07-01 19:41:40 MainProcess-61383 Thread-1-123145602465792 parsl.dataflow.dflow:676 _add_output_deps DEBUG: Adding output dependencies
1688258500.279202 2023-07-01 19:41:40 MainProcess-61383 Thread-1-123145602465792 parsl.dataflow.dflow:930 submit INFO: Task 9 submitted for App execute_query, not waiting on any dependency
1688258500.279273 2023-07-01 19:41:40 MainProcess-61383 Thread-1-123145602465792 parsl.dataflow.dflow:938 submit DEBUG: Task 9 set to pending state with AppFuture: <AppFuture at 0x7fd410844a30 state=pending>
1688258500.279341 2023-07-01 19:41:40 MainProcess-61383 Thread-1-123145602465792 parsl.dataflow.memoization:237 check_memo DEBUG: Task 9 will not be memoized
1688258500.279426 2023-07-01 19:41:40 MainProcess-61383 Thread-1-123145602465792 parsl.dataflow.dflow:639 launch_task INFO: Parsl task 9 try 0 launched on executor threads
1688258500.279499 2023-07-01 19:41:40 MainProcess-61383 Thread-1-123145602465792 parsl.dataflow.dflow:850 submit DEBUG: Task 10 will be sent to executor threads
1688258500.279573 2023-07-01 19:41:40 MainProcess-61383 Thread-1-123145602465792 parsl.dataflow.dflow:676 _add_output_deps DEBUG: Adding output dependencies
1688258500.280373 2023-07-01 19:41:40 MainProcess-61383 Thread-1-123145602465792 parsl.dataflow.dflow:930 submit INFO: Task 10 submitted for App execute_query, not waiting on any dependency
1688258500.280475 2023-07-01 19:41:40 MainProcess-61383 Thread-1-123145602465792 parsl.dataflow.dflow:938 submit DEBUG: Task 10 set to pending state with AppFuture: <AppFuture at 0x7fd410844d00 state=pending>
1688258500.280548 2023-07-01 19:41:40 MainProcess-61383 Thread-1-123145602465792 parsl.dataflow.memoization:237 check_memo DEBUG: Task 10 will not be memoized
1688258500.280644 2023-07-01 19:41:40 MainProcess-61383 Thread-1-123145602465792 parsl.dataflow.dflow:639 launch_task INFO: Parsl task 10 try 0 launched on executor threads
1688258500.280730 2023-07-01 19:41:40 MainProcess-61383 Thread-1-123145602465792 parsl.dataflow.dflow:850 submit DEBUG: Task 11 will be sent to executor threads
1688258500.280815 2023-07-01 19:41:40 MainProcess-61383 Thread-1-123145602465792 parsl.dataflow.dflow:676 _add_output_deps DEBUG: Adding output dependencies
1688258500.282865 2023-07-01 19:41:40 MainProcess-61383 Thread-1-123145602465792 parsl.dataflow.dflow:930 submit INFO: Task 11 submitted for App execute_query, not waiting on any dependency
1688258500.283114 2023-07-01 19:41:40 MainProcess-61383 Thread-1-123145602465792 parsl.dataflow.dflow:938 submit DEBUG: Task 11 set to pending state with AppFuture: <AppFuture at 0x7fd410844fd0 state=pending>
1688258500.283222 2023-07-01 19:41:40 MainProcess-61383 Thread-1-123145602465792 parsl.dataflow.memoization:237 check_memo DEBUG: Task 11 will not be memoized
1688258500.283343 2023-07-01 19:41:40 MainProcess-61383 Thread-1-123145602465792 parsl.dataflow.dflow:639 launch_task INFO: Parsl task 11 try 0 launched on executor threads
1688258502.158973 2023-07-01 19:41:42 MainProcess-61383 ThreadPoolExecutor-0_0-123145636044800 parsl.dataflow.dflow:462 _complete_task INFO: Task 0 completed (launched -> exec_done)
1688258503.489418 2023-07-01 19:41:43 MainProcess-61383 ThreadPoolExecutor-0_5-123145719992320 parsl.dataflow.dflow:462 _complete_task INFO: Task 6 completed (launched -> exec_done)
1688258503.654083 2023-07-01 19:41:43 MainProcess-61383 ThreadPoolExecutor-0_1-123145652834304 parsl.dataflow.dflow:462 _complete_task INFO: Task 2 completed (launched -> exec_done)
1688258503.821969 2023-07-01 19:41:43 MainProcess-61383 FlowControl-Thread-123145585676288 parsl.dataflow.strategy:166 _general_strategy DEBUG: general strategy starting with strategy_type simple for 0 executors
1688258503.822138 2023-07-01 19:41:43 MainProcess-61383 FlowControl-Thread-123145585676288 parsl.process_loggers:28 wrapped DEBUG: Normal ending for _general_strategy on thread FlowControl-Thread
1688258503.850035 2023-07-01 19:41:43 MainProcess-61383 ThreadPoolExecutor-0_2-123145669623808 parsl.dataflow.dflow:462 _complete_task INFO: Task 3 completed (launched -> exec_done)
1688258503.885889 2023-07-01 19:41:43 MainProcess-61383 ThreadPoolExecutor-0_3-123145686413312 parsl.dataflow.dflow:462 _complete_task INFO: Task 4 completed (launched -> exec_done)
1688258504.598315 2023-07-01 19:41:44 MainProcess-61383 ThreadPoolExecutor-0_0-123145636044800 parsl.dataflow.dflow:462 _complete_task INFO: Task 9 completed (launched -> exec_done)
1688258505.076838 2023-07-01 19:41:45 MainProcess-61383 ThreadPoolExecutor-0_5-123145719992320 parsl.dataflow.dflow:462 _complete_task INFO: Task 10 completed (launched -> exec_done)
1688258505.506020 2023-07-01 19:41:45 MainProcess-61383 ThreadPoolExecutor-0_1-123145652834304 parsl.dataflow.dflow:462 _complete_task INFO: Task 11 completed (launched -> exec_done)
1688258506.049572 2023-07-01 19:41:46 MainProcess-61383 ThreadPoolExecutor-0_6-123145736781824 parsl.dataflow.dflow:462 _complete_task INFO: Task 7 completed (launched -> exec_done)
1688258506.615892 2023-07-01 19:41:46 MainProcess-61383 ThreadPoolExecutor-0_7-123145753571328 parsl.dataflow.dflow:462 _complete_task INFO: Task 8 completed (launched -> exec_done)
1688258506.740974 2023-07-01 19:41:46 MainProcess-61383 MainThread-4579890688 parsl.dataflow.dflow:1038 atexit_cleanup INFO: DFK cleanup because python process is exiting
1688258506.741139 2023-07-01 19:41:46 MainProcess-61383 MainThread-4579890688 parsl.dataflow.dflow:1076 cleanup INFO: DFK cleanup initiated
1688258506.741208 2023-07-01 19:41:46 MainProcess-61383 MainThread-4579890688 parsl.dataflow.dflow:976 log_task_states INFO: Summary of tasks in DFK:
1688258506.741283 2023-07-01 19:41:46 MainProcess-61383 MainThread-4579890688 parsl.dataflow.dflow:980 log_task_states INFO: Tasks in state States.unsched: 0
1688258506.741346 2023-07-01 19:41:46 MainProcess-61383 MainThread-4579890688 parsl.dataflow.dflow:980 log_task_states INFO: Tasks in state States.pending: 0
1688258506.741404 2023-07-01 19:41:46 MainProcess-61383 MainThread-4579890688 parsl.dataflow.dflow:980 log_task_states INFO: Tasks in state States.running: 0
1688258506.741461 2023-07-01 19:41:46 MainProcess-61383 MainThread-4579890688 parsl.dataflow.dflow:980 log_task_states INFO: Tasks in state States.exec_done: 10
1688258506.741517 2023-07-01 19:41:46 MainProcess-61383 MainThread-4579890688 parsl.dataflow.dflow:980 log_task_states INFO: Tasks in state States.failed: 1
1688258506.741592 2023-07-01 19:41:46 MainProcess-61383 MainThread-4579890688 parsl.dataflow.dflow:980 log_task_states INFO: Tasks in state States.dep_fail: 0
1688258506.741649 2023-07-01 19:41:46 MainProcess-61383 MainThread-4579890688 parsl.dataflow.dflow:980 log_task_states INFO: Tasks in state States.launched: 1
1688258506.741704 2023-07-01 19:41:46 MainProcess-61383 MainThread-4579890688 parsl.dataflow.dflow:980 log_task_states INFO: Tasks in state States.fail_retryable: 0
1688258506.741759 2023-07-01 19:41:46 MainProcess-61383 MainThread-4579890688 parsl.dataflow.dflow:980 log_task_states INFO: Tasks in state States.memo_done: 0
1688258506.741814 2023-07-01 19:41:46 MainProcess-61383 MainThread-4579890688 parsl.dataflow.dflow:980 log_task_states INFO: Tasks in state States.joining: 0
1688258506.741873 2023-07-01 19:41:46 MainProcess-61383 MainThread-4579890688 parsl.dataflow.dflow:980 log_task_states INFO: Tasks in state States.running_ended: 0
1688258506.741928 2023-07-01 19:41:46 MainProcess-61383 MainThread-4579890688 parsl.dataflow.dflow:982 log_task_states INFO: End of summary
1688258506.742022 2023-07-01 19:41:46 MainProcess-61383 MainThread-4579890688 parsl.dataflow.dflow:1100 cleanup INFO: Closing flowcontrol
1688258506.747283 2023-07-01 19:41:46 MainProcess-61383 MainThread-4579890688 parsl.dataflow.dflow:1102 cleanup INFO: Terminated flow control
1688258506.747436 2023-07-01 19:41:46 MainProcess-61383 MainThread-4579890688 parsl.dataflow.dflow:1104 cleanup INFO: Scaling in and shutting down executors
1688258506.747520 2023-07-01 19:41:46 MainProcess-61383 MainThread-4579890688 parsl.dataflow.dflow:1119 cleanup INFO: Shutting down executor threads
1688258506.747588 2023-07-01 19:41:46 MainProcess-61383 MainThread-4579890688 parsl.executors.threads:105 shutdown DEBUG: Shutting down executor, which involves waiting for running tasks to complete
