1687792163.648540 2023-06-26 10:09:23 MainProcess-56063 MainThread-4561094144 parsl.dataflow.dflow:87 __init__ DEBUG: Starting DataFlowKernel with config
Config(
    app_cache=True, 
    checkpoint_files=None, 
    checkpoint_mode=None, 
    checkpoint_period=None, 
    executors=[ThreadPoolExecutor(
        label='threads', 
        managed=True, 
        max_threads=2, 
        storage_access=None, 
        thread_name_prefix='', 
        working_dir=None
    )], 
    garbage_collect=True, 
    initialize_logging=True, 
    internal_tasks_max_threads=10, 
    max_idletime=120.0, 
    monitoring=None, 
    retries=0, 
    retry_handler=None, 
    run_dir='runinfo', 
    strategy='simple', 
    usage_tracking=False
)
1687792163.649429 2023-06-26 10:09:23 MainProcess-56063 MainThread-4561094144 parsl.dataflow.dflow:89 __init__ INFO: Parsl version: 1.3.0dev1
1687792163.649623 2023-06-26 10:09:23 MainProcess-56063 MainThread-4561094144 parsl.dataflow.usage_tracking.usage:129 __init__ DEBUG: Tracking status: False
1687792163.649876 2023-06-26 10:09:23 MainProcess-56063 MainThread-4561094144 parsl.dataflow.dflow:115 __init__ INFO: Run id is: bd9fd948-731f-4548-88c0-073a7f75e1cd
1687792163.788445 2023-06-26 10:09:23 MainProcess-56063 MainThread-4561094144 parsl.dataflow.dflow:122 __init__ DEBUG: Considering candidate for workflow name: /Library/Frameworks/Python.framework/Versions/3.9/lib/python3.9/site-packages/parsl/dataflow/dflow.py
1687792163.788611 2023-06-26 10:09:23 MainProcess-56063 MainThread-4561094144 parsl.dataflow.dflow:122 __init__ DEBUG: Considering candidate for workflow name: /Library/Frameworks/Python.framework/Versions/3.9/lib/python3.9/site-packages/parsl/dataflow/dflow.py
1687792163.788701 2023-06-26 10:09:23 MainProcess-56063 MainThread-4561094144 parsl.dataflow.dflow:122 __init__ DEBUG: Considering candidate for workflow name: /Library/Frameworks/Python.framework/Versions/3.9/lib/python3.9/site-packages/typeguard/__init__.py
1687792163.788788 2023-06-26 10:09:23 MainProcess-56063 MainThread-4561094144 parsl.dataflow.dflow:122 __init__ DEBUG: Considering candidate for workflow name: /Users/vedkommalapati/Desktop/funcXVisualize/main.py
1687792163.789165 2023-06-26 10:09:23 MainProcess-56063 MainThread-4561094144 parsl.dataflow.dflow:128 __init__ DEBUG: Using main.py as workflow name
1687792163.789397 2023-06-26 10:09:23 MainProcess-56063 MainThread-4561094144 parsl.dataflow.memoization:174 __init__ INFO: App caching initialized
1687792163.789481 2023-06-26 10:09:23 MainProcess-56063 MainThread-4561094144 parsl.dataflow.strategy:127 __init__ DEBUG: Scaling strategy: simple
1687792164.793195 2023-06-26 10:09:24 MainProcess-56063 FlowControl-Thread-123145358630912 parsl.dataflow.strategy:166 _general_strategy DEBUG: general strategy starting with strategy_type simple for 0 executors
1687792164.795808 2023-06-26 10:09:24 MainProcess-56063 FlowControl-Thread-123145358630912 parsl.process_loggers:28 wrapped DEBUG: Normal ending for _general_strategy on thread FlowControl-Thread
1687792167.773417 2023-06-26 10:09:27 MainProcess-56063 Thread-1-123145375420416 parsl.dataflow.dflow:850 submit DEBUG: Task 0 will be sent to executor threads
1687792167.778945 2023-06-26 10:09:27 MainProcess-56063 Thread-1-123145375420416 parsl.dataflow.dflow:676 _add_output_deps DEBUG: Adding output dependencies
1687792167.779121 2023-06-26 10:09:27 MainProcess-56063 Thread-1-123145375420416 parsl.dataflow.dflow:930 submit INFO: Task 0 submitted for App execute_query, not waiting on any dependency
1687792167.779208 2023-06-26 10:09:27 MainProcess-56063 Thread-1-123145375420416 parsl.dataflow.dflow:938 submit DEBUG: Task 0 set to pending state with AppFuture: <AppFuture at 0x7fe8f8ea8610 state=pending>
1687792167.779295 2023-06-26 10:09:27 MainProcess-56063 Thread-1-123145375420416 parsl.dataflow.memoization:237 check_memo DEBUG: Task 0 will not be memoized
1687792167.780468 2023-06-26 10:09:27 MainProcess-56063 Thread-1-123145375420416 parsl.dataflow.dflow:639 launch_task INFO: Parsl task 0 try 0 launched on executor threads
1687792167.780943 2023-06-26 10:09:27 MainProcess-56063 Thread-1-123145375420416 parsl.dataflow.dflow:850 submit DEBUG: Task 1 will be sent to executor threads
1687792167.781129 2023-06-26 10:09:27 MainProcess-56063 Thread-1-123145375420416 parsl.dataflow.dflow:676 _add_output_deps DEBUG: Adding output dependencies
1687792167.781208 2023-06-26 10:09:27 MainProcess-56063 Thread-1-123145375420416 parsl.dataflow.dflow:930 submit INFO: Task 1 submitted for App execute_query, not waiting on any dependency
1687792167.781285 2023-06-26 10:09:27 MainProcess-56063 Thread-1-123145375420416 parsl.dataflow.dflow:938 submit DEBUG: Task 1 set to pending state with AppFuture: <AppFuture at 0x7fe8f8eb90d0 state=pending>
1687792167.781357 2023-06-26 10:09:27 MainProcess-56063 Thread-1-123145375420416 parsl.dataflow.memoization:237 check_memo DEBUG: Task 1 will not be memoized
1687792167.783140 2023-06-26 10:09:27 MainProcess-56063 Thread-1-123145375420416 parsl.dataflow.dflow:639 launch_task INFO: Parsl task 1 try 0 launched on executor threads
1687792167.783320 2023-06-26 10:09:27 MainProcess-56063 Thread-1-123145375420416 parsl.dataflow.dflow:850 submit DEBUG: Task 2 will be sent to executor threads
1687792167.783428 2023-06-26 10:09:27 MainProcess-56063 Thread-1-123145375420416 parsl.dataflow.dflow:676 _add_output_deps DEBUG: Adding output dependencies
1687792167.783502 2023-06-26 10:09:27 MainProcess-56063 Thread-1-123145375420416 parsl.dataflow.dflow:930 submit INFO: Task 2 submitted for App execute_query, not waiting on any dependency
1687792167.783579 2023-06-26 10:09:27 MainProcess-56063 Thread-1-123145375420416 parsl.dataflow.dflow:938 submit DEBUG: Task 2 set to pending state with AppFuture: <AppFuture at 0x7fe8f8eb9700 state=pending>
1687792167.783651 2023-06-26 10:09:27 MainProcess-56063 Thread-1-123145375420416 parsl.dataflow.memoization:237 check_memo DEBUG: Task 2 will not be memoized
1687792167.783742 2023-06-26 10:09:27 MainProcess-56063 Thread-1-123145375420416 parsl.dataflow.dflow:639 launch_task INFO: Parsl task 2 try 0 launched on executor threads
1687792167.783834 2023-06-26 10:09:27 MainProcess-56063 Thread-1-123145375420416 parsl.dataflow.dflow:850 submit DEBUG: Task 3 will be sent to executor threads
1687792167.784105 2023-06-26 10:09:27 MainProcess-56063 Thread-1-123145375420416 parsl.dataflow.dflow:676 _add_output_deps DEBUG: Adding output dependencies
1687792167.784259 2023-06-26 10:09:27 MainProcess-56063 Thread-1-123145375420416 parsl.dataflow.dflow:930 submit INFO: Task 3 submitted for App execute_query, not waiting on any dependency
1687792167.784360 2023-06-26 10:09:27 MainProcess-56063 Thread-1-123145375420416 parsl.dataflow.dflow:938 submit DEBUG: Task 3 set to pending state with AppFuture: <AppFuture at 0x7fe8f8eb9a00 state=pending>
1687792167.784532 2023-06-26 10:09:27 MainProcess-56063 Thread-1-123145375420416 parsl.dataflow.memoization:237 check_memo DEBUG: Task 3 will not be memoized
1687792167.784645 2023-06-26 10:09:27 MainProcess-56063 Thread-1-123145375420416 parsl.dataflow.dflow:639 launch_task INFO: Parsl task 3 try 0 launched on executor threads
1687792167.784771 2023-06-26 10:09:27 MainProcess-56063 Thread-1-123145375420416 parsl.dataflow.dflow:850 submit DEBUG: Task 4 will be sent to executor threads
1687792167.784868 2023-06-26 10:09:27 MainProcess-56063 Thread-1-123145375420416 parsl.dataflow.dflow:676 _add_output_deps DEBUG: Adding output dependencies
1687792167.784939 2023-06-26 10:09:27 MainProcess-56063 Thread-1-123145375420416 parsl.dataflow.dflow:930 submit INFO: Task 4 submitted for App execute_query, not waiting on any dependency
1687792167.785012 2023-06-26 10:09:27 MainProcess-56063 Thread-1-123145375420416 parsl.dataflow.dflow:938 submit DEBUG: Task 4 set to pending state with AppFuture: <AppFuture at 0x7fe8f8eb9cd0 state=pending>
1687792167.793632 2023-06-26 10:09:27 MainProcess-56063 Thread-1-123145375420416 parsl.dataflow.memoization:237 check_memo DEBUG: Task 4 will not be memoized
1687792167.793983 2023-06-26 10:09:27 MainProcess-56063 Thread-1-123145375420416 parsl.dataflow.dflow:639 launch_task INFO: Parsl task 4 try 0 launched on executor threads
1687792167.794135 2023-06-26 10:09:27 MainProcess-56063 Thread-1-123145375420416 parsl.dataflow.dflow:850 submit DEBUG: Task 5 will be sent to executor threads
1687792167.794258 2023-06-26 10:09:27 MainProcess-56063 Thread-1-123145375420416 parsl.dataflow.dflow:676 _add_output_deps DEBUG: Adding output dependencies
1687792167.794334 2023-06-26 10:09:27 MainProcess-56063 Thread-1-123145375420416 parsl.dataflow.dflow:930 submit INFO: Task 5 submitted for App execute_query, not waiting on any dependency
1687792167.794409 2023-06-26 10:09:27 MainProcess-56063 Thread-1-123145375420416 parsl.dataflow.dflow:938 submit DEBUG: Task 5 set to pending state with AppFuture: <AppFuture at 0x7fe8f8eb9fa0 state=pending>
1687792167.794481 2023-06-26 10:09:27 MainProcess-56063 Thread-1-123145375420416 parsl.dataflow.memoization:237 check_memo DEBUG: Task 5 will not be memoized
1687792167.794569 2023-06-26 10:09:27 MainProcess-56063 Thread-1-123145375420416 parsl.dataflow.dflow:639 launch_task INFO: Parsl task 5 try 0 launched on executor threads
1687792167.794959 2023-06-26 10:09:27 MainProcess-56063 Thread-1-123145375420416 parsl.dataflow.dflow:850 submit DEBUG: Task 6 will be sent to executor threads
1687792167.819292 2023-06-26 10:09:27 MainProcess-56063 Thread-1-123145375420416 parsl.dataflow.dflow:676 _add_output_deps DEBUG: Adding output dependencies
1687792167.819460 2023-06-26 10:09:27 MainProcess-56063 Thread-1-123145375420416 parsl.dataflow.dflow:930 submit INFO: Task 6 submitted for App execute_query, not waiting on any dependency
1687792167.819610 2023-06-26 10:09:27 MainProcess-56063 Thread-1-123145375420416 parsl.dataflow.dflow:938 submit DEBUG: Task 6 set to pending state with AppFuture: <AppFuture at 0x7fe8f8ebe2b0 state=pending>
1687792167.819810 2023-06-26 10:09:27 MainProcess-56063 Thread-1-123145375420416 parsl.dataflow.memoization:237 check_memo DEBUG: Task 6 will not be memoized
1687792167.820082 2023-06-26 10:09:27 MainProcess-56063 Thread-1-123145375420416 parsl.dataflow.dflow:639 launch_task INFO: Parsl task 6 try 0 launched on executor threads
1687792167.820270 2023-06-26 10:09:27 MainProcess-56063 Thread-1-123145375420416 parsl.dataflow.dflow:850 submit DEBUG: Task 7 will be sent to executor threads
1687792167.822620 2023-06-26 10:09:27 MainProcess-56063 Thread-1-123145375420416 parsl.dataflow.dflow:676 _add_output_deps DEBUG: Adding output dependencies
1687792167.822725 2023-06-26 10:09:27 MainProcess-56063 Thread-1-123145375420416 parsl.dataflow.dflow:930 submit INFO: Task 7 submitted for App execute_query, not waiting on any dependency
1687792167.822815 2023-06-26 10:09:27 MainProcess-56063 Thread-1-123145375420416 parsl.dataflow.dflow:938 submit DEBUG: Task 7 set to pending state with AppFuture: <AppFuture at 0x7fe8f8ebe580 state=pending>
1687792167.822898 2023-06-26 10:09:27 MainProcess-56063 Thread-1-123145375420416 parsl.dataflow.memoization:237 check_memo DEBUG: Task 7 will not be memoized
1687792167.825053 2023-06-26 10:09:27 MainProcess-56063 Thread-1-123145375420416 parsl.dataflow.dflow:639 launch_task INFO: Parsl task 7 try 0 launched on executor threads
1687792167.825291 2023-06-26 10:09:27 MainProcess-56063 Thread-1-123145375420416 parsl.dataflow.dflow:850 submit DEBUG: Task 8 will be sent to executor threads
1687792167.825407 2023-06-26 10:09:27 MainProcess-56063 Thread-1-123145375420416 parsl.dataflow.dflow:676 _add_output_deps DEBUG: Adding output dependencies
1687792167.825486 2023-06-26 10:09:27 MainProcess-56063 Thread-1-123145375420416 parsl.dataflow.dflow:930 submit INFO: Task 8 submitted for App execute_query, not waiting on any dependency
1687792167.825566 2023-06-26 10:09:27 MainProcess-56063 Thread-1-123145375420416 parsl.dataflow.dflow:938 submit DEBUG: Task 8 set to pending state with AppFuture: <AppFuture at 0x7fe8f8ebe850 state=pending>
1687792167.825646 2023-06-26 10:09:27 MainProcess-56063 Thread-1-123145375420416 parsl.dataflow.memoization:237 check_memo DEBUG: Task 8 will not be memoized
1687792167.825764 2023-06-26 10:09:27 MainProcess-56063 Thread-1-123145375420416 parsl.dataflow.dflow:639 launch_task INFO: Parsl task 8 try 0 launched on executor threads
1687792167.825962 2023-06-26 10:09:27 MainProcess-56063 Thread-1-123145375420416 parsl.dataflow.dflow:850 submit DEBUG: Task 9 will be sent to executor threads
1687792167.826090 2023-06-26 10:09:27 MainProcess-56063 Thread-1-123145375420416 parsl.dataflow.dflow:676 _add_output_deps DEBUG: Adding output dependencies
1687792167.826169 2023-06-26 10:09:27 MainProcess-56063 Thread-1-123145375420416 parsl.dataflow.dflow:930 submit INFO: Task 9 submitted for App execute_query, not waiting on any dependency
1687792167.828094 2023-06-26 10:09:27 MainProcess-56063 Thread-1-123145375420416 parsl.dataflow.dflow:938 submit DEBUG: Task 9 set to pending state with AppFuture: <AppFuture at 0x7fe8f8ebeb20 state=pending>
1687792167.828305 2023-06-26 10:09:27 MainProcess-56063 Thread-1-123145375420416 parsl.dataflow.memoization:237 check_memo DEBUG: Task 9 will not be memoized
1687792167.828635 2023-06-26 10:09:27 MainProcess-56063 Thread-1-123145375420416 parsl.dataflow.dflow:639 launch_task INFO: Parsl task 9 try 0 launched on executor threads
1687792167.828780 2023-06-26 10:09:27 MainProcess-56063 Thread-1-123145375420416 parsl.dataflow.dflow:850 submit DEBUG: Task 10 will be sent to executor threads
1687792167.830592 2023-06-26 10:09:27 MainProcess-56063 Thread-1-123145375420416 parsl.dataflow.dflow:676 _add_output_deps DEBUG: Adding output dependencies
1687792167.830987 2023-06-26 10:09:27 MainProcess-56063 Thread-1-123145375420416 parsl.dataflow.dflow:930 submit INFO: Task 10 submitted for App execute_query, not waiting on any dependency
1687792167.831574 2023-06-26 10:09:27 MainProcess-56063 Thread-1-123145375420416 parsl.dataflow.dflow:938 submit DEBUG: Task 10 set to pending state with AppFuture: <AppFuture at 0x7fe8f8ebedf0 state=pending>
1687792167.831908 2023-06-26 10:09:27 MainProcess-56063 Thread-1-123145375420416 parsl.dataflow.memoization:237 check_memo DEBUG: Task 10 will not be memoized
1687792167.832043 2023-06-26 10:09:27 MainProcess-56063 Thread-1-123145375420416 parsl.dataflow.dflow:639 launch_task INFO: Parsl task 10 try 0 launched on executor threads
1687792167.833846 2023-06-26 10:09:27 MainProcess-56063 Thread-1-123145375420416 parsl.dataflow.dflow:850 submit DEBUG: Task 11 will be sent to executor threads
1687792168.039139 2023-06-26 10:09:28 MainProcess-56063 Thread-1-123145375420416 parsl.dataflow.dflow:676 _add_output_deps DEBUG: Adding output dependencies
1687792168.039317 2023-06-26 10:09:28 MainProcess-56063 Thread-1-123145375420416 parsl.dataflow.dflow:930 submit INFO: Task 11 submitted for App execute_query, not waiting on any dependency
1687792168.051273 2023-06-26 10:09:28 MainProcess-56063 Thread-1-123145375420416 parsl.dataflow.dflow:938 submit DEBUG: Task 11 set to pending state with AppFuture: <AppFuture at 0x7fe8f8ed10d0 state=pending>
1687792168.051392 2023-06-26 10:09:28 MainProcess-56063 Thread-1-123145375420416 parsl.dataflow.memoization:237 check_memo DEBUG: Task 11 will not be memoized
1687792168.051501 2023-06-26 10:09:28 MainProcess-56063 Thread-1-123145375420416 parsl.dataflow.dflow:639 launch_task INFO: Parsl task 11 try 0 launched on executor threads
1687792169.798467 2023-06-26 10:09:29 MainProcess-56063 FlowControl-Thread-123145358630912 parsl.dataflow.strategy:166 _general_strategy DEBUG: general strategy starting with strategy_type simple for 0 executors
1687792169.799251 2023-06-26 10:09:29 MainProcess-56063 FlowControl-Thread-123145358630912 parsl.process_loggers:28 wrapped DEBUG: Normal ending for _general_strategy on thread FlowControl-Thread
1687792170.920818 2023-06-26 10:09:30 MainProcess-56063 ThreadPoolExecutor-0_0-123145408999424 parsl.dataflow.dflow:462 _complete_task INFO: Task 0 completed (launched -> exec_done)
1687792173.151442 2023-06-26 10:09:33 MainProcess-56063 ThreadPoolExecutor-0_0-123145408999424 parsl.dataflow.dflow:462 _complete_task INFO: Task 2 completed (launched -> exec_done)
1687792174.800165 2023-06-26 10:09:34 MainProcess-56063 FlowControl-Thread-123145358630912 parsl.dataflow.strategy:166 _general_strategy DEBUG: general strategy starting with strategy_type simple for 0 executors
1687792174.834794 2023-06-26 10:09:34 MainProcess-56063 FlowControl-Thread-123145358630912 parsl.process_loggers:28 wrapped DEBUG: Normal ending for _general_strategy on thread FlowControl-Thread
1687792175.401180 2023-06-26 10:09:35 MainProcess-56063 ThreadPoolExecutor-0_0-123145408999424 parsl.dataflow.dflow:462 _complete_task INFO: Task 3 completed (launched -> exec_done)
1687792177.029909 2023-06-26 10:09:37 MainProcess-56063 ThreadPoolExecutor-0_0-123145408999424 parsl.dataflow.dflow:462 _complete_task INFO: Task 4 completed (launched -> exec_done)
1687792179.804157 2023-06-26 10:09:39 MainProcess-56063 FlowControl-Thread-123145358630912 parsl.dataflow.strategy:166 _general_strategy DEBUG: general strategy starting with strategy_type simple for 0 executors
1687792179.804391 2023-06-26 10:09:39 MainProcess-56063 FlowControl-Thread-123145358630912 parsl.process_loggers:28 wrapped DEBUG: Normal ending for _general_strategy on thread FlowControl-Thread
1687792184.825478 2023-06-26 10:09:44 MainProcess-56063 FlowControl-Thread-123145358630912 parsl.dataflow.strategy:166 _general_strategy DEBUG: general strategy starting with strategy_type simple for 0 executors
1687792184.826166 2023-06-26 10:09:44 MainProcess-56063 FlowControl-Thread-123145358630912 parsl.process_loggers:28 wrapped DEBUG: Normal ending for _general_strategy on thread FlowControl-Thread
1687792189.828611 2023-06-26 10:09:49 MainProcess-56063 FlowControl-Thread-123145358630912 parsl.dataflow.strategy:166 _general_strategy DEBUG: general strategy starting with strategy_type simple for 0 executors
1687792189.886674 2023-06-26 10:09:49 MainProcess-56063 FlowControl-Thread-123145358630912 parsl.process_loggers:28 wrapped DEBUG: Normal ending for _general_strategy on thread FlowControl-Thread
1687792194.832952 2023-06-26 10:09:54 MainProcess-56063 FlowControl-Thread-123145358630912 parsl.dataflow.strategy:166 _general_strategy DEBUG: general strategy starting with strategy_type simple for 0 executors
1687792194.833154 2023-06-26 10:09:54 MainProcess-56063 FlowControl-Thread-123145358630912 parsl.process_loggers:28 wrapped DEBUG: Normal ending for _general_strategy on thread FlowControl-Thread
1687792195.616399 2023-06-26 10:09:55 MainProcess-56063 ThreadPoolExecutor-0_0-123145408999424 parsl.dataflow.dflow:462 _complete_task INFO: Task 5 completed (launched -> exec_done)
1687792196.446887 2023-06-26 10:09:56 MainProcess-56063 ThreadPoolExecutor-0_0-123145408999424 parsl.dataflow.dflow:462 _complete_task INFO: Task 6 completed (launched -> exec_done)
1687792199.835066 2023-06-26 10:09:59 MainProcess-56063 FlowControl-Thread-123145358630912 parsl.dataflow.strategy:166 _general_strategy DEBUG: general strategy starting with strategy_type simple for 0 executors
1687792199.842217 2023-06-26 10:09:59 MainProcess-56063 FlowControl-Thread-123145358630912 parsl.process_loggers:28 wrapped DEBUG: Normal ending for _general_strategy on thread FlowControl-Thread
1687792203.002982 2023-06-26 10:10:03 MainProcess-56063 ThreadPoolExecutor-0_0-123145408999424 parsl.dataflow.dflow:462 _complete_task INFO: Task 7 completed (launched -> exec_done)
1687792204.839119 2023-06-26 10:10:04 MainProcess-56063 FlowControl-Thread-123145358630912 parsl.dataflow.strategy:166 _general_strategy DEBUG: general strategy starting with strategy_type simple for 0 executors
1687792204.839497 2023-06-26 10:10:04 MainProcess-56063 FlowControl-Thread-123145358630912 parsl.process_loggers:28 wrapped DEBUG: Normal ending for _general_strategy on thread FlowControl-Thread
1687792206.828091 2023-06-26 10:10:06 MainProcess-56063 ThreadPoolExecutor-0_0-123145408999424 parsl.dataflow.dflow:462 _complete_task INFO: Task 8 completed (launched -> exec_done)
1687792208.124433 2023-06-26 10:10:08 MainProcess-56063 ThreadPoolExecutor-0_0-123145408999424 parsl.dataflow.dflow:462 _complete_task INFO: Task 9 completed (launched -> exec_done)
1687792209.446804 2023-06-26 10:10:09 MainProcess-56063 ThreadPoolExecutor-0_0-123145408999424 parsl.dataflow.dflow:462 _complete_task INFO: Task 10 completed (launched -> exec_done)
1687792209.843060 2023-06-26 10:10:09 MainProcess-56063 FlowControl-Thread-123145358630912 parsl.dataflow.strategy:166 _general_strategy DEBUG: general strategy starting with strategy_type simple for 0 executors
1687792209.843454 2023-06-26 10:10:09 MainProcess-56063 FlowControl-Thread-123145358630912 parsl.process_loggers:28 wrapped DEBUG: Normal ending for _general_strategy on thread FlowControl-Thread
1687792211.018122 2023-06-26 10:10:11 MainProcess-56063 ThreadPoolExecutor-0_0-123145408999424 parsl.dataflow.dflow:462 _complete_task INFO: Task 11 completed (launched -> exec_done)
1687792214.847119 2023-06-26 10:10:14 MainProcess-56063 FlowControl-Thread-123145358630912 parsl.dataflow.strategy:166 _general_strategy DEBUG: general strategy starting with strategy_type simple for 0 executors
1687792214.847318 2023-06-26 10:10:14 MainProcess-56063 FlowControl-Thread-123145358630912 parsl.process_loggers:28 wrapped DEBUG: Normal ending for _general_strategy on thread FlowControl-Thread
1687792219.851380 2023-06-26 10:10:19 MainProcess-56063 FlowControl-Thread-123145358630912 parsl.dataflow.strategy:166 _general_strategy DEBUG: general strategy starting with strategy_type simple for 0 executors
1687792219.851538 2023-06-26 10:10:19 MainProcess-56063 FlowControl-Thread-123145358630912 parsl.process_loggers:28 wrapped DEBUG: Normal ending for _general_strategy on thread FlowControl-Thread
1687792224.855279 2023-06-26 10:10:24 MainProcess-56063 FlowControl-Thread-123145358630912 parsl.dataflow.strategy:166 _general_strategy DEBUG: general strategy starting with strategy_type simple for 0 executors
1687792224.855436 2023-06-26 10:10:24 MainProcess-56063 FlowControl-Thread-123145358630912 parsl.process_loggers:28 wrapped DEBUG: Normal ending for _general_strategy on thread FlowControl-Thread
1687792229.859708 2023-06-26 10:10:29 MainProcess-56063 FlowControl-Thread-123145358630912 parsl.dataflow.strategy:166 _general_strategy DEBUG: general strategy starting with strategy_type simple for 0 executors
1687792229.873662 2023-06-26 10:10:29 MainProcess-56063 FlowControl-Thread-123145358630912 parsl.process_loggers:28 wrapped DEBUG: Normal ending for _general_strategy on thread FlowControl-Thread
1687792234.863868 2023-06-26 10:10:34 MainProcess-56063 FlowControl-Thread-123145358630912 parsl.dataflow.strategy:166 _general_strategy DEBUG: general strategy starting with strategy_type simple for 0 executors
1687792234.864258 2023-06-26 10:10:34 MainProcess-56063 FlowControl-Thread-123145358630912 parsl.process_loggers:28 wrapped DEBUG: Normal ending for _general_strategy on thread FlowControl-Thread
1687792239.867836 2023-06-26 10:10:39 MainProcess-56063 FlowControl-Thread-123145358630912 parsl.dataflow.strategy:166 _general_strategy DEBUG: general strategy starting with strategy_type simple for 0 executors
1687792239.868846 2023-06-26 10:10:39 MainProcess-56063 FlowControl-Thread-123145358630912 parsl.process_loggers:28 wrapped DEBUG: Normal ending for _general_strategy on thread FlowControl-Thread
1687792244.871259 2023-06-26 10:10:44 MainProcess-56063 FlowControl-Thread-123145358630912 parsl.dataflow.strategy:166 _general_strategy DEBUG: general strategy starting with strategy_type simple for 0 executors
1687792244.871692 2023-06-26 10:10:44 MainProcess-56063 FlowControl-Thread-123145358630912 parsl.process_loggers:28 wrapped DEBUG: Normal ending for _general_strategy on thread FlowControl-Thread
1687792249.876030 2023-06-26 10:10:49 MainProcess-56063 FlowControl-Thread-123145358630912 parsl.dataflow.strategy:166 _general_strategy DEBUG: general strategy starting with strategy_type simple for 0 executors
1687792249.935567 2023-06-26 10:10:49 MainProcess-56063 FlowControl-Thread-123145358630912 parsl.process_loggers:28 wrapped DEBUG: Normal ending for _general_strategy on thread FlowControl-Thread
1687792250.094979 2023-06-26 10:10:50 MainProcess-56063 ThreadPoolExecutor-0_1-123145425788928 parsl.dataflow.dflow:462 _complete_task INFO: Task 1 completed (launched -> exec_done)
1687792254.880221 2023-06-26 10:10:54 MainProcess-56063 FlowControl-Thread-123145358630912 parsl.dataflow.strategy:166 _general_strategy DEBUG: general strategy starting with strategy_type simple for 0 executors
1687792254.880830 2023-06-26 10:10:54 MainProcess-56063 FlowControl-Thread-123145358630912 parsl.process_loggers:28 wrapped DEBUG: Normal ending for _general_strategy on thread FlowControl-Thread
1687792259.883991 2023-06-26 10:10:59 MainProcess-56063 FlowControl-Thread-123145358630912 parsl.dataflow.strategy:166 _general_strategy DEBUG: general strategy starting with strategy_type simple for 0 executors
1687792259.884709 2023-06-26 10:10:59 MainProcess-56063 FlowControl-Thread-123145358630912 parsl.process_loggers:28 wrapped DEBUG: Normal ending for _general_strategy on thread FlowControl-Thread
1687792264.886606 2023-06-26 10:11:04 MainProcess-56063 FlowControl-Thread-123145358630912 parsl.dataflow.strategy:166 _general_strategy DEBUG: general strategy starting with strategy_type simple for 0 executors
1687792264.887083 2023-06-26 10:11:04 MainProcess-56063 FlowControl-Thread-123145358630912 parsl.process_loggers:28 wrapped DEBUG: Normal ending for _general_strategy on thread FlowControl-Thread
1687792264.960834 2023-06-26 10:11:04 MainProcess-56063 MainThread-4561094144 parsl.dataflow.dflow:1038 atexit_cleanup INFO: DFK cleanup because python process is exiting
1687792264.961055 2023-06-26 10:11:04 MainProcess-56063 MainThread-4561094144 parsl.dataflow.dflow:1076 cleanup INFO: DFK cleanup initiated
1687792264.961131 2023-06-26 10:11:04 MainProcess-56063 MainThread-4561094144 parsl.dataflow.dflow:976 log_task_states INFO: Summary of tasks in DFK:
1687792264.961210 2023-06-26 10:11:04 MainProcess-56063 MainThread-4561094144 parsl.dataflow.dflow:980 log_task_states INFO: Tasks in state States.unsched: 0
1687792264.961275 2023-06-26 10:11:04 MainProcess-56063 MainThread-4561094144 parsl.dataflow.dflow:980 log_task_states INFO: Tasks in state States.pending: 0
1687792264.961336 2023-06-26 10:11:04 MainProcess-56063 MainThread-4561094144 parsl.dataflow.dflow:980 log_task_states INFO: Tasks in state States.running: 0
1687792264.961397 2023-06-26 10:11:04 MainProcess-56063 MainThread-4561094144 parsl.dataflow.dflow:980 log_task_states INFO: Tasks in state States.exec_done: 12
1687792264.961456 2023-06-26 10:11:04 MainProcess-56063 MainThread-4561094144 parsl.dataflow.dflow:980 log_task_states INFO: Tasks in state States.failed: 0
1687792264.961516 2023-06-26 10:11:04 MainProcess-56063 MainThread-4561094144 parsl.dataflow.dflow:980 log_task_states INFO: Tasks in state States.dep_fail: 0
1687792264.961575 2023-06-26 10:11:04 MainProcess-56063 MainThread-4561094144 parsl.dataflow.dflow:980 log_task_states INFO: Tasks in state States.launched: 0
1687792264.961634 2023-06-26 10:11:04 MainProcess-56063 MainThread-4561094144 parsl.dataflow.dflow:980 log_task_states INFO: Tasks in state States.fail_retryable: 0
1687792264.961693 2023-06-26 10:11:04 MainProcess-56063 MainThread-4561094144 parsl.dataflow.dflow:980 log_task_states INFO: Tasks in state States.memo_done: 0
1687792264.962842 2023-06-26 10:11:04 MainProcess-56063 MainThread-4561094144 parsl.dataflow.dflow:980 log_task_states INFO: Tasks in state States.joining: 0
1687792264.962999 2023-06-26 10:11:04 MainProcess-56063 MainThread-4561094144 parsl.dataflow.dflow:980 log_task_states INFO: Tasks in state States.running_ended: 0
1687792264.963070 2023-06-26 10:11:04 MainProcess-56063 MainThread-4561094144 parsl.dataflow.dflow:982 log_task_states INFO: End of summary
1687792264.964457 2023-06-26 10:11:04 MainProcess-56063 MainThread-4561094144 parsl.dataflow.dflow:1100 cleanup INFO: Closing flowcontrol
1687792264.966288 2023-06-26 10:11:04 MainProcess-56063 MainThread-4561094144 parsl.dataflow.dflow:1102 cleanup INFO: Terminated flow control
1687792264.966658 2023-06-26 10:11:04 MainProcess-56063 MainThread-4561094144 parsl.dataflow.dflow:1104 cleanup INFO: Scaling in and shutting down executors
1687792264.966925 2023-06-26 10:11:04 MainProcess-56063 MainThread-4561094144 parsl.dataflow.dflow:1119 cleanup INFO: Shutting down executor threads
1687792264.967024 2023-06-26 10:11:04 MainProcess-56063 MainThread-4561094144 parsl.executors.threads:105 shutdown DEBUG: Shutting down executor, which involves waiting for running tasks to complete
1687792264.967831 2023-06-26 10:11:04 MainProcess-56063 MainThread-4561094144 parsl.executors.threads:107 shutdown DEBUG: Done with executor shutdown
1687792264.968144 2023-06-26 10:11:04 MainProcess-56063 MainThread-4561094144 parsl.dataflow.dflow:1121 cleanup INFO: Shut down executor threads
1687792264.968433 2023-06-26 10:11:04 MainProcess-56063 MainThread-4561094144 parsl.dataflow.dflow:1119 cleanup INFO: Shutting down executor _parsl_internal
1687792264.968553 2023-06-26 10:11:04 MainProcess-56063 MainThread-4561094144 parsl.executors.threads:105 shutdown DEBUG: Shutting down executor, which involves waiting for running tasks to complete
1687792264.968625 2023-06-26 10:11:04 MainProcess-56063 MainThread-4561094144 parsl.executors.threads:107 shutdown DEBUG: Done with executor shutdown
1687792264.968686 2023-06-26 10:11:04 MainProcess-56063 MainThread-4561094144 parsl.dataflow.dflow:1121 cleanup INFO: Shut down executor _parsl_internal
1687792264.968743 2023-06-26 10:11:04 MainProcess-56063 MainThread-4561094144 parsl.dataflow.dflow:1127 cleanup INFO: Terminated executors
1687792264.969012 2023-06-26 10:11:04 MainProcess-56063 MainThread-4561094144 parsl.dataflow.dflow:1144 cleanup INFO: DFK cleanup complete
1687792264.969123 2023-06-26 10:11:04 MainProcess-56063 MainThread-4561094144 parsl.process_loggers:28 wrapped DEBUG: Normal ending for cleanup on thread MainThread
